[33mWARNING[0m:  [22-04-2024 19:42:39] chroma_server_nofile is not supported on Windows. chroma_server_nofile will not be set.
[32mINFO[0m:     [22-04-2024 19:42:40] Anonymized telemetry enabled. See                     https://docs.trychroma.com/telemetry for more information.
[36mDEBUG[0m:    [22-04-2024 19:42:40] Starting component System
[36mDEBUG[0m:    [22-04-2024 19:42:40] Starting component OpenTelemetryClient
[36mDEBUG[0m:    [22-04-2024 19:42:40] Starting component SimpleAssignmentPolicy
[36mDEBUG[0m:    [22-04-2024 19:42:40] Starting component SqliteDB
[36mDEBUG[0m:    [22-04-2024 19:42:40] Starting component QuotaEnforcer
[36mDEBUG[0m:    [22-04-2024 19:42:40] Starting component Posthog
[36mDEBUG[0m:    [22-04-2024 19:42:40] Starting component LocalSegmentManager
[36mDEBUG[0m:    [22-04-2024 19:42:40] Starting component SegmentAPI
[32mINFO[0m:     [22-04-2024 19:42:40] Started server process [[36m60164[0m]
[32mINFO[0m:     [22-04-2024 19:42:40] Waiting for application startup.
[32mINFO[0m:     [22-04-2024 19:42:40] Application startup complete.
[32mINFO[0m:     [22-04-2024 19:42:40] Uvicorn running on [1mhttp://localhost:8000[0m (Press CTRL+C to quit)
[32mINFO[0m:     [22-04-2024 19:43:05] Shutting down
[32mINFO[0m:     [22-04-2024 19:43:05] Waiting for application shutdown.
[36mDEBUG[0m:    [22-04-2024 19:43:05] Stopping component System
[36mDEBUG[0m:    [22-04-2024 19:43:05] Stopping component SegmentAPI
[36mDEBUG[0m:    [22-04-2024 19:43:05] Stopping component LocalSegmentManager
[36mDEBUG[0m:    [22-04-2024 19:43:05] Stopping component Posthog
[36mDEBUG[0m:    [22-04-2024 19:43:05] Stopping component QuotaEnforcer
[36mDEBUG[0m:    [22-04-2024 19:43:05] Stopping component SqliteDB
[36mDEBUG[0m:    [22-04-2024 19:43:05] Stopping component SimpleAssignmentPolicy
[36mDEBUG[0m:    [22-04-2024 19:43:05] Stopping component OpenTelemetryClient
[32mINFO[0m:     [22-04-2024 19:43:05] Application shutdown complete.
[32mINFO[0m:     [22-04-2024 19:43:05] Finished server process [[36m60164[0m]
[33mWARNING[0m:  [22-04-2024 19:43:24] chroma_server_nofile is not supported on Windows. chroma_server_nofile will not be set.
[32mINFO[0m:     [22-04-2024 19:43:24] Anonymized telemetry enabled. See                     https://docs.trychroma.com/telemetry for more information.
[36mDEBUG[0m:    [22-04-2024 19:43:24] Starting component System
[36mDEBUG[0m:    [22-04-2024 19:43:24] Starting component OpenTelemetryClient
[36mDEBUG[0m:    [22-04-2024 19:43:24] Starting component SimpleAssignmentPolicy
[36mDEBUG[0m:    [22-04-2024 19:43:24] Starting component SqliteDB
[36mDEBUG[0m:    [22-04-2024 19:43:24] Starting component QuotaEnforcer
[36mDEBUG[0m:    [22-04-2024 19:43:24] Starting component Posthog
[36mDEBUG[0m:    [22-04-2024 19:43:24] Starting component LocalSegmentManager
[36mDEBUG[0m:    [22-04-2024 19:43:24] Starting component SegmentAPI
[32mINFO[0m:     [22-04-2024 19:43:24] Started server process [[36m83912[0m]
[32mINFO[0m:     [22-04-2024 19:43:24] Waiting for application startup.
[32mINFO[0m:     [22-04-2024 19:43:24] Application startup complete.
[32mINFO[0m:     [22-04-2024 19:43:24] Uvicorn running on [1mhttp://localhost:8000[0m (Press CTRL+C to quit)
[32mINFO[0m:     [22-04-2024 19:43:44] ::1:50689 - "GET /api/v1/tenants/default_tenant HTTP/1.1" 200
[32mINFO[0m:     [22-04-2024 19:43:44] ::1:50689 - "GET /api/v1/databases/default_database?tenant=default_tenant HTTP/1.1" 200
[32mINFO[0m:     [22-04-2024 19:43:44] ::1:50690 - "POST /api/v1/collections?tenant=default_tenant&database=default_database HTTP/1.1" 200
[32mINFO[0m:     [22-04-2024 19:45:22] ::1:50839 - "GET /api/v1/tenants/default_tenant HTTP/1.1" 200
[32mINFO[0m:     [22-04-2024 19:45:22] ::1:50839 - "GET /api/v1/databases/default_database?tenant=default_tenant HTTP/1.1" 200
[31mERROR[0m:    [22-04-2024 19:45:22] Collection locations already exists
Traceback (most recent call last):
  File "C:\Users\kuskm\pixifind\env\lib\site-packages\anyio\streams\memory.py", line 97, in receive
    return self.receive_nowait()
  File "C:\Users\kuskm\pixifind\env\lib\site-packages\anyio\streams\memory.py", line 92, in receive_nowait
    raise WouldBlock
anyio.WouldBlock

During handling of the above exception, another exception occurred:

Traceback (most recent call last):
  File "C:\Users\kuskm\pixifind\env\lib\site-packages\starlette\middleware\base.py", line 159, in call_next
    message = await recv_stream.receive()
  File "C:\Users\kuskm\pixifind\env\lib\site-packages\anyio\streams\memory.py", line 112, in receive
    raise EndOfStream
anyio.EndOfStream

During handling of the above exception, another exception occurred:

Traceback (most recent call last):
  File "C:\Users\kuskm\pixifind\env\lib\site-packages\chromadb\server\fastapi\__init__.py", line 82, in catch_exceptions_middleware
    return await call_next(request)
  File "C:\Users\kuskm\pixifind\env\lib\site-packages\starlette\middleware\base.py", line 165, in call_next
    raise app_exc
  File "C:\Users\kuskm\pixifind\env\lib\site-packages\starlette\middleware\base.py", line 151, in coro
    await self.app(scope, receive_or_disconnect, send_no_error)
  File "C:\Users\kuskm\pixifind\env\lib\site-packages\starlette\middleware\base.py", line 189, in __call__
    with collapse_excgroups():
  File "C:\Program Files\WindowsApps\PythonSoftwareFoundation.Python.3.10_3.10.3056.0_x64__qbz5n2kfra8p0\lib\contextlib.py", line 153, in __exit__
    self.gen.throw(typ, value, traceback)
  File "C:\Users\kuskm\pixifind\env\lib\site-packages\starlette\_utils.py", line 93, in collapse_excgroups
    raise exc
  File "C:\Users\kuskm\pixifind\env\lib\site-packages\starlette\middleware\base.py", line 191, in __call__
    response = await self.dispatch_func(request, call_next)
  File "C:\Users\kuskm\pixifind\env\lib\site-packages\chromadb\server\fastapi\__init__.py", line 96, in check_http_version_middleware
    return await call_next(request)
  File "C:\Users\kuskm\pixifind\env\lib\site-packages\starlette\middleware\base.py", line 165, in call_next
    raise app_exc
  File "C:\Users\kuskm\pixifind\env\lib\site-packages\starlette\middleware\base.py", line 151, in coro
    await self.app(scope, receive_or_disconnect, send_no_error)
  File "C:\Users\kuskm\pixifind\env\lib\site-packages\starlette\middleware\exceptions.py", line 65, in __call__
    await wrap_app_handling_exceptions(self.app, conn)(scope, receive, send)
  File "C:\Users\kuskm\pixifind\env\lib\site-packages\starlette\_exception_handler.py", line 64, in wrapped_app
    raise exc
  File "C:\Users\kuskm\pixifind\env\lib\site-packages\starlette\_exception_handler.py", line 53, in wrapped_app
    await app(scope, receive, sender)
  File "C:\Users\kuskm\pixifind\env\lib\site-packages\starlette\routing.py", line 756, in __call__
    await self.middleware_stack(scope, receive, send)
  File "C:\Users\kuskm\pixifind\env\lib\site-packages\starlette\routing.py", line 776, in app
    await route.handle(scope, receive, send)
  File "C:\Users\kuskm\pixifind\env\lib\site-packages\starlette\routing.py", line 297, in handle
    await self.app(scope, receive, send)
  File "C:\Users\kuskm\pixifind\env\lib\site-packages\starlette\routing.py", line 77, in app
    await wrap_app_handling_exceptions(app, request)(scope, receive, send)
  File "C:\Users\kuskm\pixifind\env\lib\site-packages\starlette\_exception_handler.py", line 64, in wrapped_app
    raise exc
  File "C:\Users\kuskm\pixifind\env\lib\site-packages\starlette\_exception_handler.py", line 53, in wrapped_app
    await app(scope, receive, sender)
  File "C:\Users\kuskm\pixifind\env\lib\site-packages\starlette\routing.py", line 72, in app
    response = await func(request)
  File "C:\Users\kuskm\pixifind\env\lib\site-packages\fastapi\routing.py", line 278, in app
    raw_response = await run_endpoint_function(
  File "C:\Users\kuskm\pixifind\env\lib\site-packages\fastapi\routing.py", line 193, in run_endpoint_function
    return await run_in_threadpool(dependant.call, **values)
  File "C:\Users\kuskm\pixifind\env\lib\site-packages\starlette\concurrency.py", line 42, in run_in_threadpool
    return await anyio.to_thread.run_sync(func, *args)
  File "C:\Users\kuskm\pixifind\env\lib\site-packages\anyio\to_thread.py", line 56, in run_sync
    return await get_async_backend().run_sync_in_worker_thread(
  File "C:\Users\kuskm\pixifind\env\lib\site-packages\anyio\_backends\_asyncio.py", line 2144, in run_sync_in_worker_thread
    return await future
  File "C:\Users\kuskm\pixifind\env\lib\site-packages\anyio\_backends\_asyncio.py", line 851, in run
    result = context.run(func, *args)
  File "C:\Users\kuskm\pixifind\env\lib\site-packages\chromadb\telemetry\opentelemetry\__init__.py", line 127, in wrapper
    return f(*args, **kwargs)
  File "C:\Users\kuskm\pixifind\env\lib\site-packages\chromadb\auth\fastapi.py", line 241, in wrapped
    return f(*args, **kwargs)
  File "C:\Users\kuskm\pixifind\env\lib\site-packages\chromadb\server\fastapi\__init__.py", line 415, in create_collection
    return self._api.create_collection(
  File "C:\Users\kuskm\pixifind\env\lib\site-packages\chromadb\telemetry\opentelemetry\__init__.py", line 127, in wrapper
    return f(*args, **kwargs)
  File "C:\Users\kuskm\pixifind\env\lib\site-packages\chromadb\api\segment.py", line 167, in create_collection
    coll, created = self._sysdb.create_collection(
  File "C:\Users\kuskm\pixifind\env\lib\site-packages\chromadb\telemetry\opentelemetry\__init__.py", line 127, in wrapper
    return f(*args, **kwargs)
  File "C:\Users\kuskm\pixifind\env\lib\site-packages\chromadb\db\mixins\sysdb.py", line 225, in create_collection
    raise UniqueConstraintError(f"Collection {name} already exists")
chromadb.db.base.UniqueConstraintError: Collection locations already exists
[32mINFO[0m:     [22-04-2024 19:45:22] ::1:50840 - "POST /api/v1/collections?tenant=default_tenant&database=default_database HTTP/1.1" 500
[32mINFO[0m:     [22-04-2024 19:45:47] ::1:50874 - "GET /api/v1/tenants/default_tenant HTTP/1.1" 200
[32mINFO[0m:     [22-04-2024 19:45:47] ::1:50874 - "GET /api/v1/databases/default_database?tenant=default_tenant HTTP/1.1" 200
[32mINFO[0m:     [22-04-2024 19:46:12] ::1:50913 - "GET /api/v1/tenants/default_tenant HTTP/1.1" 200
[32mINFO[0m:     [22-04-2024 19:46:12] ::1:50913 - "GET /api/v1/databases/default_database?tenant=default_tenant HTTP/1.1" 200
[32mINFO[0m:     [22-04-2024 19:46:12] ::1:50914 - "GET /api/v1/collections/locations?tenant=default_tenant&database=default_database HTTP/1.1" 200
[32mINFO[0m:     [22-04-2024 19:48:20] ::1:51086 - "GET /api/v1/pre-flight-checks HTTP/1.1" 200
[36mDEBUG[0m:    [22-04-2024 19:48:20] Starting component PersistentLocalHnswSegment
[32mINFO[0m:     [22-04-2024 19:48:20] ::1:51086 - "POST /api/v1/collections/2fb96f5e-d9b1-4247-b212-5757c77fecab/add HTTP/1.1" 201
[32mINFO[0m:     [22-04-2024 19:48:20] ::1:51086 - "POST /api/v1/collections/2fb96f5e-d9b1-4247-b212-5757c77fecab/query HTTP/1.1" 200
[32mINFO[0m:     [22-04-2024 19:49:25] ::1:51179 - "GET /api/v1/tenants/default_tenant HTTP/1.1" 200
[32mINFO[0m:     [22-04-2024 19:49:25] ::1:51179 - "GET /api/v1/databases/default_database?tenant=default_tenant HTTP/1.1" 200
[32mINFO[0m:     [22-04-2024 19:49:25] ::1:51180 - "GET /api/v1/collections/locations?tenant=default_tenant&database=default_database HTTP/1.1" 200
[32mINFO[0m:     [22-04-2024 19:49:27] ::1:51180 - "GET /api/v1/pre-flight-checks HTTP/1.1" 200
[33mWARNING[0m:  [22-04-2024 19:49:27] Insert of existing embedding ID: 1
[33mWARNING[0m:  [22-04-2024 19:49:27] Insert of existing embedding ID: 2
[33mWARNING[0m:  [22-04-2024 19:49:27] Insert of existing embedding ID: 3
[33mWARNING[0m:  [22-04-2024 19:49:27] Insert of existing embedding ID: 4
[33mWARNING[0m:  [22-04-2024 19:49:27] Insert of existing embedding ID: 5
[33mWARNING[0m:  [22-04-2024 19:49:27] Insert of existing embedding ID: 6
[33mWARNING[0m:  [22-04-2024 19:49:27] Insert of existing embedding ID: 7
[33mWARNING[0m:  [22-04-2024 19:49:27] Insert of existing embedding ID: 8
[33mWARNING[0m:  [22-04-2024 19:49:27] Insert of existing embedding ID: 9
[33mWARNING[0m:  [22-04-2024 19:49:27] Insert of existing embedding ID: 10
[33mWARNING[0m:  [22-04-2024 19:49:27] Insert of existing embedding ID: 11
[33mWARNING[0m:  [22-04-2024 19:49:27] Insert of existing embedding ID: 12
[33mWARNING[0m:  [22-04-2024 19:49:27] Insert of existing embedding ID: 13
[33mWARNING[0m:  [22-04-2024 19:49:27] Insert of existing embedding ID: 14
[33mWARNING[0m:  [22-04-2024 19:49:27] Insert of existing embedding ID: 15
[33mWARNING[0m:  [22-04-2024 19:49:27] Insert of existing embedding ID: 16
[33mWARNING[0m:  [22-04-2024 19:49:27] Insert of existing embedding ID: 17
[33mWARNING[0m:  [22-04-2024 19:49:27] Insert of existing embedding ID: 18
[33mWARNING[0m:  [22-04-2024 19:49:27] Insert of existing embedding ID: 19
[33mWARNING[0m:  [22-04-2024 19:49:27] Insert of existing embedding ID: 20
[33mWARNING[0m:  [22-04-2024 19:49:27] Insert of existing embedding ID: 21
[33mWARNING[0m:  [22-04-2024 19:49:27] Insert of existing embedding ID: 22
[33mWARNING[0m:  [22-04-2024 19:49:27] Insert of existing embedding ID: 23
[33mWARNING[0m:  [22-04-2024 19:49:27] Insert of existing embedding ID: 24
[33mWARNING[0m:  [22-04-2024 19:49:27] Insert of existing embedding ID: 25
[33mWARNING[0m:  [22-04-2024 19:49:27] Insert of existing embedding ID: 26
[33mWARNING[0m:  [22-04-2024 19:49:27] Insert of existing embedding ID: 27
[33mWARNING[0m:  [22-04-2024 19:49:27] Insert of existing embedding ID: 28
[33mWARNING[0m:  [22-04-2024 19:49:27] Insert of existing embedding ID: 29
[33mWARNING[0m:  [22-04-2024 19:49:27] Insert of existing embedding ID: 30
[33mWARNING[0m:  [22-04-2024 19:49:27] Insert of existing embedding ID: 31
[33mWARNING[0m:  [22-04-2024 19:49:27] Insert of existing embedding ID: 32
[33mWARNING[0m:  [22-04-2024 19:49:27] Insert of existing embedding ID: 33
[33mWARNING[0m:  [22-04-2024 19:49:27] Add of existing embedding ID: 1
[33mWARNING[0m:  [22-04-2024 19:49:27] Add of existing embedding ID: 2
[33mWARNING[0m:  [22-04-2024 19:49:27] Add of existing embedding ID: 3
[33mWARNING[0m:  [22-04-2024 19:49:27] Add of existing embedding ID: 4
[33mWARNING[0m:  [22-04-2024 19:49:27] Add of existing embedding ID: 5
[33mWARNING[0m:  [22-04-2024 19:49:27] Add of existing embedding ID: 6
[33mWARNING[0m:  [22-04-2024 19:49:27] Add of existing embedding ID: 7
[33mWARNING[0m:  [22-04-2024 19:49:27] Add of existing embedding ID: 8
[33mWARNING[0m:  [22-04-2024 19:49:27] Add of existing embedding ID: 9
[33mWARNING[0m:  [22-04-2024 19:49:27] Add of existing embedding ID: 10
[33mWARNING[0m:  [22-04-2024 19:49:27] Add of existing embedding ID: 11
[33mWARNING[0m:  [22-04-2024 19:49:27] Add of existing embedding ID: 12
[33mWARNING[0m:  [22-04-2024 19:49:27] Add of existing embedding ID: 13
[33mWARNING[0m:  [22-04-2024 19:49:27] Add of existing embedding ID: 14
[33mWARNING[0m:  [22-04-2024 19:49:27] Add of existing embedding ID: 15
[33mWARNING[0m:  [22-04-2024 19:49:27] Add of existing embedding ID: 16
[33mWARNING[0m:  [22-04-2024 19:49:27] Add of existing embedding ID: 17
[33mWARNING[0m:  [22-04-2024 19:49:27] Add of existing embedding ID: 18
[33mWARNING[0m:  [22-04-2024 19:49:27] Add of existing embedding ID: 19
[33mWARNING[0m:  [22-04-2024 19:49:27] Add of existing embedding ID: 20
[33mWARNING[0m:  [22-04-2024 19:49:27] Add of existing embedding ID: 21
[33mWARNING[0m:  [22-04-2024 19:49:27] Add of existing embedding ID: 22
[33mWARNING[0m:  [22-04-2024 19:49:27] Add of existing embedding ID: 23
[33mWARNING[0m:  [22-04-2024 19:49:27] Add of existing embedding ID: 24
[33mWARNING[0m:  [22-04-2024 19:49:27] Add of existing embedding ID: 25
[33mWARNING[0m:  [22-04-2024 19:49:27] Add of existing embedding ID: 26
[33mWARNING[0m:  [22-04-2024 19:49:27] Add of existing embedding ID: 27
[33mWARNING[0m:  [22-04-2024 19:49:27] Add of existing embedding ID: 28
[33mWARNING[0m:  [22-04-2024 19:49:27] Add of existing embedding ID: 29
[33mWARNING[0m:  [22-04-2024 19:49:27] Add of existing embedding ID: 30
[33mWARNING[0m:  [22-04-2024 19:49:27] Add of existing embedding ID: 31
[33mWARNING[0m:  [22-04-2024 19:49:27] Add of existing embedding ID: 32
[33mWARNING[0m:  [22-04-2024 19:49:27] Add of existing embedding ID: 33
[32mINFO[0m:     [22-04-2024 19:49:27] ::1:51180 - "POST /api/v1/collections/2fb96f5e-d9b1-4247-b212-5757c77fecab/add HTTP/1.1" 201
[32mINFO[0m:     [22-04-2024 19:49:27] ::1:51180 - "POST /api/v1/collections/2fb96f5e-d9b1-4247-b212-5757c77fecab/query HTTP/1.1" 200
[32mINFO[0m:     [22-04-2024 19:50:18] ::1:51245 - "GET /api/v1/tenants/default_tenant HTTP/1.1" 200
[32mINFO[0m:     [22-04-2024 19:50:18] ::1:51245 - "GET /api/v1/databases/default_database?tenant=default_tenant HTTP/1.1" 200
[32mINFO[0m:     [22-04-2024 19:50:18] ::1:51246 - "DELETE /api/v1/collections/locations?tenant=default_tenant&database=default_database HTTP/1.1" 200
[32mINFO[0m:     [22-04-2024 19:52:04] ::1:51388 - "GET /api/v1/tenants/default_tenant HTTP/1.1" 200
[32mINFO[0m:     [22-04-2024 19:52:04] ::1:51388 - "GET /api/v1/databases/default_database?tenant=default_tenant HTTP/1.1" 200
[32mINFO[0m:     [22-04-2024 19:52:49] ::1:51459 - "POST /api/v1/collections?tenant=default_tenant&database=default_database HTTP/1.1" 200
[32mINFO[0m:     [22-04-2024 19:52:51] ::1:51459 - "GET /api/v1/pre-flight-checks HTTP/1.1" 200
[36mDEBUG[0m:    [22-04-2024 19:52:51] Starting component PersistentLocalHnswSegment
[32mINFO[0m:     [22-04-2024 19:52:51] ::1:51459 - "POST /api/v1/collections/6e72f47d-ebb7-44cb-9053-3afc7c91118e/add HTTP/1.1" 201
[32mINFO[0m:     [22-04-2024 19:52:51] ::1:51459 - "POST /api/v1/collections/6e72f47d-ebb7-44cb-9053-3afc7c91118e/query HTTP/1.1" 200
[32mINFO[0m:     [22-04-2024 19:54:38] ::1:51598 - "GET /api/v1/tenants/default_tenant HTTP/1.1" 200
[32mINFO[0m:     [22-04-2024 19:54:38] ::1:51598 - "GET /api/v1/databases/default_database?tenant=default_tenant HTTP/1.1" 200
[32mINFO[0m:     [22-04-2024 19:54:44] ::1:51610 - "GET /api/v1/collections/locations?tenant=default_tenant&database=default_database HTTP/1.1" 200
[32mINFO[0m:     [22-04-2024 19:54:46] ::1:51610 - "GET /api/v1/pre-flight-checks HTTP/1.1" 200
[33mWARNING[0m:  [22-04-2024 19:54:46] Add of existing embedding ID: 1
[33mWARNING[0m:  [22-04-2024 19:54:46] Add of existing embedding ID: 2
[33mWARNING[0m:  [22-04-2024 19:54:46] Add of existing embedding ID: 3
[33mWARNING[0m:  [22-04-2024 19:54:46] Add of existing embedding ID: 4
[33mWARNING[0m:  [22-04-2024 19:54:46] Add of existing embedding ID: 5
[33mWARNING[0m:  [22-04-2024 19:54:46] Add of existing embedding ID: 6
[33mWARNING[0m:  [22-04-2024 19:54:46] Add of existing embedding ID: 7
[33mWARNING[0m:  [22-04-2024 19:54:46] Add of existing embedding ID: 8
[33mWARNING[0m:  [22-04-2024 19:54:46] Add of existing embedding ID: 9
[33mWARNING[0m:  [22-04-2024 19:54:46] Add of existing embedding ID: 10
[33mWARNING[0m:  [22-04-2024 19:54:46] Add of existing embedding ID: 11
[33mWARNING[0m:  [22-04-2024 19:54:46] Add of existing embedding ID: 12
[33mWARNING[0m:  [22-04-2024 19:54:46] Add of existing embedding ID: 13
[33mWARNING[0m:  [22-04-2024 19:54:46] Add of existing embedding ID: 14
[33mWARNING[0m:  [22-04-2024 19:54:46] Add of existing embedding ID: 15
[33mWARNING[0m:  [22-04-2024 19:54:46] Add of existing embedding ID: 16
[33mWARNING[0m:  [22-04-2024 19:54:46] Add of existing embedding ID: 17
[33mWARNING[0m:  [22-04-2024 19:54:46] Add of existing embedding ID: 18
[33mWARNING[0m:  [22-04-2024 19:54:46] Add of existing embedding ID: 19
[33mWARNING[0m:  [22-04-2024 19:54:46] Add of existing embedding ID: 20
[33mWARNING[0m:  [22-04-2024 19:54:46] Add of existing embedding ID: 21
[33mWARNING[0m:  [22-04-2024 19:54:46] Add of existing embedding ID: 22
[33mWARNING[0m:  [22-04-2024 19:54:46] Add of existing embedding ID: 23
[33mWARNING[0m:  [22-04-2024 19:54:46] Add of existing embedding ID: 24
[33mWARNING[0m:  [22-04-2024 19:54:46] Add of existing embedding ID: 25
[33mWARNING[0m:  [22-04-2024 19:54:46] Add of existing embedding ID: 26
[33mWARNING[0m:  [22-04-2024 19:54:46] Add of existing embedding ID: 27
[33mWARNING[0m:  [22-04-2024 19:54:46] Add of existing embedding ID: 28
[33mWARNING[0m:  [22-04-2024 19:54:46] Add of existing embedding ID: 29
[33mWARNING[0m:  [22-04-2024 19:54:46] Add of existing embedding ID: 30
[33mWARNING[0m:  [22-04-2024 19:54:46] Add of existing embedding ID: 31
[33mWARNING[0m:  [22-04-2024 19:54:46] Add of existing embedding ID: 32
[33mWARNING[0m:  [22-04-2024 19:54:46] Add of existing embedding ID: 33
[33mWARNING[0m:  [22-04-2024 19:54:46] Insert of existing embedding ID: 1
[33mWARNING[0m:  [22-04-2024 19:54:46] Insert of existing embedding ID: 2
[33mWARNING[0m:  [22-04-2024 19:54:46] Insert of existing embedding ID: 3
[33mWARNING[0m:  [22-04-2024 19:54:46] Insert of existing embedding ID: 4
[33mWARNING[0m:  [22-04-2024 19:54:46] Insert of existing embedding ID: 5
[33mWARNING[0m:  [22-04-2024 19:54:46] Insert of existing embedding ID: 6
[33mWARNING[0m:  [22-04-2024 19:54:46] Insert of existing embedding ID: 7
[33mWARNING[0m:  [22-04-2024 19:54:46] Insert of existing embedding ID: 8
[33mWARNING[0m:  [22-04-2024 19:54:46] Insert of existing embedding ID: 9
[33mWARNING[0m:  [22-04-2024 19:54:46] Insert of existing embedding ID: 10
[33mWARNING[0m:  [22-04-2024 19:54:46] Insert of existing embedding ID: 11
[33mWARNING[0m:  [22-04-2024 19:54:46] Insert of existing embedding ID: 12
[33mWARNING[0m:  [22-04-2024 19:54:46] Insert of existing embedding ID: 13
[33mWARNING[0m:  [22-04-2024 19:54:46] Insert of existing embedding ID: 14
[33mWARNING[0m:  [22-04-2024 19:54:46] Insert of existing embedding ID: 15
[33mWARNING[0m:  [22-04-2024 19:54:46] Insert of existing embedding ID: 16
[33mWARNING[0m:  [22-04-2024 19:54:46] Insert of existing embedding ID: 17
[33mWARNING[0m:  [22-04-2024 19:54:46] Insert of existing embedding ID: 18
[33mWARNING[0m:  [22-04-2024 19:54:46] Insert of existing embedding ID: 19
[33mWARNING[0m:  [22-04-2024 19:54:46] Insert of existing embedding ID: 20
[33mWARNING[0m:  [22-04-2024 19:54:46] Insert of existing embedding ID: 21
[33mWARNING[0m:  [22-04-2024 19:54:46] Insert of existing embedding ID: 22
[33mWARNING[0m:  [22-04-2024 19:54:46] Insert of existing embedding ID: 23
[33mWARNING[0m:  [22-04-2024 19:54:46] Insert of existing embedding ID: 24
[33mWARNING[0m:  [22-04-2024 19:54:46] Insert of existing embedding ID: 25
[33mWARNING[0m:  [22-04-2024 19:54:46] Insert of existing embedding ID: 26
[33mWARNING[0m:  [22-04-2024 19:54:46] Insert of existing embedding ID: 27
[33mWARNING[0m:  [22-04-2024 19:54:46] Insert of existing embedding ID: 28
[33mWARNING[0m:  [22-04-2024 19:54:46] Insert of existing embedding ID: 29
[33mWARNING[0m:  [22-04-2024 19:54:46] Insert of existing embedding ID: 30
[33mWARNING[0m:  [22-04-2024 19:54:46] Insert of existing embedding ID: 31
[33mWARNING[0m:  [22-04-2024 19:54:46] Insert of existing embedding ID: 32
[33mWARNING[0m:  [22-04-2024 19:54:46] Insert of existing embedding ID: 33
[32mINFO[0m:     [22-04-2024 19:54:46] ::1:51610 - "POST /api/v1/collections/6e72f47d-ebb7-44cb-9053-3afc7c91118e/add HTTP/1.1" 201
[32mINFO[0m:     [22-04-2024 19:54:46] ::1:51610 - "POST /api/v1/collections/6e72f47d-ebb7-44cb-9053-3afc7c91118e/query HTTP/1.1" 200
[32mINFO[0m:     [22-04-2024 21:03:40] ::1:56881 - "GET /api/v1/tenants/default_tenant HTTP/1.1" 200
[32mINFO[0m:     [22-04-2024 21:03:40] ::1:56881 - "GET /api/v1/databases/default_database?tenant=default_tenant HTTP/1.1" 200
[32mINFO[0m:     [22-04-2024 21:03:49] ::1:56893 - "GET /api/v1/collections/locations?tenant=default_tenant&database=default_database HTTP/1.1" 200
[32mINFO[0m:     [22-04-2024 21:03:51] ::1:56893 - "GET /api/v1/pre-flight-checks HTTP/1.1" 200
[33mWARNING[0m:  [22-04-2024 21:03:51] Add of existing embedding ID: 1
[33mWARNING[0m:  [22-04-2024 21:03:51] Add of existing embedding ID: 2
[33mWARNING[0m:  [22-04-2024 21:03:51] Add of existing embedding ID: 3
[33mWARNING[0m:  [22-04-2024 21:03:51] Add of existing embedding ID: 4
[33mWARNING[0m:  [22-04-2024 21:03:51] Add of existing embedding ID: 5
[33mWARNING[0m:  [22-04-2024 21:03:51] Add of existing embedding ID: 6
[33mWARNING[0m:  [22-04-2024 21:03:51] Add of existing embedding ID: 7
[33mWARNING[0m:  [22-04-2024 21:03:51] Add of existing embedding ID: 8
[33mWARNING[0m:  [22-04-2024 21:03:51] Add of existing embedding ID: 9
[33mWARNING[0m:  [22-04-2024 21:03:51] Add of existing embedding ID: 10
[33mWARNING[0m:  [22-04-2024 21:03:51] Add of existing embedding ID: 11
[33mWARNING[0m:  [22-04-2024 21:03:51] Add of existing embedding ID: 12
[33mWARNING[0m:  [22-04-2024 21:03:51] Add of existing embedding ID: 13
[33mWARNING[0m:  [22-04-2024 21:03:51] Add of existing embedding ID: 14
[33mWARNING[0m:  [22-04-2024 21:03:51] Add of existing embedding ID: 15
[33mWARNING[0m:  [22-04-2024 21:03:51] Add of existing embedding ID: 16
[33mWARNING[0m:  [22-04-2024 21:03:51] Add of existing embedding ID: 17
[33mWARNING[0m:  [22-04-2024 21:03:51] Add of existing embedding ID: 18
[33mWARNING[0m:  [22-04-2024 21:03:51] Add of existing embedding ID: 19
[33mWARNING[0m:  [22-04-2024 21:03:51] Add of existing embedding ID: 20
[33mWARNING[0m:  [22-04-2024 21:03:51] Add of existing embedding ID: 21
[33mWARNING[0m:  [22-04-2024 21:03:51] Add of existing embedding ID: 22
[33mWARNING[0m:  [22-04-2024 21:03:51] Add of existing embedding ID: 23
[33mWARNING[0m:  [22-04-2024 21:03:51] Add of existing embedding ID: 24
[33mWARNING[0m:  [22-04-2024 21:03:51] Add of existing embedding ID: 25
[33mWARNING[0m:  [22-04-2024 21:03:51] Add of existing embedding ID: 26
[33mWARNING[0m:  [22-04-2024 21:03:51] Add of existing embedding ID: 27
[33mWARNING[0m:  [22-04-2024 21:03:51] Add of existing embedding ID: 28
[33mWARNING[0m:  [22-04-2024 21:03:51] Add of existing embedding ID: 29
[33mWARNING[0m:  [22-04-2024 21:03:51] Add of existing embedding ID: 30
[33mWARNING[0m:  [22-04-2024 21:03:51] Add of existing embedding ID: 31
[33mWARNING[0m:  [22-04-2024 21:03:51] Add of existing embedding ID: 32
[33mWARNING[0m:  [22-04-2024 21:03:51] Add of existing embedding ID: 33
[33mWARNING[0m:  [22-04-2024 21:03:51] Insert of existing embedding ID: 1
[33mWARNING[0m:  [22-04-2024 21:03:51] Insert of existing embedding ID: 2
[33mWARNING[0m:  [22-04-2024 21:03:51] Insert of existing embedding ID: 3
[33mWARNING[0m:  [22-04-2024 21:03:51] Insert of existing embedding ID: 4
[33mWARNING[0m:  [22-04-2024 21:03:51] Insert of existing embedding ID: 5
[33mWARNING[0m:  [22-04-2024 21:03:51] Insert of existing embedding ID: 6
[33mWARNING[0m:  [22-04-2024 21:03:51] Insert of existing embedding ID: 7
[33mWARNING[0m:  [22-04-2024 21:03:51] Insert of existing embedding ID: 8
[33mWARNING[0m:  [22-04-2024 21:03:51] Insert of existing embedding ID: 9
[33mWARNING[0m:  [22-04-2024 21:03:51] Insert of existing embedding ID: 10
[33mWARNING[0m:  [22-04-2024 21:03:51] Insert of existing embedding ID: 11
[33mWARNING[0m:  [22-04-2024 21:03:51] Insert of existing embedding ID: 12
[33mWARNING[0m:  [22-04-2024 21:03:51] Insert of existing embedding ID: 13
[33mWARNING[0m:  [22-04-2024 21:03:51] Insert of existing embedding ID: 14
[33mWARNING[0m:  [22-04-2024 21:03:51] Insert of existing embedding ID: 15
[33mWARNING[0m:  [22-04-2024 21:03:51] Insert of existing embedding ID: 16
[33mWARNING[0m:  [22-04-2024 21:03:51] Insert of existing embedding ID: 17
[33mWARNING[0m:  [22-04-2024 21:03:51] Insert of existing embedding ID: 18
[33mWARNING[0m:  [22-04-2024 21:03:51] Insert of existing embedding ID: 19
[33mWARNING[0m:  [22-04-2024 21:03:51] Insert of existing embedding ID: 20
[33mWARNING[0m:  [22-04-2024 21:03:51] Insert of existing embedding ID: 21
[33mWARNING[0m:  [22-04-2024 21:03:51] Insert of existing embedding ID: 22
[33mWARNING[0m:  [22-04-2024 21:03:51] Insert of existing embedding ID: 23
[33mWARNING[0m:  [22-04-2024 21:03:51] Insert of existing embedding ID: 24
[33mWARNING[0m:  [22-04-2024 21:03:51] Insert of existing embedding ID: 25
[33mWARNING[0m:  [22-04-2024 21:03:51] Insert of existing embedding ID: 26
[33mWARNING[0m:  [22-04-2024 21:03:51] Insert of existing embedding ID: 27
[33mWARNING[0m:  [22-04-2024 21:03:51] Insert of existing embedding ID: 28
[33mWARNING[0m:  [22-04-2024 21:03:51] Insert of existing embedding ID: 29
[33mWARNING[0m:  [22-04-2024 21:03:51] Insert of existing embedding ID: 30
[33mWARNING[0m:  [22-04-2024 21:03:51] Insert of existing embedding ID: 31
[33mWARNING[0m:  [22-04-2024 21:03:51] Insert of existing embedding ID: 32
[33mWARNING[0m:  [22-04-2024 21:03:51] Insert of existing embedding ID: 33
[32mINFO[0m:     [22-04-2024 21:03:51] ::1:56893 - "POST /api/v1/collections/6e72f47d-ebb7-44cb-9053-3afc7c91118e/add HTTP/1.1" 201
[32mINFO[0m:     [22-04-2024 21:03:52] ::1:56893 - "POST /api/v1/collections/6e72f47d-ebb7-44cb-9053-3afc7c91118e/query HTTP/1.1" 200
[32mINFO[0m:     [22-04-2024 21:11:01] ::1:57520 - "GET /api/v1/tenants/default_tenant HTTP/1.1" 200
[32mINFO[0m:     [22-04-2024 21:11:01] ::1:57520 - "GET /api/v1/databases/default_database?tenant=default_tenant HTTP/1.1" 200
[32mINFO[0m:     [22-04-2024 21:11:01] ::1:57521 - "DELETE /api/v1/collections/locations?tenant=default_tenant&database=default_database HTTP/1.1" 200
[32mINFO[0m:     [22-04-2024 21:11:16] ::1:57545 - "GET /api/v1/tenants/default_tenant HTTP/1.1" 200
[32mINFO[0m:     [22-04-2024 21:11:16] ::1:57545 - "GET /api/v1/databases/default_database?tenant=default_tenant HTTP/1.1" 200
[32mINFO[0m:     [22-04-2024 21:11:16] ::1:57546 - "POST /api/v1/collections?tenant=default_tenant&database=default_database HTTP/1.1" 200
[32mINFO[0m:     [22-04-2024 21:11:18] ::1:57546 - "GET /api/v1/pre-flight-checks HTTP/1.1" 200
[36mDEBUG[0m:    [22-04-2024 21:11:18] Starting component PersistentLocalHnswSegment
[32mINFO[0m:     [22-04-2024 21:11:18] ::1:57546 - "POST /api/v1/collections/a08b7802-8ada-46a9-9f98-5d3ed813cef9/add HTTP/1.1" 201
[32mINFO[0m:     [22-04-2024 21:11:18] ::1:57546 - "POST /api/v1/collections/a08b7802-8ada-46a9-9f98-5d3ed813cef9/query HTTP/1.1" 200
[32mINFO[0m:     [22-04-2024 21:15:01] ::1:57860 - "GET /api/v1/tenants/default_tenant HTTP/1.1" 200
[32mINFO[0m:     [22-04-2024 21:15:01] ::1:57860 - "GET /api/v1/databases/default_database?tenant=default_tenant HTTP/1.1" 200
[32mINFO[0m:     [22-04-2024 21:15:01] ::1:57861 - "GET /api/v1/collections/locations?tenant=default_tenant&database=default_database HTTP/1.1" 200
[32mINFO[0m:     [22-04-2024 21:15:02] ::1:57861 - "GET /api/v1/pre-flight-checks HTTP/1.1" 200
[33mWARNING[0m:  [22-04-2024 21:15:02] Add of existing embedding ID: 1
[33mWARNING[0m:  [22-04-2024 21:15:02] Add of existing embedding ID: 2
[33mWARNING[0m:  [22-04-2024 21:15:02] Add of existing embedding ID: 3
[33mWARNING[0m:  [22-04-2024 21:15:02] Add of existing embedding ID: 4
[33mWARNING[0m:  [22-04-2024 21:15:02] Add of existing embedding ID: 5
[33mWARNING[0m:  [22-04-2024 21:15:02] Add of existing embedding ID: 6
[33mWARNING[0m:  [22-04-2024 21:15:02] Add of existing embedding ID: 7
[33mWARNING[0m:  [22-04-2024 21:15:02] Add of existing embedding ID: 8
[33mWARNING[0m:  [22-04-2024 21:15:02] Add of existing embedding ID: 9
[33mWARNING[0m:  [22-04-2024 21:15:02] Add of existing embedding ID: 10
[33mWARNING[0m:  [22-04-2024 21:15:02] Add of existing embedding ID: 11
[33mWARNING[0m:  [22-04-2024 21:15:02] Add of existing embedding ID: 12
[33mWARNING[0m:  [22-04-2024 21:15:02] Add of existing embedding ID: 13
[33mWARNING[0m:  [22-04-2024 21:15:02] Add of existing embedding ID: 14
[33mWARNING[0m:  [22-04-2024 21:15:02] Add of existing embedding ID: 15
[33mWARNING[0m:  [22-04-2024 21:15:02] Add of existing embedding ID: 16
[33mWARNING[0m:  [22-04-2024 21:15:02] Add of existing embedding ID: 17
[33mWARNING[0m:  [22-04-2024 21:15:02] Add of existing embedding ID: 18
[33mWARNING[0m:  [22-04-2024 21:15:02] Add of existing embedding ID: 19
[33mWARNING[0m:  [22-04-2024 21:15:02] Add of existing embedding ID: 20
[33mWARNING[0m:  [22-04-2024 21:15:02] Add of existing embedding ID: 21
[33mWARNING[0m:  [22-04-2024 21:15:02] Add of existing embedding ID: 22
[33mWARNING[0m:  [22-04-2024 21:15:02] Add of existing embedding ID: 23
[33mWARNING[0m:  [22-04-2024 21:15:02] Add of existing embedding ID: 24
[33mWARNING[0m:  [22-04-2024 21:15:02] Add of existing embedding ID: 25
[33mWARNING[0m:  [22-04-2024 21:15:02] Add of existing embedding ID: 26
[33mWARNING[0m:  [22-04-2024 21:15:02] Add of existing embedding ID: 27
[33mWARNING[0m:  [22-04-2024 21:15:02] Add of existing embedding ID: 28
[33mWARNING[0m:  [22-04-2024 21:15:02] Add of existing embedding ID: 29
[33mWARNING[0m:  [22-04-2024 21:15:02] Add of existing embedding ID: 30
[33mWARNING[0m:  [22-04-2024 21:15:02] Add of existing embedding ID: 31
[33mWARNING[0m:  [22-04-2024 21:15:02] Add of existing embedding ID: 32
[33mWARNING[0m:  [22-04-2024 21:15:02] Add of existing embedding ID: 33
[33mWARNING[0m:  [22-04-2024 21:15:02] Insert of existing embedding ID: 1
[33mWARNING[0m:  [22-04-2024 21:15:02] Insert of existing embedding ID: 2
[33mWARNING[0m:  [22-04-2024 21:15:02] Insert of existing embedding ID: 3
[33mWARNING[0m:  [22-04-2024 21:15:02] Insert of existing embedding ID: 4
[33mWARNING[0m:  [22-04-2024 21:15:02] Insert of existing embedding ID: 5
[33mWARNING[0m:  [22-04-2024 21:15:02] Insert of existing embedding ID: 6
[33mWARNING[0m:  [22-04-2024 21:15:02] Insert of existing embedding ID: 7
[33mWARNING[0m:  [22-04-2024 21:15:02] Insert of existing embedding ID: 8
[33mWARNING[0m:  [22-04-2024 21:15:02] Insert of existing embedding ID: 9
[33mWARNING[0m:  [22-04-2024 21:15:02] Insert of existing embedding ID: 10
[33mWARNING[0m:  [22-04-2024 21:15:02] Insert of existing embedding ID: 11
[33mWARNING[0m:  [22-04-2024 21:15:02] Insert of existing embedding ID: 12
[33mWARNING[0m:  [22-04-2024 21:15:02] Insert of existing embedding ID: 13
[33mWARNING[0m:  [22-04-2024 21:15:02] Insert of existing embedding ID: 14
[33mWARNING[0m:  [22-04-2024 21:15:02] Insert of existing embedding ID: 15
[33mWARNING[0m:  [22-04-2024 21:15:02] Insert of existing embedding ID: 16
[33mWARNING[0m:  [22-04-2024 21:15:02] Insert of existing embedding ID: 17
[33mWARNING[0m:  [22-04-2024 21:15:02] Insert of existing embedding ID: 18
[33mWARNING[0m:  [22-04-2024 21:15:02] Insert of existing embedding ID: 19
[33mWARNING[0m:  [22-04-2024 21:15:02] Insert of existing embedding ID: 20
[33mWARNING[0m:  [22-04-2024 21:15:02] Insert of existing embedding ID: 21
[33mWARNING[0m:  [22-04-2024 21:15:02] Insert of existing embedding ID: 22
[33mWARNING[0m:  [22-04-2024 21:15:02] Insert of existing embedding ID: 23
[33mWARNING[0m:  [22-04-2024 21:15:02] Insert of existing embedding ID: 24
[33mWARNING[0m:  [22-04-2024 21:15:02] Insert of existing embedding ID: 25
[33mWARNING[0m:  [22-04-2024 21:15:02] Insert of existing embedding ID: 26
[33mWARNING[0m:  [22-04-2024 21:15:02] Insert of existing embedding ID: 27
[33mWARNING[0m:  [22-04-2024 21:15:02] Insert of existing embedding ID: 28
[33mWARNING[0m:  [22-04-2024 21:15:02] Insert of existing embedding ID: 29
[33mWARNING[0m:  [22-04-2024 21:15:02] Insert of existing embedding ID: 30
[33mWARNING[0m:  [22-04-2024 21:15:02] Insert of existing embedding ID: 31
[33mWARNING[0m:  [22-04-2024 21:15:02] Insert of existing embedding ID: 32
[33mWARNING[0m:  [22-04-2024 21:15:02] Insert of existing embedding ID: 33
[32mINFO[0m:     [22-04-2024 21:15:02] ::1:57861 - "POST /api/v1/collections/a08b7802-8ada-46a9-9f98-5d3ed813cef9/add HTTP/1.1" 201
[32mINFO[0m:     [22-04-2024 21:15:02] ::1:57861 - "POST /api/v1/collections/a08b7802-8ada-46a9-9f98-5d3ed813cef9/query HTTP/1.1" 200
[32mINFO[0m:     [22-04-2024 21:15:59] ::1:57942 - "GET /api/v1/tenants/default_tenant HTTP/1.1" 200
[32mINFO[0m:     [22-04-2024 21:15:59] ::1:57942 - "GET /api/v1/databases/default_database?tenant=default_tenant HTTP/1.1" 200
[32mINFO[0m:     [22-04-2024 21:15:59] ::1:57943 - "GET /api/v1/collections/locations?tenant=default_tenant&database=default_database HTTP/1.1" 200
[32mINFO[0m:     [22-04-2024 21:16:01] ::1:57943 - "GET /api/v1/pre-flight-checks HTTP/1.1" 200
[33mWARNING[0m:  [22-04-2024 21:16:01] Add of existing embedding ID: 1
[33mWARNING[0m:  [22-04-2024 21:16:01] Add of existing embedding ID: 2
[33mWARNING[0m:  [22-04-2024 21:16:01] Add of existing embedding ID: 3
[33mWARNING[0m:  [22-04-2024 21:16:01] Add of existing embedding ID: 4
[33mWARNING[0m:  [22-04-2024 21:16:01] Add of existing embedding ID: 5
[33mWARNING[0m:  [22-04-2024 21:16:01] Add of existing embedding ID: 6
[33mWARNING[0m:  [22-04-2024 21:16:01] Add of existing embedding ID: 7
[33mWARNING[0m:  [22-04-2024 21:16:01] Add of existing embedding ID: 8
[33mWARNING[0m:  [22-04-2024 21:16:01] Add of existing embedding ID: 9
[33mWARNING[0m:  [22-04-2024 21:16:01] Add of existing embedding ID: 10
[33mWARNING[0m:  [22-04-2024 21:16:01] Add of existing embedding ID: 11
[33mWARNING[0m:  [22-04-2024 21:16:01] Add of existing embedding ID: 12
[33mWARNING[0m:  [22-04-2024 21:16:01] Add of existing embedding ID: 13
[33mWARNING[0m:  [22-04-2024 21:16:01] Add of existing embedding ID: 14
[33mWARNING[0m:  [22-04-2024 21:16:01] Add of existing embedding ID: 15
[33mWARNING[0m:  [22-04-2024 21:16:01] Add of existing embedding ID: 16
[33mWARNING[0m:  [22-04-2024 21:16:01] Add of existing embedding ID: 17
[33mWARNING[0m:  [22-04-2024 21:16:01] Add of existing embedding ID: 18
[33mWARNING[0m:  [22-04-2024 21:16:01] Add of existing embedding ID: 19
[33mWARNING[0m:  [22-04-2024 21:16:01] Add of existing embedding ID: 20
[33mWARNING[0m:  [22-04-2024 21:16:01] Add of existing embedding ID: 21
[33mWARNING[0m:  [22-04-2024 21:16:01] Add of existing embedding ID: 22
[33mWARNING[0m:  [22-04-2024 21:16:01] Add of existing embedding ID: 23
[33mWARNING[0m:  [22-04-2024 21:16:01] Add of existing embedding ID: 24
[33mWARNING[0m:  [22-04-2024 21:16:01] Add of existing embedding ID: 25
[33mWARNING[0m:  [22-04-2024 21:16:01] Add of existing embedding ID: 26
[33mWARNING[0m:  [22-04-2024 21:16:01] Add of existing embedding ID: 27
[33mWARNING[0m:  [22-04-2024 21:16:01] Add of existing embedding ID: 28
[33mWARNING[0m:  [22-04-2024 21:16:01] Add of existing embedding ID: 29
[33mWARNING[0m:  [22-04-2024 21:16:01] Add of existing embedding ID: 30
[33mWARNING[0m:  [22-04-2024 21:16:01] Add of existing embedding ID: 31
[33mWARNING[0m:  [22-04-2024 21:16:01] Add of existing embedding ID: 32
[33mWARNING[0m:  [22-04-2024 21:16:01] Add of existing embedding ID: 33
[33mWARNING[0m:  [22-04-2024 21:16:01] Insert of existing embedding ID: 1
[33mWARNING[0m:  [22-04-2024 21:16:01] Insert of existing embedding ID: 2
[33mWARNING[0m:  [22-04-2024 21:16:01] Insert of existing embedding ID: 3
[33mWARNING[0m:  [22-04-2024 21:16:01] Insert of existing embedding ID: 4
[33mWARNING[0m:  [22-04-2024 21:16:01] Insert of existing embedding ID: 5
[33mWARNING[0m:  [22-04-2024 21:16:01] Insert of existing embedding ID: 6
[33mWARNING[0m:  [22-04-2024 21:16:01] Insert of existing embedding ID: 7
[33mWARNING[0m:  [22-04-2024 21:16:01] Insert of existing embedding ID: 8
[33mWARNING[0m:  [22-04-2024 21:16:01] Insert of existing embedding ID: 9
[33mWARNING[0m:  [22-04-2024 21:16:01] Insert of existing embedding ID: 10
[33mWARNING[0m:  [22-04-2024 21:16:01] Insert of existing embedding ID: 11
[33mWARNING[0m:  [22-04-2024 21:16:01] Insert of existing embedding ID: 12
[33mWARNING[0m:  [22-04-2024 21:16:01] Insert of existing embedding ID: 13
[33mWARNING[0m:  [22-04-2024 21:16:01] Insert of existing embedding ID: 14
[33mWARNING[0m:  [22-04-2024 21:16:01] Insert of existing embedding ID: 15
[33mWARNING[0m:  [22-04-2024 21:16:01] Insert of existing embedding ID: 16
[33mWARNING[0m:  [22-04-2024 21:16:01] Insert of existing embedding ID: 17
[33mWARNING[0m:  [22-04-2024 21:16:01] Insert of existing embedding ID: 18
[33mWARNING[0m:  [22-04-2024 21:16:01] Insert of existing embedding ID: 19
[33mWARNING[0m:  [22-04-2024 21:16:01] Insert of existing embedding ID: 20
[33mWARNING[0m:  [22-04-2024 21:16:01] Insert of existing embedding ID: 21
[33mWARNING[0m:  [22-04-2024 21:16:01] Insert of existing embedding ID: 22
[33mWARNING[0m:  [22-04-2024 21:16:01] Insert of existing embedding ID: 23
[33mWARNING[0m:  [22-04-2024 21:16:01] Insert of existing embedding ID: 24
[33mWARNING[0m:  [22-04-2024 21:16:01] Insert of existing embedding ID: 25
[33mWARNING[0m:  [22-04-2024 21:16:01] Insert of existing embedding ID: 26
[33mWARNING[0m:  [22-04-2024 21:16:01] Insert of existing embedding ID: 27
[33mWARNING[0m:  [22-04-2024 21:16:01] Insert of existing embedding ID: 28
[33mWARNING[0m:  [22-04-2024 21:16:01] Insert of existing embedding ID: 29
[33mWARNING[0m:  [22-04-2024 21:16:01] Insert of existing embedding ID: 30
[33mWARNING[0m:  [22-04-2024 21:16:01] Insert of existing embedding ID: 31
[33mWARNING[0m:  [22-04-2024 21:16:01] Insert of existing embedding ID: 32
[33mWARNING[0m:  [22-04-2024 21:16:01] Insert of existing embedding ID: 33
[32mINFO[0m:     [22-04-2024 21:16:01] ::1:57943 - "POST /api/v1/collections/a08b7802-8ada-46a9-9f98-5d3ed813cef9/add HTTP/1.1" 201
[32mINFO[0m:     [22-04-2024 21:16:01] ::1:57943 - "POST /api/v1/collections/a08b7802-8ada-46a9-9f98-5d3ed813cef9/query HTTP/1.1" 200
[32mINFO[0m:     [22-04-2024 21:16:14] ::1:57964 - "GET /api/v1/tenants/default_tenant HTTP/1.1" 200
[32mINFO[0m:     [22-04-2024 21:16:14] ::1:57964 - "GET /api/v1/databases/default_database?tenant=default_tenant HTTP/1.1" 200
[32mINFO[0m:     [22-04-2024 21:16:14] ::1:57965 - "GET /api/v1/collections/locations?tenant=default_tenant&database=default_database HTTP/1.1" 200
[32mINFO[0m:     [22-04-2024 21:16:15] ::1:57965 - "GET /api/v1/pre-flight-checks HTTP/1.1" 200
[33mWARNING[0m:  [22-04-2024 21:16:15] Add of existing embedding ID: 1
[33mWARNING[0m:  [22-04-2024 21:16:15] Add of existing embedding ID: 2
[33mWARNING[0m:  [22-04-2024 21:16:15] Add of existing embedding ID: 3
[33mWARNING[0m:  [22-04-2024 21:16:15] Add of existing embedding ID: 4
[33mWARNING[0m:  [22-04-2024 21:16:15] Add of existing embedding ID: 5
[33mWARNING[0m:  [22-04-2024 21:16:15] Add of existing embedding ID: 6
[33mWARNING[0m:  [22-04-2024 21:16:15] Add of existing embedding ID: 7
[33mWARNING[0m:  [22-04-2024 21:16:15] Add of existing embedding ID: 8
[33mWARNING[0m:  [22-04-2024 21:16:15] Add of existing embedding ID: 9
[33mWARNING[0m:  [22-04-2024 21:16:15] Add of existing embedding ID: 10
[33mWARNING[0m:  [22-04-2024 21:16:15] Add of existing embedding ID: 11
[33mWARNING[0m:  [22-04-2024 21:16:15] Add of existing embedding ID: 12
[33mWARNING[0m:  [22-04-2024 21:16:15] Add of existing embedding ID: 13
[33mWARNING[0m:  [22-04-2024 21:16:15] Add of existing embedding ID: 14
[33mWARNING[0m:  [22-04-2024 21:16:15] Add of existing embedding ID: 15
[33mWARNING[0m:  [22-04-2024 21:16:15] Add of existing embedding ID: 16
[33mWARNING[0m:  [22-04-2024 21:16:15] Add of existing embedding ID: 17
[33mWARNING[0m:  [22-04-2024 21:16:15] Add of existing embedding ID: 18
[33mWARNING[0m:  [22-04-2024 21:16:15] Add of existing embedding ID: 19
[33mWARNING[0m:  [22-04-2024 21:16:15] Add of existing embedding ID: 20
[33mWARNING[0m:  [22-04-2024 21:16:15] Add of existing embedding ID: 21
[33mWARNING[0m:  [22-04-2024 21:16:15] Add of existing embedding ID: 22
[33mWARNING[0m:  [22-04-2024 21:16:15] Add of existing embedding ID: 23
[33mWARNING[0m:  [22-04-2024 21:16:15] Add of existing embedding ID: 24
[33mWARNING[0m:  [22-04-2024 21:16:15] Add of existing embedding ID: 25
[33mWARNING[0m:  [22-04-2024 21:16:15] Add of existing embedding ID: 26
[33mWARNING[0m:  [22-04-2024 21:16:15] Add of existing embedding ID: 27
[33mWARNING[0m:  [22-04-2024 21:16:15] Add of existing embedding ID: 28
[33mWARNING[0m:  [22-04-2024 21:16:15] Add of existing embedding ID: 29
[33mWARNING[0m:  [22-04-2024 21:16:15] Add of existing embedding ID: 30
[33mWARNING[0m:  [22-04-2024 21:16:15] Add of existing embedding ID: 31
[33mWARNING[0m:  [22-04-2024 21:16:15] Add of existing embedding ID: 32
[33mWARNING[0m:  [22-04-2024 21:16:15] Add of existing embedding ID: 33
[33mWARNING[0m:  [22-04-2024 21:16:15] Insert of existing embedding ID: 1
[33mWARNING[0m:  [22-04-2024 21:16:15] Insert of existing embedding ID: 2
[33mWARNING[0m:  [22-04-2024 21:16:15] Insert of existing embedding ID: 3
[33mWARNING[0m:  [22-04-2024 21:16:15] Insert of existing embedding ID: 4
[33mWARNING[0m:  [22-04-2024 21:16:15] Insert of existing embedding ID: 5
[33mWARNING[0m:  [22-04-2024 21:16:15] Insert of existing embedding ID: 6
[33mWARNING[0m:  [22-04-2024 21:16:15] Insert of existing embedding ID: 7
[33mWARNING[0m:  [22-04-2024 21:16:15] Insert of existing embedding ID: 8
[33mWARNING[0m:  [22-04-2024 21:16:15] Insert of existing embedding ID: 9
[33mWARNING[0m:  [22-04-2024 21:16:15] Insert of existing embedding ID: 10
[33mWARNING[0m:  [22-04-2024 21:16:15] Insert of existing embedding ID: 11
[33mWARNING[0m:  [22-04-2024 21:16:15] Insert of existing embedding ID: 12
[33mWARNING[0m:  [22-04-2024 21:16:15] Insert of existing embedding ID: 13
[33mWARNING[0m:  [22-04-2024 21:16:15] Insert of existing embedding ID: 14
[33mWARNING[0m:  [22-04-2024 21:16:15] Insert of existing embedding ID: 15
[33mWARNING[0m:  [22-04-2024 21:16:15] Insert of existing embedding ID: 16
[33mWARNING[0m:  [22-04-2024 21:16:15] Insert of existing embedding ID: 17
[33mWARNING[0m:  [22-04-2024 21:16:15] Insert of existing embedding ID: 18
[33mWARNING[0m:  [22-04-2024 21:16:15] Insert of existing embedding ID: 19
[33mWARNING[0m:  [22-04-2024 21:16:15] Insert of existing embedding ID: 20
[33mWARNING[0m:  [22-04-2024 21:16:15] Insert of existing embedding ID: 21
[33mWARNING[0m:  [22-04-2024 21:16:15] Insert of existing embedding ID: 22
[33mWARNING[0m:  [22-04-2024 21:16:15] Insert of existing embedding ID: 23
[33mWARNING[0m:  [22-04-2024 21:16:15] Insert of existing embedding ID: 24
[33mWARNING[0m:  [22-04-2024 21:16:15] Insert of existing embedding ID: 25
[33mWARNING[0m:  [22-04-2024 21:16:15] Insert of existing embedding ID: 26
[33mWARNING[0m:  [22-04-2024 21:16:15] Insert of existing embedding ID: 27
[33mWARNING[0m:  [22-04-2024 21:16:15] Insert of existing embedding ID: 28
[33mWARNING[0m:  [22-04-2024 21:16:15] Insert of existing embedding ID: 29
[33mWARNING[0m:  [22-04-2024 21:16:15] Insert of existing embedding ID: 30
[33mWARNING[0m:  [22-04-2024 21:16:15] Insert of existing embedding ID: 31
[33mWARNING[0m:  [22-04-2024 21:16:15] Insert of existing embedding ID: 32
[33mWARNING[0m:  [22-04-2024 21:16:15] Insert of existing embedding ID: 33
[32mINFO[0m:     [22-04-2024 21:16:15] ::1:57965 - "POST /api/v1/collections/a08b7802-8ada-46a9-9f98-5d3ed813cef9/add HTTP/1.1" 201
[32mINFO[0m:     [22-04-2024 21:16:16] ::1:57965 - "POST /api/v1/collections/a08b7802-8ada-46a9-9f98-5d3ed813cef9/query HTTP/1.1" 200
[32mINFO[0m:     [22-04-2024 21:16:42] ::1:58004 - "GET /api/v1/tenants/default_tenant HTTP/1.1" 200
[32mINFO[0m:     [22-04-2024 21:16:42] ::1:58004 - "GET /api/v1/databases/default_database?tenant=default_tenant HTTP/1.1" 200
[32mINFO[0m:     [22-04-2024 21:16:42] ::1:58005 - "GET /api/v1/collections/locations?tenant=default_tenant&database=default_database HTTP/1.1" 200
[32mINFO[0m:     [22-04-2024 21:16:43] ::1:58005 - "GET /api/v1/pre-flight-checks HTTP/1.1" 200
[33mWARNING[0m:  [22-04-2024 21:16:43] Add of existing embedding ID: 1
[33mWARNING[0m:  [22-04-2024 21:16:43] Add of existing embedding ID: 2
[33mWARNING[0m:  [22-04-2024 21:16:43] Add of existing embedding ID: 3
[33mWARNING[0m:  [22-04-2024 21:16:43] Add of existing embedding ID: 4
[33mWARNING[0m:  [22-04-2024 21:16:43] Add of existing embedding ID: 5
[33mWARNING[0m:  [22-04-2024 21:16:43] Add of existing embedding ID: 6
[33mWARNING[0m:  [22-04-2024 21:16:43] Add of existing embedding ID: 7
[33mWARNING[0m:  [22-04-2024 21:16:43] Add of existing embedding ID: 8
[33mWARNING[0m:  [22-04-2024 21:16:43] Add of existing embedding ID: 9
[33mWARNING[0m:  [22-04-2024 21:16:43] Add of existing embedding ID: 10
[33mWARNING[0m:  [22-04-2024 21:16:43] Add of existing embedding ID: 11
[33mWARNING[0m:  [22-04-2024 21:16:43] Add of existing embedding ID: 12
[33mWARNING[0m:  [22-04-2024 21:16:43] Add of existing embedding ID: 13
[33mWARNING[0m:  [22-04-2024 21:16:43] Add of existing embedding ID: 14
[33mWARNING[0m:  [22-04-2024 21:16:43] Add of existing embedding ID: 15
[33mWARNING[0m:  [22-04-2024 21:16:43] Add of existing embedding ID: 16
[33mWARNING[0m:  [22-04-2024 21:16:43] Add of existing embedding ID: 17
[33mWARNING[0m:  [22-04-2024 21:16:43] Add of existing embedding ID: 18
[33mWARNING[0m:  [22-04-2024 21:16:43] Add of existing embedding ID: 19
[33mWARNING[0m:  [22-04-2024 21:16:43] Add of existing embedding ID: 20
[33mWARNING[0m:  [22-04-2024 21:16:43] Add of existing embedding ID: 21
[33mWARNING[0m:  [22-04-2024 21:16:43] Add of existing embedding ID: 22
[33mWARNING[0m:  [22-04-2024 21:16:43] Add of existing embedding ID: 23
[33mWARNING[0m:  [22-04-2024 21:16:43] Add of existing embedding ID: 24
[33mWARNING[0m:  [22-04-2024 21:16:43] Add of existing embedding ID: 25
[33mWARNING[0m:  [22-04-2024 21:16:43] Add of existing embedding ID: 26
[33mWARNING[0m:  [22-04-2024 21:16:43] Add of existing embedding ID: 27
[33mWARNING[0m:  [22-04-2024 21:16:43] Add of existing embedding ID: 28
[33mWARNING[0m:  [22-04-2024 21:16:43] Add of existing embedding ID: 29
[33mWARNING[0m:  [22-04-2024 21:16:43] Add of existing embedding ID: 30
[33mWARNING[0m:  [22-04-2024 21:16:43] Add of existing embedding ID: 31
[33mWARNING[0m:  [22-04-2024 21:16:43] Add of existing embedding ID: 32
[33mWARNING[0m:  [22-04-2024 21:16:43] Add of existing embedding ID: 33
[33mWARNING[0m:  [22-04-2024 21:16:43] Insert of existing embedding ID: 1
[33mWARNING[0m:  [22-04-2024 21:16:43] Insert of existing embedding ID: 2
[33mWARNING[0m:  [22-04-2024 21:16:43] Insert of existing embedding ID: 3
[33mWARNING[0m:  [22-04-2024 21:16:43] Insert of existing embedding ID: 4
[33mWARNING[0m:  [22-04-2024 21:16:43] Insert of existing embedding ID: 5
[33mWARNING[0m:  [22-04-2024 21:16:43] Insert of existing embedding ID: 6
[33mWARNING[0m:  [22-04-2024 21:16:43] Insert of existing embedding ID: 7
[33mWARNING[0m:  [22-04-2024 21:16:43] Insert of existing embedding ID: 8
[33mWARNING[0m:  [22-04-2024 21:16:43] Insert of existing embedding ID: 9
[33mWARNING[0m:  [22-04-2024 21:16:43] Insert of existing embedding ID: 10
[33mWARNING[0m:  [22-04-2024 21:16:43] Insert of existing embedding ID: 11
[33mWARNING[0m:  [22-04-2024 21:16:43] Insert of existing embedding ID: 12
[33mWARNING[0m:  [22-04-2024 21:16:43] Insert of existing embedding ID: 13
[33mWARNING[0m:  [22-04-2024 21:16:43] Insert of existing embedding ID: 14
[33mWARNING[0m:  [22-04-2024 21:16:43] Insert of existing embedding ID: 15
[33mWARNING[0m:  [22-04-2024 21:16:43] Insert of existing embedding ID: 16
[33mWARNING[0m:  [22-04-2024 21:16:43] Insert of existing embedding ID: 17
[33mWARNING[0m:  [22-04-2024 21:16:43] Insert of existing embedding ID: 18
[33mWARNING[0m:  [22-04-2024 21:16:43] Insert of existing embedding ID: 19
[33mWARNING[0m:  [22-04-2024 21:16:43] Insert of existing embedding ID: 20
[33mWARNING[0m:  [22-04-2024 21:16:43] Insert of existing embedding ID: 21
[33mWARNING[0m:  [22-04-2024 21:16:43] Insert of existing embedding ID: 22
[33mWARNING[0m:  [22-04-2024 21:16:43] Insert of existing embedding ID: 23
[33mWARNING[0m:  [22-04-2024 21:16:43] Insert of existing embedding ID: 24
[33mWARNING[0m:  [22-04-2024 21:16:43] Insert of existing embedding ID: 25
[33mWARNING[0m:  [22-04-2024 21:16:43] Insert of existing embedding ID: 26
[33mWARNING[0m:  [22-04-2024 21:16:43] Insert of existing embedding ID: 27
[33mWARNING[0m:  [22-04-2024 21:16:43] Insert of existing embedding ID: 28
[33mWARNING[0m:  [22-04-2024 21:16:43] Insert of existing embedding ID: 29
[33mWARNING[0m:  [22-04-2024 21:16:43] Insert of existing embedding ID: 30
[33mWARNING[0m:  [22-04-2024 21:16:43] Insert of existing embedding ID: 31
[33mWARNING[0m:  [22-04-2024 21:16:43] Insert of existing embedding ID: 32
[33mWARNING[0m:  [22-04-2024 21:16:43] Insert of existing embedding ID: 33
[32mINFO[0m:     [22-04-2024 21:16:43] ::1:58005 - "POST /api/v1/collections/a08b7802-8ada-46a9-9f98-5d3ed813cef9/add HTTP/1.1" 201
[32mINFO[0m:     [22-04-2024 21:16:43] ::1:58005 - "POST /api/v1/collections/a08b7802-8ada-46a9-9f98-5d3ed813cef9/query HTTP/1.1" 200
[32mINFO[0m:     [22-04-2024 21:23:16] ::1:58513 - "GET /api/v1/tenants/default_tenant HTTP/1.1" 200
[32mINFO[0m:     [22-04-2024 21:23:16] ::1:58513 - "GET /api/v1/databases/default_database?tenant=default_tenant HTTP/1.1" 200
[32mINFO[0m:     [22-04-2024 21:23:16] ::1:58514 - "DELETE /api/v1/collections/locations?tenant=default_tenant&database=default_database HTTP/1.1" 200
[32mINFO[0m:     [22-04-2024 21:55:17] ::1:61173 - "GET /api/v1/tenants/default_tenant HTTP/1.1" 200
[32mINFO[0m:     [22-04-2024 21:55:17] ::1:61173 - "GET /api/v1/databases/default_database?tenant=default_tenant HTTP/1.1" 200
[32mINFO[0m:     [22-04-2024 21:55:17] ::1:61174 - "POST /api/v1/collections?tenant=default_tenant&database=default_database HTTP/1.1" 200
[32mINFO[0m:     [22-04-2024 21:55:19] ::1:61174 - "GET /api/v1/pre-flight-checks HTTP/1.1" 200
[36mDEBUG[0m:    [22-04-2024 21:55:19] Starting component PersistentLocalHnswSegment
[32mINFO[0m:     [22-04-2024 21:55:19] ::1:61174 - "POST /api/v1/collections/14a8221b-1cd4-4ecf-9278-bf7379322e77/add HTTP/1.1" 201
[32mINFO[0m:     [22-04-2024 21:55:19] ::1:61174 - "POST /api/v1/collections/14a8221b-1cd4-4ecf-9278-bf7379322e77/query HTTP/1.1" 200
[32mINFO[0m:     [22-04-2024 21:59:10] ::1:61489 - "GET /api/v1/tenants/default_tenant HTTP/1.1" 200
[32mINFO[0m:     [22-04-2024 21:59:10] ::1:61489 - "GET /api/v1/databases/default_database?tenant=default_tenant HTTP/1.1" 200
[32mINFO[0m:     [22-04-2024 21:59:32] ::1:61525 - "GET /api/v1/tenants/default_tenant HTTP/1.1" 200
[32mINFO[0m:     [22-04-2024 21:59:32] ::1:61525 - "GET /api/v1/databases/default_database?tenant=default_tenant HTTP/1.1" 200
[32mINFO[0m:     [22-04-2024 21:59:32] ::1:61526 - "DELETE /api/v1/collections/locations?tenant=default_tenant&database=default_database HTTP/1.1" 200
[32mINFO[0m:     [22-04-2024 21:59:59] ::1:61585 - "GET /api/v1/tenants/default_tenant HTTP/1.1" 200
[32mINFO[0m:     [22-04-2024 21:59:59] ::1:61585 - "GET /api/v1/databases/default_database?tenant=default_tenant HTTP/1.1" 200
[32mINFO[0m:     [22-04-2024 21:59:59] ::1:61586 - "POST /api/v1/collections?tenant=default_tenant&database=default_database HTTP/1.1" 200
[32mINFO[0m:     [22-04-2024 22:02:16] ::1:61813 - "GET /api/v1/tenants/default_tenant HTTP/1.1" 200
[32mINFO[0m:     [22-04-2024 22:02:16] ::1:61813 - "GET /api/v1/databases/default_database?tenant=default_tenant HTTP/1.1" 200
[31mERROR[0m:    [22-04-2024 22:02:16] Collection locations already exists
Traceback (most recent call last):
  File "C:\Users\kuskm\pixifind\env\lib\site-packages\anyio\streams\memory.py", line 97, in receive
    return self.receive_nowait()
  File "C:\Users\kuskm\pixifind\env\lib\site-packages\anyio\streams\memory.py", line 92, in receive_nowait
    raise WouldBlock
anyio.WouldBlock

During handling of the above exception, another exception occurred:

Traceback (most recent call last):
  File "C:\Users\kuskm\pixifind\env\lib\site-packages\starlette\middleware\base.py", line 159, in call_next
    message = await recv_stream.receive()
  File "C:\Users\kuskm\pixifind\env\lib\site-packages\anyio\streams\memory.py", line 112, in receive
    raise EndOfStream
anyio.EndOfStream

During handling of the above exception, another exception occurred:

Traceback (most recent call last):
  File "C:\Users\kuskm\pixifind\env\lib\site-packages\chromadb\server\fastapi\__init__.py", line 82, in catch_exceptions_middleware
    return await call_next(request)
  File "C:\Users\kuskm\pixifind\env\lib\site-packages\starlette\middleware\base.py", line 165, in call_next
    raise app_exc
  File "C:\Users\kuskm\pixifind\env\lib\site-packages\starlette\middleware\base.py", line 151, in coro
    await self.app(scope, receive_or_disconnect, send_no_error)
  File "C:\Users\kuskm\pixifind\env\lib\site-packages\starlette\middleware\base.py", line 189, in __call__
    with collapse_excgroups():
  File "C:\Program Files\WindowsApps\PythonSoftwareFoundation.Python.3.10_3.10.3056.0_x64__qbz5n2kfra8p0\lib\contextlib.py", line 153, in __exit__
    self.gen.throw(typ, value, traceback)
  File "C:\Users\kuskm\pixifind\env\lib\site-packages\starlette\_utils.py", line 93, in collapse_excgroups
    raise exc
  File "C:\Users\kuskm\pixifind\env\lib\site-packages\starlette\middleware\base.py", line 191, in __call__
    response = await self.dispatch_func(request, call_next)
  File "C:\Users\kuskm\pixifind\env\lib\site-packages\chromadb\server\fastapi\__init__.py", line 96, in check_http_version_middleware
    return await call_next(request)
  File "C:\Users\kuskm\pixifind\env\lib\site-packages\starlette\middleware\base.py", line 165, in call_next
    raise app_exc
  File "C:\Users\kuskm\pixifind\env\lib\site-packages\starlette\middleware\base.py", line 151, in coro
    await self.app(scope, receive_or_disconnect, send_no_error)
  File "C:\Users\kuskm\pixifind\env\lib\site-packages\starlette\middleware\exceptions.py", line 65, in __call__
    await wrap_app_handling_exceptions(self.app, conn)(scope, receive, send)
  File "C:\Users\kuskm\pixifind\env\lib\site-packages\starlette\_exception_handler.py", line 64, in wrapped_app
    raise exc
  File "C:\Users\kuskm\pixifind\env\lib\site-packages\starlette\_exception_handler.py", line 53, in wrapped_app
    await app(scope, receive, sender)
  File "C:\Users\kuskm\pixifind\env\lib\site-packages\starlette\routing.py", line 756, in __call__
    await self.middleware_stack(scope, receive, send)
  File "C:\Users\kuskm\pixifind\env\lib\site-packages\starlette\routing.py", line 776, in app
    await route.handle(scope, receive, send)
  File "C:\Users\kuskm\pixifind\env\lib\site-packages\starlette\routing.py", line 297, in handle
    await self.app(scope, receive, send)
  File "C:\Users\kuskm\pixifind\env\lib\site-packages\starlette\routing.py", line 77, in app
    await wrap_app_handling_exceptions(app, request)(scope, receive, send)
  File "C:\Users\kuskm\pixifind\env\lib\site-packages\starlette\_exception_handler.py", line 64, in wrapped_app
    raise exc
  File "C:\Users\kuskm\pixifind\env\lib\site-packages\starlette\_exception_handler.py", line 53, in wrapped_app
    await app(scope, receive, sender)
  File "C:\Users\kuskm\pixifind\env\lib\site-packages\starlette\routing.py", line 72, in app
    response = await func(request)
  File "C:\Users\kuskm\pixifind\env\lib\site-packages\fastapi\routing.py", line 278, in app
    raw_response = await run_endpoint_function(
  File "C:\Users\kuskm\pixifind\env\lib\site-packages\fastapi\routing.py", line 193, in run_endpoint_function
    return await run_in_threadpool(dependant.call, **values)
  File "C:\Users\kuskm\pixifind\env\lib\site-packages\starlette\concurrency.py", line 42, in run_in_threadpool
    return await anyio.to_thread.run_sync(func, *args)
  File "C:\Users\kuskm\pixifind\env\lib\site-packages\anyio\to_thread.py", line 56, in run_sync
    return await get_async_backend().run_sync_in_worker_thread(
  File "C:\Users\kuskm\pixifind\env\lib\site-packages\anyio\_backends\_asyncio.py", line 2144, in run_sync_in_worker_thread
    return await future
  File "C:\Users\kuskm\pixifind\env\lib\site-packages\anyio\_backends\_asyncio.py", line 851, in run
    result = context.run(func, *args)
  File "C:\Users\kuskm\pixifind\env\lib\site-packages\chromadb\telemetry\opentelemetry\__init__.py", line 127, in wrapper
    return f(*args, **kwargs)
  File "C:\Users\kuskm\pixifind\env\lib\site-packages\chromadb\auth\fastapi.py", line 241, in wrapped
    return f(*args, **kwargs)
  File "C:\Users\kuskm\pixifind\env\lib\site-packages\chromadb\server\fastapi\__init__.py", line 415, in create_collection
    return self._api.create_collection(
  File "C:\Users\kuskm\pixifind\env\lib\site-packages\chromadb\telemetry\opentelemetry\__init__.py", line 127, in wrapper
    return f(*args, **kwargs)
  File "C:\Users\kuskm\pixifind\env\lib\site-packages\chromadb\api\segment.py", line 167, in create_collection
    coll, created = self._sysdb.create_collection(
  File "C:\Users\kuskm\pixifind\env\lib\site-packages\chromadb\telemetry\opentelemetry\__init__.py", line 127, in wrapper
    return f(*args, **kwargs)
  File "C:\Users\kuskm\pixifind\env\lib\site-packages\chromadb\db\mixins\sysdb.py", line 225, in create_collection
    raise UniqueConstraintError(f"Collection {name} already exists")
chromadb.db.base.UniqueConstraintError: Collection locations already exists
[32mINFO[0m:     [22-04-2024 22:02:16] ::1:61814 - "POST /api/v1/collections?tenant=default_tenant&database=default_database HTTP/1.1" 500
[32mINFO[0m:     [22-04-2024 22:02:44] ::1:61861 - "GET /api/v1/tenants/default_tenant HTTP/1.1" 200
[32mINFO[0m:     [22-04-2024 22:02:44] ::1:61861 - "GET /api/v1/databases/default_database?tenant=default_tenant HTTP/1.1" 200
[32mINFO[0m:     [22-04-2024 22:02:44] ::1:61862 - "DELETE /api/v1/collections/locations?tenant=default_tenant&database=default_database HTTP/1.1" 200
[32mINFO[0m:     [22-04-2024 22:02:55] ::1:61883 - "GET /api/v1/tenants/default_tenant HTTP/1.1" 200
[32mINFO[0m:     [22-04-2024 22:02:55] ::1:61883 - "GET /api/v1/databases/default_database?tenant=default_tenant HTTP/1.1" 200
[32mINFO[0m:     [22-04-2024 22:03:09] ::1:61902 - "GET /api/v1/tenants/default_tenant HTTP/1.1" 200
[32mINFO[0m:     [22-04-2024 22:03:09] ::1:61902 - "GET /api/v1/databases/default_database?tenant=default_tenant HTTP/1.1" 200
[32mINFO[0m:     [22-04-2024 22:03:09] ::1:61904 - "POST /api/v1/collections?tenant=default_tenant&database=default_database HTTP/1.1" 200
[32mINFO[0m:     [22-04-2024 22:06:00] ::1:62155 - "GET /api/v1/tenants/default_tenant HTTP/1.1" 200
[32mINFO[0m:     [22-04-2024 22:06:00] ::1:62155 - "GET /api/v1/databases/default_database?tenant=default_tenant HTTP/1.1" 200
[31mERROR[0m:    [22-04-2024 22:06:00] Collection locations already exists
Traceback (most recent call last):
  File "C:\Users\kuskm\pixifind\env\lib\site-packages\anyio\streams\memory.py", line 97, in receive
    return self.receive_nowait()
  File "C:\Users\kuskm\pixifind\env\lib\site-packages\anyio\streams\memory.py", line 92, in receive_nowait
    raise WouldBlock
anyio.WouldBlock

During handling of the above exception, another exception occurred:

Traceback (most recent call last):
  File "C:\Users\kuskm\pixifind\env\lib\site-packages\starlette\middleware\base.py", line 159, in call_next
    message = await recv_stream.receive()
  File "C:\Users\kuskm\pixifind\env\lib\site-packages\anyio\streams\memory.py", line 112, in receive
    raise EndOfStream
anyio.EndOfStream

During handling of the above exception, another exception occurred:

Traceback (most recent call last):
  File "C:\Users\kuskm\pixifind\env\lib\site-packages\chromadb\server\fastapi\__init__.py", line 82, in catch_exceptions_middleware
    return await call_next(request)
  File "C:\Users\kuskm\pixifind\env\lib\site-packages\starlette\middleware\base.py", line 165, in call_next
    raise app_exc
  File "C:\Users\kuskm\pixifind\env\lib\site-packages\starlette\middleware\base.py", line 151, in coro
    await self.app(scope, receive_or_disconnect, send_no_error)
  File "C:\Users\kuskm\pixifind\env\lib\site-packages\starlette\middleware\base.py", line 189, in __call__
    with collapse_excgroups():
  File "C:\Program Files\WindowsApps\PythonSoftwareFoundation.Python.3.10_3.10.3056.0_x64__qbz5n2kfra8p0\lib\contextlib.py", line 153, in __exit__
    self.gen.throw(typ, value, traceback)
  File "C:\Users\kuskm\pixifind\env\lib\site-packages\starlette\_utils.py", line 93, in collapse_excgroups
    raise exc
  File "C:\Users\kuskm\pixifind\env\lib\site-packages\starlette\middleware\base.py", line 191, in __call__
    response = await self.dispatch_func(request, call_next)
  File "C:\Users\kuskm\pixifind\env\lib\site-packages\chromadb\server\fastapi\__init__.py", line 96, in check_http_version_middleware
    return await call_next(request)
  File "C:\Users\kuskm\pixifind\env\lib\site-packages\starlette\middleware\base.py", line 165, in call_next
    raise app_exc
  File "C:\Users\kuskm\pixifind\env\lib\site-packages\starlette\middleware\base.py", line 151, in coro
    await self.app(scope, receive_or_disconnect, send_no_error)
  File "C:\Users\kuskm\pixifind\env\lib\site-packages\starlette\middleware\exceptions.py", line 65, in __call__
    await wrap_app_handling_exceptions(self.app, conn)(scope, receive, send)
  File "C:\Users\kuskm\pixifind\env\lib\site-packages\starlette\_exception_handler.py", line 64, in wrapped_app
    raise exc
  File "C:\Users\kuskm\pixifind\env\lib\site-packages\starlette\_exception_handler.py", line 53, in wrapped_app
    await app(scope, receive, sender)
  File "C:\Users\kuskm\pixifind\env\lib\site-packages\starlette\routing.py", line 756, in __call__
    await self.middleware_stack(scope, receive, send)
  File "C:\Users\kuskm\pixifind\env\lib\site-packages\starlette\routing.py", line 776, in app
    await route.handle(scope, receive, send)
  File "C:\Users\kuskm\pixifind\env\lib\site-packages\starlette\routing.py", line 297, in handle
    await self.app(scope, receive, send)
  File "C:\Users\kuskm\pixifind\env\lib\site-packages\starlette\routing.py", line 77, in app
    await wrap_app_handling_exceptions(app, request)(scope, receive, send)
  File "C:\Users\kuskm\pixifind\env\lib\site-packages\starlette\_exception_handler.py", line 64, in wrapped_app
    raise exc
  File "C:\Users\kuskm\pixifind\env\lib\site-packages\starlette\_exception_handler.py", line 53, in wrapped_app
    await app(scope, receive, sender)
  File "C:\Users\kuskm\pixifind\env\lib\site-packages\starlette\routing.py", line 72, in app
    response = await func(request)
  File "C:\Users\kuskm\pixifind\env\lib\site-packages\fastapi\routing.py", line 278, in app
    raw_response = await run_endpoint_function(
  File "C:\Users\kuskm\pixifind\env\lib\site-packages\fastapi\routing.py", line 193, in run_endpoint_function
    return await run_in_threadpool(dependant.call, **values)
  File "C:\Users\kuskm\pixifind\env\lib\site-packages\starlette\concurrency.py", line 42, in run_in_threadpool
    return await anyio.to_thread.run_sync(func, *args)
  File "C:\Users\kuskm\pixifind\env\lib\site-packages\anyio\to_thread.py", line 56, in run_sync
    return await get_async_backend().run_sync_in_worker_thread(
  File "C:\Users\kuskm\pixifind\env\lib\site-packages\anyio\_backends\_asyncio.py", line 2144, in run_sync_in_worker_thread
    return await future
  File "C:\Users\kuskm\pixifind\env\lib\site-packages\anyio\_backends\_asyncio.py", line 851, in run
    result = context.run(func, *args)
  File "C:\Users\kuskm\pixifind\env\lib\site-packages\chromadb\telemetry\opentelemetry\__init__.py", line 127, in wrapper
    return f(*args, **kwargs)
  File "C:\Users\kuskm\pixifind\env\lib\site-packages\chromadb\auth\fastapi.py", line 241, in wrapped
    return f(*args, **kwargs)
  File "C:\Users\kuskm\pixifind\env\lib\site-packages\chromadb\server\fastapi\__init__.py", line 415, in create_collection
    return self._api.create_collection(
  File "C:\Users\kuskm\pixifind\env\lib\site-packages\chromadb\telemetry\opentelemetry\__init__.py", line 127, in wrapper
    return f(*args, **kwargs)
  File "C:\Users\kuskm\pixifind\env\lib\site-packages\chromadb\api\segment.py", line 167, in create_collection
    coll, created = self._sysdb.create_collection(
  File "C:\Users\kuskm\pixifind\env\lib\site-packages\chromadb\telemetry\opentelemetry\__init__.py", line 127, in wrapper
    return f(*args, **kwargs)
  File "C:\Users\kuskm\pixifind\env\lib\site-packages\chromadb\db\mixins\sysdb.py", line 225, in create_collection
    raise UniqueConstraintError(f"Collection {name} already exists")
chromadb.db.base.UniqueConstraintError: Collection locations already exists
[32mINFO[0m:     [22-04-2024 22:06:00] ::1:62156 - "POST /api/v1/collections?tenant=default_tenant&database=default_database HTTP/1.1" 500
[32mINFO[0m:     [22-04-2024 22:07:53] ::1:62318 - "GET /api/v1/tenants/default_tenant HTTP/1.1" 200
[32mINFO[0m:     [22-04-2024 22:07:53] ::1:62318 - "GET /api/v1/databases/default_database?tenant=default_tenant HTTP/1.1" 200
[31mERROR[0m:    [22-04-2024 22:07:53] Collection locations already exists
Traceback (most recent call last):
  File "C:\Users\kuskm\pixifind\env\lib\site-packages\anyio\streams\memory.py", line 97, in receive
    return self.receive_nowait()
  File "C:\Users\kuskm\pixifind\env\lib\site-packages\anyio\streams\memory.py", line 92, in receive_nowait
    raise WouldBlock
anyio.WouldBlock

During handling of the above exception, another exception occurred:

Traceback (most recent call last):
  File "C:\Users\kuskm\pixifind\env\lib\site-packages\starlette\middleware\base.py", line 159, in call_next
    message = await recv_stream.receive()
  File "C:\Users\kuskm\pixifind\env\lib\site-packages\anyio\streams\memory.py", line 112, in receive
    raise EndOfStream
anyio.EndOfStream

During handling of the above exception, another exception occurred:

Traceback (most recent call last):
  File "C:\Users\kuskm\pixifind\env\lib\site-packages\chromadb\server\fastapi\__init__.py", line 82, in catch_exceptions_middleware
    return await call_next(request)
  File "C:\Users\kuskm\pixifind\env\lib\site-packages\starlette\middleware\base.py", line 165, in call_next
    raise app_exc
  File "C:\Users\kuskm\pixifind\env\lib\site-packages\starlette\middleware\base.py", line 151, in coro
    await self.app(scope, receive_or_disconnect, send_no_error)
  File "C:\Users\kuskm\pixifind\env\lib\site-packages\starlette\middleware\base.py", line 189, in __call__
    with collapse_excgroups():
  File "C:\Program Files\WindowsApps\PythonSoftwareFoundation.Python.3.10_3.10.3056.0_x64__qbz5n2kfra8p0\lib\contextlib.py", line 153, in __exit__
    self.gen.throw(typ, value, traceback)
  File "C:\Users\kuskm\pixifind\env\lib\site-packages\starlette\_utils.py", line 93, in collapse_excgroups
    raise exc
  File "C:\Users\kuskm\pixifind\env\lib\site-packages\starlette\middleware\base.py", line 191, in __call__
    response = await self.dispatch_func(request, call_next)
  File "C:\Users\kuskm\pixifind\env\lib\site-packages\chromadb\server\fastapi\__init__.py", line 96, in check_http_version_middleware
    return await call_next(request)
  File "C:\Users\kuskm\pixifind\env\lib\site-packages\starlette\middleware\base.py", line 165, in call_next
    raise app_exc
  File "C:\Users\kuskm\pixifind\env\lib\site-packages\starlette\middleware\base.py", line 151, in coro
    await self.app(scope, receive_or_disconnect, send_no_error)
  File "C:\Users\kuskm\pixifind\env\lib\site-packages\starlette\middleware\exceptions.py", line 65, in __call__
    await wrap_app_handling_exceptions(self.app, conn)(scope, receive, send)
  File "C:\Users\kuskm\pixifind\env\lib\site-packages\starlette\_exception_handler.py", line 64, in wrapped_app
    raise exc
  File "C:\Users\kuskm\pixifind\env\lib\site-packages\starlette\_exception_handler.py", line 53, in wrapped_app
    await app(scope, receive, sender)
  File "C:\Users\kuskm\pixifind\env\lib\site-packages\starlette\routing.py", line 756, in __call__
    await self.middleware_stack(scope, receive, send)
  File "C:\Users\kuskm\pixifind\env\lib\site-packages\starlette\routing.py", line 776, in app
    await route.handle(scope, receive, send)
  File "C:\Users\kuskm\pixifind\env\lib\site-packages\starlette\routing.py", line 297, in handle
    await self.app(scope, receive, send)
  File "C:\Users\kuskm\pixifind\env\lib\site-packages\starlette\routing.py", line 77, in app
    await wrap_app_handling_exceptions(app, request)(scope, receive, send)
  File "C:\Users\kuskm\pixifind\env\lib\site-packages\starlette\_exception_handler.py", line 64, in wrapped_app
    raise exc
  File "C:\Users\kuskm\pixifind\env\lib\site-packages\starlette\_exception_handler.py", line 53, in wrapped_app
    await app(scope, receive, sender)
  File "C:\Users\kuskm\pixifind\env\lib\site-packages\starlette\routing.py", line 72, in app
    response = await func(request)
  File "C:\Users\kuskm\pixifind\env\lib\site-packages\fastapi\routing.py", line 278, in app
    raw_response = await run_endpoint_function(
  File "C:\Users\kuskm\pixifind\env\lib\site-packages\fastapi\routing.py", line 193, in run_endpoint_function
    return await run_in_threadpool(dependant.call, **values)
  File "C:\Users\kuskm\pixifind\env\lib\site-packages\starlette\concurrency.py", line 42, in run_in_threadpool
    return await anyio.to_thread.run_sync(func, *args)
  File "C:\Users\kuskm\pixifind\env\lib\site-packages\anyio\to_thread.py", line 56, in run_sync
    return await get_async_backend().run_sync_in_worker_thread(
  File "C:\Users\kuskm\pixifind\env\lib\site-packages\anyio\_backends\_asyncio.py", line 2144, in run_sync_in_worker_thread
    return await future
  File "C:\Users\kuskm\pixifind\env\lib\site-packages\anyio\_backends\_asyncio.py", line 851, in run
    result = context.run(func, *args)
  File "C:\Users\kuskm\pixifind\env\lib\site-packages\chromadb\telemetry\opentelemetry\__init__.py", line 127, in wrapper
    return f(*args, **kwargs)
  File "C:\Users\kuskm\pixifind\env\lib\site-packages\chromadb\auth\fastapi.py", line 241, in wrapped
    return f(*args, **kwargs)
  File "C:\Users\kuskm\pixifind\env\lib\site-packages\chromadb\server\fastapi\__init__.py", line 415, in create_collection
    return self._api.create_collection(
  File "C:\Users\kuskm\pixifind\env\lib\site-packages\chromadb\telemetry\opentelemetry\__init__.py", line 127, in wrapper
    return f(*args, **kwargs)
  File "C:\Users\kuskm\pixifind\env\lib\site-packages\chromadb\api\segment.py", line 167, in create_collection
    coll, created = self._sysdb.create_collection(
  File "C:\Users\kuskm\pixifind\env\lib\site-packages\chromadb\telemetry\opentelemetry\__init__.py", line 127, in wrapper
    return f(*args, **kwargs)
  File "C:\Users\kuskm\pixifind\env\lib\site-packages\chromadb\db\mixins\sysdb.py", line 225, in create_collection
    raise UniqueConstraintError(f"Collection {name} already exists")
chromadb.db.base.UniqueConstraintError: Collection locations already exists
[32mINFO[0m:     [22-04-2024 22:07:53] ::1:62319 - "POST /api/v1/collections?tenant=default_tenant&database=default_database HTTP/1.1" 500
[32mINFO[0m:     [22-04-2024 22:08:08] ::1:62347 - "GET /api/v1/tenants/default_tenant HTTP/1.1" 200
[32mINFO[0m:     [22-04-2024 22:08:08] ::1:62347 - "GET /api/v1/databases/default_database?tenant=default_tenant HTTP/1.1" 200
[32mINFO[0m:     [22-04-2024 22:08:08] ::1:62348 - "DELETE /api/v1/collections/locations?tenant=default_tenant&database=default_database HTTP/1.1" 200
[32mINFO[0m:     [22-04-2024 22:08:16] ::1:62362 - "GET /api/v1/tenants/default_tenant HTTP/1.1" 200
[32mINFO[0m:     [22-04-2024 22:08:16] ::1:62362 - "GET /api/v1/databases/default_database?tenant=default_tenant HTTP/1.1" 200
[32mINFO[0m:     [22-04-2024 22:08:33] ::1:62395 - "GET /api/v1/tenants/default_tenant HTTP/1.1" 200
[32mINFO[0m:     [22-04-2024 22:08:33] ::1:62395 - "GET /api/v1/databases/default_database?tenant=default_tenant HTTP/1.1" 200
[32mINFO[0m:     [22-04-2024 22:08:33] ::1:62396 - "POST /api/v1/collections?tenant=default_tenant&database=default_database HTTP/1.1" 200
[32mINFO[0m:     [22-04-2024 22:09:31] ::1:62470 - "GET /api/v1/tenants/default_tenant HTTP/1.1" 200
[32mINFO[0m:     [22-04-2024 22:09:31] ::1:62470 - "GET /api/v1/databases/default_database?tenant=default_tenant HTTP/1.1" 200
[31mERROR[0m:    [22-04-2024 22:09:31] Collection locations already exists
Traceback (most recent call last):
  File "C:\Users\kuskm\pixifind\env\lib\site-packages\anyio\streams\memory.py", line 97, in receive
    return self.receive_nowait()
  File "C:\Users\kuskm\pixifind\env\lib\site-packages\anyio\streams\memory.py", line 92, in receive_nowait
    raise WouldBlock
anyio.WouldBlock

During handling of the above exception, another exception occurred:

Traceback (most recent call last):
  File "C:\Users\kuskm\pixifind\env\lib\site-packages\starlette\middleware\base.py", line 159, in call_next
    message = await recv_stream.receive()
  File "C:\Users\kuskm\pixifind\env\lib\site-packages\anyio\streams\memory.py", line 112, in receive
    raise EndOfStream
anyio.EndOfStream

During handling of the above exception, another exception occurred:

Traceback (most recent call last):
  File "C:\Users\kuskm\pixifind\env\lib\site-packages\chromadb\server\fastapi\__init__.py", line 82, in catch_exceptions_middleware
    return await call_next(request)
  File "C:\Users\kuskm\pixifind\env\lib\site-packages\starlette\middleware\base.py", line 165, in call_next
    raise app_exc
  File "C:\Users\kuskm\pixifind\env\lib\site-packages\starlette\middleware\base.py", line 151, in coro
    await self.app(scope, receive_or_disconnect, send_no_error)
  File "C:\Users\kuskm\pixifind\env\lib\site-packages\starlette\middleware\base.py", line 189, in __call__
    with collapse_excgroups():
  File "C:\Program Files\WindowsApps\PythonSoftwareFoundation.Python.3.10_3.10.3056.0_x64__qbz5n2kfra8p0\lib\contextlib.py", line 153, in __exit__
    self.gen.throw(typ, value, traceback)
  File "C:\Users\kuskm\pixifind\env\lib\site-packages\starlette\_utils.py", line 93, in collapse_excgroups
    raise exc
  File "C:\Users\kuskm\pixifind\env\lib\site-packages\starlette\middleware\base.py", line 191, in __call__
    response = await self.dispatch_func(request, call_next)
  File "C:\Users\kuskm\pixifind\env\lib\site-packages\chromadb\server\fastapi\__init__.py", line 96, in check_http_version_middleware
    return await call_next(request)
  File "C:\Users\kuskm\pixifind\env\lib\site-packages\starlette\middleware\base.py", line 165, in call_next
    raise app_exc
  File "C:\Users\kuskm\pixifind\env\lib\site-packages\starlette\middleware\base.py", line 151, in coro
    await self.app(scope, receive_or_disconnect, send_no_error)
  File "C:\Users\kuskm\pixifind\env\lib\site-packages\starlette\middleware\exceptions.py", line 65, in __call__
    await wrap_app_handling_exceptions(self.app, conn)(scope, receive, send)
  File "C:\Users\kuskm\pixifind\env\lib\site-packages\starlette\_exception_handler.py", line 64, in wrapped_app
    raise exc
  File "C:\Users\kuskm\pixifind\env\lib\site-packages\starlette\_exception_handler.py", line 53, in wrapped_app
    await app(scope, receive, sender)
  File "C:\Users\kuskm\pixifind\env\lib\site-packages\starlette\routing.py", line 756, in __call__
    await self.middleware_stack(scope, receive, send)
  File "C:\Users\kuskm\pixifind\env\lib\site-packages\starlette\routing.py", line 776, in app
    await route.handle(scope, receive, send)
  File "C:\Users\kuskm\pixifind\env\lib\site-packages\starlette\routing.py", line 297, in handle
    await self.app(scope, receive, send)
  File "C:\Users\kuskm\pixifind\env\lib\site-packages\starlette\routing.py", line 77, in app
    await wrap_app_handling_exceptions(app, request)(scope, receive, send)
  File "C:\Users\kuskm\pixifind\env\lib\site-packages\starlette\_exception_handler.py", line 64, in wrapped_app
    raise exc
  File "C:\Users\kuskm\pixifind\env\lib\site-packages\starlette\_exception_handler.py", line 53, in wrapped_app
    await app(scope, receive, sender)
  File "C:\Users\kuskm\pixifind\env\lib\site-packages\starlette\routing.py", line 72, in app
    response = await func(request)
  File "C:\Users\kuskm\pixifind\env\lib\site-packages\fastapi\routing.py", line 278, in app
    raw_response = await run_endpoint_function(
  File "C:\Users\kuskm\pixifind\env\lib\site-packages\fastapi\routing.py", line 193, in run_endpoint_function
    return await run_in_threadpool(dependant.call, **values)
  File "C:\Users\kuskm\pixifind\env\lib\site-packages\starlette\concurrency.py", line 42, in run_in_threadpool
    return await anyio.to_thread.run_sync(func, *args)
  File "C:\Users\kuskm\pixifind\env\lib\site-packages\anyio\to_thread.py", line 56, in run_sync
    return await get_async_backend().run_sync_in_worker_thread(
  File "C:\Users\kuskm\pixifind\env\lib\site-packages\anyio\_backends\_asyncio.py", line 2144, in run_sync_in_worker_thread
    return await future
  File "C:\Users\kuskm\pixifind\env\lib\site-packages\anyio\_backends\_asyncio.py", line 851, in run
    result = context.run(func, *args)
  File "C:\Users\kuskm\pixifind\env\lib\site-packages\chromadb\telemetry\opentelemetry\__init__.py", line 127, in wrapper
    return f(*args, **kwargs)
  File "C:\Users\kuskm\pixifind\env\lib\site-packages\chromadb\auth\fastapi.py", line 241, in wrapped
    return f(*args, **kwargs)
  File "C:\Users\kuskm\pixifind\env\lib\site-packages\chromadb\server\fastapi\__init__.py", line 415, in create_collection
    return self._api.create_collection(
  File "C:\Users\kuskm\pixifind\env\lib\site-packages\chromadb\telemetry\opentelemetry\__init__.py", line 127, in wrapper
    return f(*args, **kwargs)
  File "C:\Users\kuskm\pixifind\env\lib\site-packages\chromadb\api\segment.py", line 167, in create_collection
    coll, created = self._sysdb.create_collection(
  File "C:\Users\kuskm\pixifind\env\lib\site-packages\chromadb\telemetry\opentelemetry\__init__.py", line 127, in wrapper
    return f(*args, **kwargs)
  File "C:\Users\kuskm\pixifind\env\lib\site-packages\chromadb\db\mixins\sysdb.py", line 225, in create_collection
    raise UniqueConstraintError(f"Collection {name} already exists")
chromadb.db.base.UniqueConstraintError: Collection locations already exists
[32mINFO[0m:     [22-04-2024 22:09:31] ::1:62471 - "POST /api/v1/collections?tenant=default_tenant&database=default_database HTTP/1.1" 500
[32mINFO[0m:     [22-04-2024 22:09:55] ::1:62516 - "GET /api/v1/tenants/default_tenant HTTP/1.1" 200
[32mINFO[0m:     [22-04-2024 22:09:55] ::1:62516 - "GET /api/v1/databases/default_database?tenant=default_tenant HTTP/1.1" 200
[32mINFO[0m:     [22-04-2024 22:09:55] ::1:62518 - "GET /api/v1/collections/locations?tenant=default_tenant&database=default_database HTTP/1.1" 200
[32mINFO[0m:     [22-04-2024 22:13:44] ::1:62801 - "GET /api/v1/tenants/default_tenant HTTP/1.1" 200
[32mINFO[0m:     [22-04-2024 22:13:44] ::1:62801 - "GET /api/v1/databases/default_database?tenant=default_tenant HTTP/1.1" 200
[32mINFO[0m:     [22-04-2024 22:13:44] ::1:62802 - "DELETE /api/v1/collections/locations?tenant=default_tenant&database=default_database HTTP/1.1" 200
[32mINFO[0m:     [22-04-2024 22:15:12] ::1:62927 - "GET /api/v1/tenants/default_tenant HTTP/1.1" 200
[32mINFO[0m:     [22-04-2024 22:15:13] ::1:62927 - "GET /api/v1/databases/default_database?tenant=default_tenant HTTP/1.1" 200
[32mINFO[0m:     [22-04-2024 22:15:13] ::1:62928 - "POST /api/v1/collections?tenant=default_tenant&database=default_database HTTP/1.1" 200
[32mINFO[0m:     [22-04-2024 22:15:18] ::1:62928 - "GET /api/v1/pre-flight-checks HTTP/1.1" 200
[36mDEBUG[0m:    [22-04-2024 22:15:18] Starting component PersistentLocalHnswSegment
[32mINFO[0m:     [22-04-2024 22:15:18] ::1:62928 - "POST /api/v1/collections/118aa4d3-342c-49fa-a03b-09e48aecc5a7/add HTTP/1.1" 201
[32mINFO[0m:     [22-04-2024 22:15:18] ::1:62928 - "POST /api/v1/collections/118aa4d3-342c-49fa-a03b-09e48aecc5a7/query HTTP/1.1" 200
[32mINFO[0m:     [22-04-2024 22:16:22] ::1:63030 - "GET /api/v1/tenants/default_tenant HTTP/1.1" 200
[32mINFO[0m:     [22-04-2024 22:16:22] ::1:63030 - "GET /api/v1/databases/default_database?tenant=default_tenant HTTP/1.1" 200
[32mINFO[0m:     [22-04-2024 22:16:22] ::1:63031 - "GET /api/v1/collections/locations?tenant=default_tenant&database=default_database HTTP/1.1" 200
[32mINFO[0m:     [22-04-2024 22:16:23] ::1:63031 - "GET /api/v1/pre-flight-checks HTTP/1.1" 200
[33mWARNING[0m:  [22-04-2024 22:16:23] Insert of existing embedding ID: 1
[33mWARNING[0m:  [22-04-2024 22:16:23] Insert of existing embedding ID: 2
[33mWARNING[0m:  [22-04-2024 22:16:23] Insert of existing embedding ID: 3
[33mWARNING[0m:  [22-04-2024 22:16:23] Insert of existing embedding ID: 4
[33mWARNING[0m:  [22-04-2024 22:16:23] Insert of existing embedding ID: 5
[33mWARNING[0m:  [22-04-2024 22:16:23] Insert of existing embedding ID: 6
[33mWARNING[0m:  [22-04-2024 22:16:23] Insert of existing embedding ID: 7
[33mWARNING[0m:  [22-04-2024 22:16:23] Insert of existing embedding ID: 8
[33mWARNING[0m:  [22-04-2024 22:16:23] Insert of existing embedding ID: 9
[33mWARNING[0m:  [22-04-2024 22:16:23] Insert of existing embedding ID: 10
[33mWARNING[0m:  [22-04-2024 22:16:23] Insert of existing embedding ID: 11
[33mWARNING[0m:  [22-04-2024 22:16:23] Insert of existing embedding ID: 12
[33mWARNING[0m:  [22-04-2024 22:16:23] Insert of existing embedding ID: 13
[33mWARNING[0m:  [22-04-2024 22:16:23] Insert of existing embedding ID: 14
[33mWARNING[0m:  [22-04-2024 22:16:23] Insert of existing embedding ID: 15
[33mWARNING[0m:  [22-04-2024 22:16:23] Insert of existing embedding ID: 16
[33mWARNING[0m:  [22-04-2024 22:16:23] Insert of existing embedding ID: 17
[33mWARNING[0m:  [22-04-2024 22:16:23] Insert of existing embedding ID: 18
[33mWARNING[0m:  [22-04-2024 22:16:23] Insert of existing embedding ID: 19
[33mWARNING[0m:  [22-04-2024 22:16:23] Insert of existing embedding ID: 20
[33mWARNING[0m:  [22-04-2024 22:16:23] Insert of existing embedding ID: 21
[33mWARNING[0m:  [22-04-2024 22:16:23] Insert of existing embedding ID: 22
[33mWARNING[0m:  [22-04-2024 22:16:23] Insert of existing embedding ID: 23
[33mWARNING[0m:  [22-04-2024 22:16:23] Insert of existing embedding ID: 24
[33mWARNING[0m:  [22-04-2024 22:16:23] Insert of existing embedding ID: 25
[33mWARNING[0m:  [22-04-2024 22:16:23] Insert of existing embedding ID: 26
[33mWARNING[0m:  [22-04-2024 22:16:23] Insert of existing embedding ID: 27
[33mWARNING[0m:  [22-04-2024 22:16:23] Insert of existing embedding ID: 28
[33mWARNING[0m:  [22-04-2024 22:16:23] Insert of existing embedding ID: 29
[33mWARNING[0m:  [22-04-2024 22:16:23] Insert of existing embedding ID: 30
[33mWARNING[0m:  [22-04-2024 22:16:23] Insert of existing embedding ID: 31
[33mWARNING[0m:  [22-04-2024 22:16:23] Insert of existing embedding ID: 32
[33mWARNING[0m:  [22-04-2024 22:16:23] Insert of existing embedding ID: 33
[33mWARNING[0m:  [22-04-2024 22:16:23] Add of existing embedding ID: 1
[33mWARNING[0m:  [22-04-2024 22:16:23] Add of existing embedding ID: 2
[33mWARNING[0m:  [22-04-2024 22:16:23] Add of existing embedding ID: 3
[33mWARNING[0m:  [22-04-2024 22:16:23] Add of existing embedding ID: 4
[33mWARNING[0m:  [22-04-2024 22:16:23] Add of existing embedding ID: 5
[33mWARNING[0m:  [22-04-2024 22:16:23] Add of existing embedding ID: 6
[33mWARNING[0m:  [22-04-2024 22:16:23] Add of existing embedding ID: 7
[33mWARNING[0m:  [22-04-2024 22:16:23] Add of existing embedding ID: 8
[33mWARNING[0m:  [22-04-2024 22:16:23] Add of existing embedding ID: 9
[33mWARNING[0m:  [22-04-2024 22:16:23] Add of existing embedding ID: 10
[33mWARNING[0m:  [22-04-2024 22:16:23] Add of existing embedding ID: 11
[33mWARNING[0m:  [22-04-2024 22:16:23] Add of existing embedding ID: 12
[33mWARNING[0m:  [22-04-2024 22:16:23] Add of existing embedding ID: 13
[33mWARNING[0m:  [22-04-2024 22:16:23] Add of existing embedding ID: 14
[33mWARNING[0m:  [22-04-2024 22:16:23] Add of existing embedding ID: 15
[33mWARNING[0m:  [22-04-2024 22:16:23] Add of existing embedding ID: 16
[33mWARNING[0m:  [22-04-2024 22:16:23] Add of existing embedding ID: 17
[33mWARNING[0m:  [22-04-2024 22:16:23] Add of existing embedding ID: 18
[33mWARNING[0m:  [22-04-2024 22:16:23] Add of existing embedding ID: 19
[33mWARNING[0m:  [22-04-2024 22:16:23] Add of existing embedding ID: 20
[33mWARNING[0m:  [22-04-2024 22:16:23] Add of existing embedding ID: 21
[33mWARNING[0m:  [22-04-2024 22:16:23] Add of existing embedding ID: 22
[33mWARNING[0m:  [22-04-2024 22:16:23] Add of existing embedding ID: 23
[33mWARNING[0m:  [22-04-2024 22:16:23] Add of existing embedding ID: 24
[33mWARNING[0m:  [22-04-2024 22:16:23] Add of existing embedding ID: 25
[33mWARNING[0m:  [22-04-2024 22:16:23] Add of existing embedding ID: 26
[33mWARNING[0m:  [22-04-2024 22:16:23] Add of existing embedding ID: 27
[33mWARNING[0m:  [22-04-2024 22:16:23] Add of existing embedding ID: 28
[33mWARNING[0m:  [22-04-2024 22:16:23] Add of existing embedding ID: 29
[33mWARNING[0m:  [22-04-2024 22:16:23] Add of existing embedding ID: 30
[33mWARNING[0m:  [22-04-2024 22:16:23] Add of existing embedding ID: 31
[33mWARNING[0m:  [22-04-2024 22:16:23] Add of existing embedding ID: 32
[33mWARNING[0m:  [22-04-2024 22:16:23] Add of existing embedding ID: 33
[32mINFO[0m:     [22-04-2024 22:16:23] ::1:63031 - "POST /api/v1/collections/118aa4d3-342c-49fa-a03b-09e48aecc5a7/add HTTP/1.1" 201
[32mINFO[0m:     [22-04-2024 22:16:23] ::1:63031 - "POST /api/v1/collections/118aa4d3-342c-49fa-a03b-09e48aecc5a7/query HTTP/1.1" 200
[32mINFO[0m:     [22-04-2024 22:16:50] ::1:63079 - "GET /api/v1/tenants/default_tenant HTTP/1.1" 200
[32mINFO[0m:     [22-04-2024 22:16:50] ::1:63079 - "GET /api/v1/databases/default_database?tenant=default_tenant HTTP/1.1" 200
[32mINFO[0m:     [22-04-2024 22:16:50] ::1:63080 - "GET /api/v1/collections/locations?tenant=default_tenant&database=default_database HTTP/1.1" 200
[32mINFO[0m:     [22-04-2024 22:16:52] ::1:63080 - "GET /api/v1/pre-flight-checks HTTP/1.1" 200
[33mWARNING[0m:  [22-04-2024 22:16:52] Insert of existing embedding ID: 1
[33mWARNING[0m:  [22-04-2024 22:16:52] Insert of existing embedding ID: 2
[33mWARNING[0m:  [22-04-2024 22:16:52] Insert of existing embedding ID: 3
[33mWARNING[0m:  [22-04-2024 22:16:52] Insert of existing embedding ID: 4
[33mWARNING[0m:  [22-04-2024 22:16:52] Insert of existing embedding ID: 5
[33mWARNING[0m:  [22-04-2024 22:16:52] Insert of existing embedding ID: 6
[33mWARNING[0m:  [22-04-2024 22:16:52] Insert of existing embedding ID: 7
[33mWARNING[0m:  [22-04-2024 22:16:52] Insert of existing embedding ID: 8
[33mWARNING[0m:  [22-04-2024 22:16:52] Insert of existing embedding ID: 9
[33mWARNING[0m:  [22-04-2024 22:16:52] Insert of existing embedding ID: 10
[33mWARNING[0m:  [22-04-2024 22:16:52] Insert of existing embedding ID: 11
[33mWARNING[0m:  [22-04-2024 22:16:52] Insert of existing embedding ID: 12
[33mWARNING[0m:  [22-04-2024 22:16:52] Insert of existing embedding ID: 13
[33mWARNING[0m:  [22-04-2024 22:16:52] Insert of existing embedding ID: 14
[33mWARNING[0m:  [22-04-2024 22:16:52] Insert of existing embedding ID: 15
[33mWARNING[0m:  [22-04-2024 22:16:52] Insert of existing embedding ID: 16
[33mWARNING[0m:  [22-04-2024 22:16:52] Insert of existing embedding ID: 17
[33mWARNING[0m:  [22-04-2024 22:16:52] Insert of existing embedding ID: 18
[33mWARNING[0m:  [22-04-2024 22:16:52] Insert of existing embedding ID: 19
[33mWARNING[0m:  [22-04-2024 22:16:52] Insert of existing embedding ID: 20
[33mWARNING[0m:  [22-04-2024 22:16:52] Insert of existing embedding ID: 21
[33mWARNING[0m:  [22-04-2024 22:16:52] Insert of existing embedding ID: 22
[33mWARNING[0m:  [22-04-2024 22:16:52] Insert of existing embedding ID: 23
[33mWARNING[0m:  [22-04-2024 22:16:52] Insert of existing embedding ID: 24
[33mWARNING[0m:  [22-04-2024 22:16:52] Insert of existing embedding ID: 25
[33mWARNING[0m:  [22-04-2024 22:16:52] Insert of existing embedding ID: 26
[33mWARNING[0m:  [22-04-2024 22:16:52] Insert of existing embedding ID: 27
[33mWARNING[0m:  [22-04-2024 22:16:52] Insert of existing embedding ID: 28
[33mWARNING[0m:  [22-04-2024 22:16:52] Insert of existing embedding ID: 29
[33mWARNING[0m:  [22-04-2024 22:16:52] Insert of existing embedding ID: 30
[33mWARNING[0m:  [22-04-2024 22:16:52] Insert of existing embedding ID: 31
[33mWARNING[0m:  [22-04-2024 22:16:52] Insert of existing embedding ID: 32
[33mWARNING[0m:  [22-04-2024 22:16:52] Insert of existing embedding ID: 33
[33mWARNING[0m:  [22-04-2024 22:16:52] Add of existing embedding ID: 1
[33mWARNING[0m:  [22-04-2024 22:16:52] Add of existing embedding ID: 2
[33mWARNING[0m:  [22-04-2024 22:16:52] Add of existing embedding ID: 3
[33mWARNING[0m:  [22-04-2024 22:16:52] Add of existing embedding ID: 4
[33mWARNING[0m:  [22-04-2024 22:16:52] Add of existing embedding ID: 5
[33mWARNING[0m:  [22-04-2024 22:16:52] Add of existing embedding ID: 6
[33mWARNING[0m:  [22-04-2024 22:16:52] Add of existing embedding ID: 7
[33mWARNING[0m:  [22-04-2024 22:16:52] Add of existing embedding ID: 8
[33mWARNING[0m:  [22-04-2024 22:16:52] Add of existing embedding ID: 9
[33mWARNING[0m:  [22-04-2024 22:16:52] Add of existing embedding ID: 10
[33mWARNING[0m:  [22-04-2024 22:16:52] Add of existing embedding ID: 11
[33mWARNING[0m:  [22-04-2024 22:16:52] Add of existing embedding ID: 12
[33mWARNING[0m:  [22-04-2024 22:16:52] Add of existing embedding ID: 13
[33mWARNING[0m:  [22-04-2024 22:16:52] Add of existing embedding ID: 14
[33mWARNING[0m:  [22-04-2024 22:16:52] Add of existing embedding ID: 15
[33mWARNING[0m:  [22-04-2024 22:16:52] Add of existing embedding ID: 16
[33mWARNING[0m:  [22-04-2024 22:16:52] Add of existing embedding ID: 17
[33mWARNING[0m:  [22-04-2024 22:16:52] Add of existing embedding ID: 18
[33mWARNING[0m:  [22-04-2024 22:16:52] Add of existing embedding ID: 19
[33mWARNING[0m:  [22-04-2024 22:16:52] Add of existing embedding ID: 20
[33mWARNING[0m:  [22-04-2024 22:16:52] Add of existing embedding ID: 21
[33mWARNING[0m:  [22-04-2024 22:16:52] Add of existing embedding ID: 22
[33mWARNING[0m:  [22-04-2024 22:16:52] Add of existing embedding ID: 23
[33mWARNING[0m:  [22-04-2024 22:16:52] Add of existing embedding ID: 24
[33mWARNING[0m:  [22-04-2024 22:16:52] Add of existing embedding ID: 25
[33mWARNING[0m:  [22-04-2024 22:16:52] Add of existing embedding ID: 26
[33mWARNING[0m:  [22-04-2024 22:16:52] Add of existing embedding ID: 27
[33mWARNING[0m:  [22-04-2024 22:16:52] Add of existing embedding ID: 28
[33mWARNING[0m:  [22-04-2024 22:16:52] Add of existing embedding ID: 29
[33mWARNING[0m:  [22-04-2024 22:16:52] Add of existing embedding ID: 30
[33mWARNING[0m:  [22-04-2024 22:16:52] Add of existing embedding ID: 31
[33mWARNING[0m:  [22-04-2024 22:16:52] Add of existing embedding ID: 32
[33mWARNING[0m:  [22-04-2024 22:16:52] Add of existing embedding ID: 33
[32mINFO[0m:     [22-04-2024 22:16:52] ::1:63080 - "POST /api/v1/collections/118aa4d3-342c-49fa-a03b-09e48aecc5a7/add HTTP/1.1" 201
[32mINFO[0m:     [22-04-2024 22:16:52] ::1:63080 - "POST /api/v1/collections/118aa4d3-342c-49fa-a03b-09e48aecc5a7/query HTTP/1.1" 200
[32mINFO[0m:     [22-04-2024 22:28:42] ::1:64045 - "GET /api/v1/tenants/default_tenant HTTP/1.1" 200
[32mINFO[0m:     [22-04-2024 22:28:42] ::1:64045 - "GET /api/v1/databases/default_database?tenant=default_tenant HTTP/1.1" 200
[32mINFO[0m:     [22-04-2024 22:28:42] ::1:64046 - "GET /api/v1/collections/locations?tenant=default_tenant&database=default_database HTTP/1.1" 200
[32mINFO[0m:     [22-04-2024 22:28:45] ::1:64046 - "GET /api/v1/pre-flight-checks HTTP/1.1" 200
[33mWARNING[0m:  [22-04-2024 22:28:45] Insert of existing embedding ID: 1
[33mWARNING[0m:  [22-04-2024 22:28:45] Insert of existing embedding ID: 2
[33mWARNING[0m:  [22-04-2024 22:28:45] Insert of existing embedding ID: 3
[33mWARNING[0m:  [22-04-2024 22:28:45] Insert of existing embedding ID: 4
[33mWARNING[0m:  [22-04-2024 22:28:45] Insert of existing embedding ID: 5
[33mWARNING[0m:  [22-04-2024 22:28:45] Insert of existing embedding ID: 6
[33mWARNING[0m:  [22-04-2024 22:28:45] Insert of existing embedding ID: 7
[33mWARNING[0m:  [22-04-2024 22:28:45] Insert of existing embedding ID: 8
[33mWARNING[0m:  [22-04-2024 22:28:45] Insert of existing embedding ID: 9
[33mWARNING[0m:  [22-04-2024 22:28:45] Insert of existing embedding ID: 10
[33mWARNING[0m:  [22-04-2024 22:28:45] Insert of existing embedding ID: 11
[33mWARNING[0m:  [22-04-2024 22:28:45] Insert of existing embedding ID: 12
[33mWARNING[0m:  [22-04-2024 22:28:45] Insert of existing embedding ID: 13
[33mWARNING[0m:  [22-04-2024 22:28:45] Insert of existing embedding ID: 14
[33mWARNING[0m:  [22-04-2024 22:28:45] Insert of existing embedding ID: 15
[33mWARNING[0m:  [22-04-2024 22:28:45] Insert of existing embedding ID: 16
[33mWARNING[0m:  [22-04-2024 22:28:45] Insert of existing embedding ID: 17
[33mWARNING[0m:  [22-04-2024 22:28:45] Insert of existing embedding ID: 18
[33mWARNING[0m:  [22-04-2024 22:28:45] Insert of existing embedding ID: 19
[33mWARNING[0m:  [22-04-2024 22:28:45] Insert of existing embedding ID: 20
[33mWARNING[0m:  [22-04-2024 22:28:45] Insert of existing embedding ID: 21
[33mWARNING[0m:  [22-04-2024 22:28:45] Insert of existing embedding ID: 22
[33mWARNING[0m:  [22-04-2024 22:28:45] Insert of existing embedding ID: 23
[33mWARNING[0m:  [22-04-2024 22:28:45] Insert of existing embedding ID: 24
[33mWARNING[0m:  [22-04-2024 22:28:45] Insert of existing embedding ID: 25
[33mWARNING[0m:  [22-04-2024 22:28:45] Insert of existing embedding ID: 26
[33mWARNING[0m:  [22-04-2024 22:28:45] Insert of existing embedding ID: 27
[33mWARNING[0m:  [22-04-2024 22:28:45] Insert of existing embedding ID: 28
[33mWARNING[0m:  [22-04-2024 22:28:45] Insert of existing embedding ID: 29
[33mWARNING[0m:  [22-04-2024 22:28:45] Insert of existing embedding ID: 30
[33mWARNING[0m:  [22-04-2024 22:28:45] Insert of existing embedding ID: 31
[33mWARNING[0m:  [22-04-2024 22:28:45] Insert of existing embedding ID: 32
[33mWARNING[0m:  [22-04-2024 22:28:45] Insert of existing embedding ID: 33
[33mWARNING[0m:  [22-04-2024 22:28:45] Add of existing embedding ID: 1
[33mWARNING[0m:  [22-04-2024 22:28:45] Add of existing embedding ID: 2
[33mWARNING[0m:  [22-04-2024 22:28:45] Add of existing embedding ID: 3
[33mWARNING[0m:  [22-04-2024 22:28:45] Add of existing embedding ID: 4
[33mWARNING[0m:  [22-04-2024 22:28:45] Add of existing embedding ID: 5
[33mWARNING[0m:  [22-04-2024 22:28:45] Add of existing embedding ID: 6
[33mWARNING[0m:  [22-04-2024 22:28:45] Add of existing embedding ID: 7
[33mWARNING[0m:  [22-04-2024 22:28:45] Add of existing embedding ID: 8
[33mWARNING[0m:  [22-04-2024 22:28:45] Add of existing embedding ID: 9
[33mWARNING[0m:  [22-04-2024 22:28:45] Add of existing embedding ID: 10
[33mWARNING[0m:  [22-04-2024 22:28:45] Add of existing embedding ID: 11
[33mWARNING[0m:  [22-04-2024 22:28:45] Add of existing embedding ID: 12
[33mWARNING[0m:  [22-04-2024 22:28:45] Add of existing embedding ID: 13
[33mWARNING[0m:  [22-04-2024 22:28:45] Add of existing embedding ID: 14
[33mWARNING[0m:  [22-04-2024 22:28:45] Add of existing embedding ID: 15
[33mWARNING[0m:  [22-04-2024 22:28:45] Add of existing embedding ID: 16
[33mWARNING[0m:  [22-04-2024 22:28:45] Add of existing embedding ID: 17
[33mWARNING[0m:  [22-04-2024 22:28:45] Add of existing embedding ID: 18
[33mWARNING[0m:  [22-04-2024 22:28:45] Add of existing embedding ID: 19
[33mWARNING[0m:  [22-04-2024 22:28:45] Add of existing embedding ID: 20
[33mWARNING[0m:  [22-04-2024 22:28:45] Add of existing embedding ID: 21
[33mWARNING[0m:  [22-04-2024 22:28:45] Add of existing embedding ID: 22
[33mWARNING[0m:  [22-04-2024 22:28:45] Add of existing embedding ID: 23
[33mWARNING[0m:  [22-04-2024 22:28:45] Add of existing embedding ID: 24
[33mWARNING[0m:  [22-04-2024 22:28:45] Add of existing embedding ID: 25
[33mWARNING[0m:  [22-04-2024 22:28:45] Add of existing embedding ID: 26
[33mWARNING[0m:  [22-04-2024 22:28:45] Add of existing embedding ID: 27
[33mWARNING[0m:  [22-04-2024 22:28:45] Add of existing embedding ID: 28
[33mWARNING[0m:  [22-04-2024 22:28:45] Add of existing embedding ID: 29
[33mWARNING[0m:  [22-04-2024 22:28:45] Add of existing embedding ID: 30
[33mWARNING[0m:  [22-04-2024 22:28:45] Add of existing embedding ID: 31
[33mWARNING[0m:  [22-04-2024 22:28:45] Add of existing embedding ID: 32
[33mWARNING[0m:  [22-04-2024 22:28:45] Add of existing embedding ID: 33
[32mINFO[0m:     [22-04-2024 22:28:45] ::1:64046 - "POST /api/v1/collections/118aa4d3-342c-49fa-a03b-09e48aecc5a7/add HTTP/1.1" 201
[32mINFO[0m:     [22-04-2024 22:28:45] ::1:64046 - "POST /api/v1/collections/118aa4d3-342c-49fa-a03b-09e48aecc5a7/query HTTP/1.1" 200
[32mINFO[0m:     [22-04-2024 22:29:12] ::1:64085 - "GET /api/v1/tenants/default_tenant HTTP/1.1" 200
[32mINFO[0m:     [22-04-2024 22:29:12] ::1:64085 - "GET /api/v1/databases/default_database?tenant=default_tenant HTTP/1.1" 200
[32mINFO[0m:     [22-04-2024 22:29:12] ::1:64086 - "GET /api/v1/collections/locations?tenant=default_tenant&database=default_database HTTP/1.1" 200
[32mINFO[0m:     [22-04-2024 22:29:14] ::1:64086 - "GET /api/v1/pre-flight-checks HTTP/1.1" 200
[33mWARNING[0m:  [22-04-2024 22:29:15] Insert of existing embedding ID: 1
[33mWARNING[0m:  [22-04-2024 22:29:15] Insert of existing embedding ID: 2
[33mWARNING[0m:  [22-04-2024 22:29:15] Insert of existing embedding ID: 3
[33mWARNING[0m:  [22-04-2024 22:29:15] Insert of existing embedding ID: 4
[33mWARNING[0m:  [22-04-2024 22:29:15] Insert of existing embedding ID: 5
[33mWARNING[0m:  [22-04-2024 22:29:15] Insert of existing embedding ID: 6
[33mWARNING[0m:  [22-04-2024 22:29:15] Insert of existing embedding ID: 7
[33mWARNING[0m:  [22-04-2024 22:29:15] Insert of existing embedding ID: 8
[33mWARNING[0m:  [22-04-2024 22:29:15] Insert of existing embedding ID: 9
[33mWARNING[0m:  [22-04-2024 22:29:15] Insert of existing embedding ID: 10
[33mWARNING[0m:  [22-04-2024 22:29:15] Insert of existing embedding ID: 11
[33mWARNING[0m:  [22-04-2024 22:29:15] Insert of existing embedding ID: 12
[33mWARNING[0m:  [22-04-2024 22:29:15] Insert of existing embedding ID: 13
[33mWARNING[0m:  [22-04-2024 22:29:15] Insert of existing embedding ID: 14
[33mWARNING[0m:  [22-04-2024 22:29:15] Insert of existing embedding ID: 15
[33mWARNING[0m:  [22-04-2024 22:29:15] Insert of existing embedding ID: 16
[33mWARNING[0m:  [22-04-2024 22:29:15] Insert of existing embedding ID: 17
[33mWARNING[0m:  [22-04-2024 22:29:15] Insert of existing embedding ID: 18
[33mWARNING[0m:  [22-04-2024 22:29:15] Insert of existing embedding ID: 19
[33mWARNING[0m:  [22-04-2024 22:29:15] Insert of existing embedding ID: 20
[33mWARNING[0m:  [22-04-2024 22:29:15] Insert of existing embedding ID: 21
[33mWARNING[0m:  [22-04-2024 22:29:15] Insert of existing embedding ID: 22
[33mWARNING[0m:  [22-04-2024 22:29:15] Insert of existing embedding ID: 23
[33mWARNING[0m:  [22-04-2024 22:29:15] Insert of existing embedding ID: 24
[33mWARNING[0m:  [22-04-2024 22:29:15] Insert of existing embedding ID: 25
[33mWARNING[0m:  [22-04-2024 22:29:15] Insert of existing embedding ID: 26
[33mWARNING[0m:  [22-04-2024 22:29:15] Insert of existing embedding ID: 27
[33mWARNING[0m:  [22-04-2024 22:29:15] Insert of existing embedding ID: 28
[33mWARNING[0m:  [22-04-2024 22:29:15] Insert of existing embedding ID: 29
[33mWARNING[0m:  [22-04-2024 22:29:15] Insert of existing embedding ID: 30
[33mWARNING[0m:  [22-04-2024 22:29:15] Insert of existing embedding ID: 31
[33mWARNING[0m:  [22-04-2024 22:29:15] Insert of existing embedding ID: 32
[33mWARNING[0m:  [22-04-2024 22:29:15] Insert of existing embedding ID: 33
[33mWARNING[0m:  [22-04-2024 22:29:15] Insert of existing embedding ID: 34
[33mWARNING[0m:  [22-04-2024 22:29:15] Insert of existing embedding ID: 35
[33mWARNING[0m:  [22-04-2024 22:29:15] Insert of existing embedding ID: 36
[33mWARNING[0m:  [22-04-2024 22:29:15] Insert of existing embedding ID: 37
[33mWARNING[0m:  [22-04-2024 22:29:15] Insert of existing embedding ID: 38
[33mWARNING[0m:  [22-04-2024 22:29:15] Insert of existing embedding ID: 39
[33mWARNING[0m:  [22-04-2024 22:29:15] Insert of existing embedding ID: 40
[33mWARNING[0m:  [22-04-2024 22:29:15] Insert of existing embedding ID: 41
[33mWARNING[0m:  [22-04-2024 22:29:15] Insert of existing embedding ID: 42
[33mWARNING[0m:  [22-04-2024 22:29:15] Insert of existing embedding ID: 43
[33mWARNING[0m:  [22-04-2024 22:29:15] Insert of existing embedding ID: 44
[33mWARNING[0m:  [22-04-2024 22:29:15] Insert of existing embedding ID: 45
[33mWARNING[0m:  [22-04-2024 22:29:15] Insert of existing embedding ID: 46
[33mWARNING[0m:  [22-04-2024 22:29:15] Insert of existing embedding ID: 47
[33mWARNING[0m:  [22-04-2024 22:29:15] Insert of existing embedding ID: 48
[33mWARNING[0m:  [22-04-2024 22:29:15] Insert of existing embedding ID: 49
[33mWARNING[0m:  [22-04-2024 22:29:15] Insert of existing embedding ID: 50
[33mWARNING[0m:  [22-04-2024 22:29:15] Insert of existing embedding ID: 51
[33mWARNING[0m:  [22-04-2024 22:29:15] Insert of existing embedding ID: 52
[33mWARNING[0m:  [22-04-2024 22:29:15] Insert of existing embedding ID: 53
[33mWARNING[0m:  [22-04-2024 22:29:15] Insert of existing embedding ID: 54
[33mWARNING[0m:  [22-04-2024 22:29:15] Insert of existing embedding ID: 55
[33mWARNING[0m:  [22-04-2024 22:29:15] Insert of existing embedding ID: 56
[33mWARNING[0m:  [22-04-2024 22:29:15] Insert of existing embedding ID: 57
[33mWARNING[0m:  [22-04-2024 22:29:15] Insert of existing embedding ID: 58
[33mWARNING[0m:  [22-04-2024 22:29:15] Insert of existing embedding ID: 59
[33mWARNING[0m:  [22-04-2024 22:29:15] Insert of existing embedding ID: 60
[33mWARNING[0m:  [22-04-2024 22:29:15] Insert of existing embedding ID: 61
[33mWARNING[0m:  [22-04-2024 22:29:15] Insert of existing embedding ID: 62
[33mWARNING[0m:  [22-04-2024 22:29:15] Insert of existing embedding ID: 63
[33mWARNING[0m:  [22-04-2024 22:29:15] Insert of existing embedding ID: 64
[33mWARNING[0m:  [22-04-2024 22:29:15] Insert of existing embedding ID: 65
[33mWARNING[0m:  [22-04-2024 22:29:15] Insert of existing embedding ID: 66
[33mWARNING[0m:  [22-04-2024 22:29:15] Insert of existing embedding ID: 67
[33mWARNING[0m:  [22-04-2024 22:29:15] Insert of existing embedding ID: 68
[33mWARNING[0m:  [22-04-2024 22:29:15] Insert of existing embedding ID: 69
[33mWARNING[0m:  [22-04-2024 22:29:15] Insert of existing embedding ID: 70
[33mWARNING[0m:  [22-04-2024 22:29:15] Insert of existing embedding ID: 71
[33mWARNING[0m:  [22-04-2024 22:29:15] Insert of existing embedding ID: 72
[33mWARNING[0m:  [22-04-2024 22:29:15] Insert of existing embedding ID: 73
[33mWARNING[0m:  [22-04-2024 22:29:15] Insert of existing embedding ID: 74
[33mWARNING[0m:  [22-04-2024 22:29:15] Insert of existing embedding ID: 75
[33mWARNING[0m:  [22-04-2024 22:29:15] Insert of existing embedding ID: 76
[33mWARNING[0m:  [22-04-2024 22:29:15] Insert of existing embedding ID: 77
[33mWARNING[0m:  [22-04-2024 22:29:15] Insert of existing embedding ID: 78
[33mWARNING[0m:  [22-04-2024 22:29:15] Insert of existing embedding ID: 79
[33mWARNING[0m:  [22-04-2024 22:29:15] Insert of existing embedding ID: 80
[33mWARNING[0m:  [22-04-2024 22:29:15] Insert of existing embedding ID: 81
[33mWARNING[0m:  [22-04-2024 22:29:15] Insert of existing embedding ID: 82
[33mWARNING[0m:  [22-04-2024 22:29:15] Insert of existing embedding ID: 83
[33mWARNING[0m:  [22-04-2024 22:29:15] Insert of existing embedding ID: 84
[33mWARNING[0m:  [22-04-2024 22:29:15] Insert of existing embedding ID: 85
[33mWARNING[0m:  [22-04-2024 22:29:15] Insert of existing embedding ID: 86
[33mWARNING[0m:  [22-04-2024 22:29:15] Insert of existing embedding ID: 87
[33mWARNING[0m:  [22-04-2024 22:29:15] Insert of existing embedding ID: 88
[33mWARNING[0m:  [22-04-2024 22:29:15] Insert of existing embedding ID: 89
[33mWARNING[0m:  [22-04-2024 22:29:15] Insert of existing embedding ID: 90
[33mWARNING[0m:  [22-04-2024 22:29:15] Insert of existing embedding ID: 91
[33mWARNING[0m:  [22-04-2024 22:29:15] Insert of existing embedding ID: 92
[33mWARNING[0m:  [22-04-2024 22:29:15] Insert of existing embedding ID: 93
[33mWARNING[0m:  [22-04-2024 22:29:15] Insert of existing embedding ID: 94
[33mWARNING[0m:  [22-04-2024 22:29:15] Insert of existing embedding ID: 95
[33mWARNING[0m:  [22-04-2024 22:29:15] Insert of existing embedding ID: 96
[33mWARNING[0m:  [22-04-2024 22:29:15] Insert of existing embedding ID: 97
[33mWARNING[0m:  [22-04-2024 22:29:15] Insert of existing embedding ID: 98
[33mWARNING[0m:  [22-04-2024 22:29:15] Insert of existing embedding ID: 99
[33mWARNING[0m:  [22-04-2024 22:29:15] Insert of existing embedding ID: 100
[33mWARNING[0m:  [22-04-2024 22:29:15] Insert of existing embedding ID: 101
[33mWARNING[0m:  [22-04-2024 22:29:15] Insert of existing embedding ID: 102
[33mWARNING[0m:  [22-04-2024 22:29:15] Add of existing embedding ID: 1
[33mWARNING[0m:  [22-04-2024 22:29:15] Add of existing embedding ID: 2
[33mWARNING[0m:  [22-04-2024 22:29:15] Add of existing embedding ID: 3
[33mWARNING[0m:  [22-04-2024 22:29:15] Add of existing embedding ID: 4
[33mWARNING[0m:  [22-04-2024 22:29:15] Add of existing embedding ID: 5
[33mWARNING[0m:  [22-04-2024 22:29:15] Add of existing embedding ID: 6
[33mWARNING[0m:  [22-04-2024 22:29:15] Add of existing embedding ID: 7
[33mWARNING[0m:  [22-04-2024 22:29:15] Add of existing embedding ID: 8
[33mWARNING[0m:  [22-04-2024 22:29:15] Add of existing embedding ID: 9
[33mWARNING[0m:  [22-04-2024 22:29:15] Add of existing embedding ID: 10
[33mWARNING[0m:  [22-04-2024 22:29:15] Add of existing embedding ID: 11
[33mWARNING[0m:  [22-04-2024 22:29:15] Add of existing embedding ID: 12
[33mWARNING[0m:  [22-04-2024 22:29:15] Add of existing embedding ID: 13
[33mWARNING[0m:  [22-04-2024 22:29:15] Add of existing embedding ID: 14
[33mWARNING[0m:  [22-04-2024 22:29:15] Add of existing embedding ID: 15
[33mWARNING[0m:  [22-04-2024 22:29:15] Add of existing embedding ID: 16
[33mWARNING[0m:  [22-04-2024 22:29:15] Add of existing embedding ID: 17
[33mWARNING[0m:  [22-04-2024 22:29:15] Add of existing embedding ID: 18
[33mWARNING[0m:  [22-04-2024 22:29:15] Add of existing embedding ID: 19
[33mWARNING[0m:  [22-04-2024 22:29:15] Add of existing embedding ID: 20
[33mWARNING[0m:  [22-04-2024 22:29:15] Add of existing embedding ID: 21
[33mWARNING[0m:  [22-04-2024 22:29:15] Add of existing embedding ID: 22
[33mWARNING[0m:  [22-04-2024 22:29:15] Add of existing embedding ID: 23
[33mWARNING[0m:  [22-04-2024 22:29:15] Add of existing embedding ID: 24
[33mWARNING[0m:  [22-04-2024 22:29:15] Add of existing embedding ID: 25
[33mWARNING[0m:  [22-04-2024 22:29:15] Add of existing embedding ID: 26
[33mWARNING[0m:  [22-04-2024 22:29:15] Add of existing embedding ID: 27
[33mWARNING[0m:  [22-04-2024 22:29:15] Add of existing embedding ID: 28
[33mWARNING[0m:  [22-04-2024 22:29:15] Add of existing embedding ID: 29
[33mWARNING[0m:  [22-04-2024 22:29:15] Add of existing embedding ID: 30
[33mWARNING[0m:  [22-04-2024 22:29:15] Add of existing embedding ID: 31
[33mWARNING[0m:  [22-04-2024 22:29:15] Add of existing embedding ID: 32
[33mWARNING[0m:  [22-04-2024 22:29:15] Add of existing embedding ID: 33
[33mWARNING[0m:  [22-04-2024 22:29:15] Add of existing embedding ID: 34
[33mWARNING[0m:  [22-04-2024 22:29:15] Add of existing embedding ID: 35
[33mWARNING[0m:  [22-04-2024 22:29:15] Add of existing embedding ID: 36
[33mWARNING[0m:  [22-04-2024 22:29:15] Add of existing embedding ID: 37
[33mWARNING[0m:  [22-04-2024 22:29:15] Add of existing embedding ID: 38
[33mWARNING[0m:  [22-04-2024 22:29:15] Add of existing embedding ID: 39
[33mWARNING[0m:  [22-04-2024 22:29:15] Add of existing embedding ID: 40
[33mWARNING[0m:  [22-04-2024 22:29:15] Add of existing embedding ID: 41
[33mWARNING[0m:  [22-04-2024 22:29:15] Add of existing embedding ID: 42
[33mWARNING[0m:  [22-04-2024 22:29:15] Add of existing embedding ID: 43
[33mWARNING[0m:  [22-04-2024 22:29:15] Add of existing embedding ID: 44
[33mWARNING[0m:  [22-04-2024 22:29:15] Add of existing embedding ID: 45
[33mWARNING[0m:  [22-04-2024 22:29:15] Add of existing embedding ID: 46
[33mWARNING[0m:  [22-04-2024 22:29:15] Add of existing embedding ID: 47
[33mWARNING[0m:  [22-04-2024 22:29:15] Add of existing embedding ID: 48
[33mWARNING[0m:  [22-04-2024 22:29:15] Add of existing embedding ID: 49
[33mWARNING[0m:  [22-04-2024 22:29:15] Add of existing embedding ID: 50
[33mWARNING[0m:  [22-04-2024 22:29:15] Add of existing embedding ID: 51
[33mWARNING[0m:  [22-04-2024 22:29:15] Add of existing embedding ID: 52
[33mWARNING[0m:  [22-04-2024 22:29:15] Add of existing embedding ID: 53
[33mWARNING[0m:  [22-04-2024 22:29:15] Add of existing embedding ID: 54
[33mWARNING[0m:  [22-04-2024 22:29:15] Add of existing embedding ID: 55
[33mWARNING[0m:  [22-04-2024 22:29:15] Add of existing embedding ID: 56
[33mWARNING[0m:  [22-04-2024 22:29:15] Add of existing embedding ID: 57
[33mWARNING[0m:  [22-04-2024 22:29:15] Add of existing embedding ID: 58
[33mWARNING[0m:  [22-04-2024 22:29:15] Add of existing embedding ID: 59
[33mWARNING[0m:  [22-04-2024 22:29:15] Add of existing embedding ID: 60
[33mWARNING[0m:  [22-04-2024 22:29:15] Add of existing embedding ID: 61
[33mWARNING[0m:  [22-04-2024 22:29:15] Add of existing embedding ID: 62
[33mWARNING[0m:  [22-04-2024 22:29:15] Add of existing embedding ID: 63
[33mWARNING[0m:  [22-04-2024 22:29:15] Add of existing embedding ID: 64
[33mWARNING[0m:  [22-04-2024 22:29:15] Add of existing embedding ID: 65
[33mWARNING[0m:  [22-04-2024 22:29:15] Add of existing embedding ID: 66
[33mWARNING[0m:  [22-04-2024 22:29:15] Add of existing embedding ID: 67
[33mWARNING[0m:  [22-04-2024 22:29:15] Add of existing embedding ID: 68
[33mWARNING[0m:  [22-04-2024 22:29:15] Add of existing embedding ID: 69
[33mWARNING[0m:  [22-04-2024 22:29:15] Add of existing embedding ID: 70
[33mWARNING[0m:  [22-04-2024 22:29:15] Add of existing embedding ID: 71
[33mWARNING[0m:  [22-04-2024 22:29:15] Add of existing embedding ID: 72
[33mWARNING[0m:  [22-04-2024 22:29:15] Add of existing embedding ID: 73
[33mWARNING[0m:  [22-04-2024 22:29:15] Add of existing embedding ID: 74
[33mWARNING[0m:  [22-04-2024 22:29:15] Add of existing embedding ID: 75
[33mWARNING[0m:  [22-04-2024 22:29:15] Add of existing embedding ID: 76
[33mWARNING[0m:  [22-04-2024 22:29:15] Add of existing embedding ID: 77
[33mWARNING[0m:  [22-04-2024 22:29:15] Add of existing embedding ID: 78
[33mWARNING[0m:  [22-04-2024 22:29:15] Add of existing embedding ID: 79
[33mWARNING[0m:  [22-04-2024 22:29:15] Add of existing embedding ID: 80
[33mWARNING[0m:  [22-04-2024 22:29:15] Add of existing embedding ID: 81
[33mWARNING[0m:  [22-04-2024 22:29:15] Add of existing embedding ID: 82
[33mWARNING[0m:  [22-04-2024 22:29:15] Add of existing embedding ID: 83
[33mWARNING[0m:  [22-04-2024 22:29:15] Add of existing embedding ID: 84
[33mWARNING[0m:  [22-04-2024 22:29:15] Add of existing embedding ID: 85
[33mWARNING[0m:  [22-04-2024 22:29:15] Add of existing embedding ID: 86
[33mWARNING[0m:  [22-04-2024 22:29:15] Add of existing embedding ID: 87
[33mWARNING[0m:  [22-04-2024 22:29:15] Add of existing embedding ID: 88
[33mWARNING[0m:  [22-04-2024 22:29:15] Add of existing embedding ID: 89
[33mWARNING[0m:  [22-04-2024 22:29:15] Add of existing embedding ID: 90
[33mWARNING[0m:  [22-04-2024 22:29:15] Add of existing embedding ID: 91
[33mWARNING[0m:  [22-04-2024 22:29:15] Add of existing embedding ID: 92
[33mWARNING[0m:  [22-04-2024 22:29:15] Add of existing embedding ID: 93
[33mWARNING[0m:  [22-04-2024 22:29:15] Add of existing embedding ID: 94
[33mWARNING[0m:  [22-04-2024 22:29:15] Add of existing embedding ID: 95
[33mWARNING[0m:  [22-04-2024 22:29:15] Add of existing embedding ID: 96
[33mWARNING[0m:  [22-04-2024 22:29:15] Add of existing embedding ID: 97
[33mWARNING[0m:  [22-04-2024 22:29:15] Add of existing embedding ID: 98
[33mWARNING[0m:  [22-04-2024 22:29:15] Add of existing embedding ID: 99
[33mWARNING[0m:  [22-04-2024 22:29:15] Add of existing embedding ID: 100
[33mWARNING[0m:  [22-04-2024 22:29:15] Add of existing embedding ID: 101
[33mWARNING[0m:  [22-04-2024 22:29:15] Add of existing embedding ID: 102
[32mINFO[0m:     [22-04-2024 22:29:15] ::1:64086 - "POST /api/v1/collections/118aa4d3-342c-49fa-a03b-09e48aecc5a7/add HTTP/1.1" 201
[32mINFO[0m:     [22-04-2024 22:29:15] ::1:64086 - "POST /api/v1/collections/118aa4d3-342c-49fa-a03b-09e48aecc5a7/query HTTP/1.1" 200
[32mINFO[0m:     [22-04-2024 22:29:45] ::1:64129 - "GET /api/v1/tenants/default_tenant HTTP/1.1" 200
[32mINFO[0m:     [22-04-2024 22:29:45] ::1:64129 - "GET /api/v1/databases/default_database?tenant=default_tenant HTTP/1.1" 200
[32mINFO[0m:     [22-04-2024 22:29:45] ::1:64130 - "GET /api/v1/collections/locations?tenant=default_tenant&database=default_database HTTP/1.1" 200
[32mINFO[0m:     [22-04-2024 22:29:47] ::1:64130 - "GET /api/v1/pre-flight-checks HTTP/1.1" 200
[33mWARNING[0m:  [22-04-2024 22:29:47] Insert of existing embedding ID: 1
[33mWARNING[0m:  [22-04-2024 22:29:47] Insert of existing embedding ID: 2
[33mWARNING[0m:  [22-04-2024 22:29:47] Insert of existing embedding ID: 3
[33mWARNING[0m:  [22-04-2024 22:29:47] Insert of existing embedding ID: 4
[33mWARNING[0m:  [22-04-2024 22:29:47] Insert of existing embedding ID: 5
[33mWARNING[0m:  [22-04-2024 22:29:47] Insert of existing embedding ID: 6
[33mWARNING[0m:  [22-04-2024 22:29:47] Insert of existing embedding ID: 7
[33mWARNING[0m:  [22-04-2024 22:29:47] Insert of existing embedding ID: 8
[33mWARNING[0m:  [22-04-2024 22:29:47] Insert of existing embedding ID: 9
[33mWARNING[0m:  [22-04-2024 22:29:47] Insert of existing embedding ID: 10
[33mWARNING[0m:  [22-04-2024 22:29:47] Insert of existing embedding ID: 11
[33mWARNING[0m:  [22-04-2024 22:29:47] Insert of existing embedding ID: 12
[33mWARNING[0m:  [22-04-2024 22:29:47] Insert of existing embedding ID: 13
[33mWARNING[0m:  [22-04-2024 22:29:47] Insert of existing embedding ID: 14
[33mWARNING[0m:  [22-04-2024 22:29:47] Insert of existing embedding ID: 15
[33mWARNING[0m:  [22-04-2024 22:29:47] Insert of existing embedding ID: 16
[33mWARNING[0m:  [22-04-2024 22:29:47] Insert of existing embedding ID: 17
[33mWARNING[0m:  [22-04-2024 22:29:47] Insert of existing embedding ID: 18
[33mWARNING[0m:  [22-04-2024 22:29:47] Insert of existing embedding ID: 19
[33mWARNING[0m:  [22-04-2024 22:29:47] Insert of existing embedding ID: 20
[33mWARNING[0m:  [22-04-2024 22:29:47] Insert of existing embedding ID: 21
[33mWARNING[0m:  [22-04-2024 22:29:47] Insert of existing embedding ID: 22
[33mWARNING[0m:  [22-04-2024 22:29:47] Insert of existing embedding ID: 23
[33mWARNING[0m:  [22-04-2024 22:29:47] Insert of existing embedding ID: 24
[33mWARNING[0m:  [22-04-2024 22:29:47] Insert of existing embedding ID: 25
[33mWARNING[0m:  [22-04-2024 22:29:47] Insert of existing embedding ID: 26
[33mWARNING[0m:  [22-04-2024 22:29:47] Insert of existing embedding ID: 27
[33mWARNING[0m:  [22-04-2024 22:29:47] Insert of existing embedding ID: 28
[33mWARNING[0m:  [22-04-2024 22:29:47] Insert of existing embedding ID: 29
[33mWARNING[0m:  [22-04-2024 22:29:47] Insert of existing embedding ID: 30
[33mWARNING[0m:  [22-04-2024 22:29:47] Insert of existing embedding ID: 31
[33mWARNING[0m:  [22-04-2024 22:29:47] Insert of existing embedding ID: 32
[33mWARNING[0m:  [22-04-2024 22:29:47] Insert of existing embedding ID: 33
[33mWARNING[0m:  [22-04-2024 22:29:47] Insert of existing embedding ID: 34
[33mWARNING[0m:  [22-04-2024 22:29:47] Insert of existing embedding ID: 35
[33mWARNING[0m:  [22-04-2024 22:29:47] Insert of existing embedding ID: 36
[33mWARNING[0m:  [22-04-2024 22:29:47] Insert of existing embedding ID: 37
[33mWARNING[0m:  [22-04-2024 22:29:47] Insert of existing embedding ID: 38
[33mWARNING[0m:  [22-04-2024 22:29:47] Insert of existing embedding ID: 39
[33mWARNING[0m:  [22-04-2024 22:29:47] Insert of existing embedding ID: 40
[33mWARNING[0m:  [22-04-2024 22:29:47] Insert of existing embedding ID: 41
[33mWARNING[0m:  [22-04-2024 22:29:47] Insert of existing embedding ID: 42
[33mWARNING[0m:  [22-04-2024 22:29:47] Insert of existing embedding ID: 43
[33mWARNING[0m:  [22-04-2024 22:29:47] Insert of existing embedding ID: 44
[33mWARNING[0m:  [22-04-2024 22:29:47] Insert of existing embedding ID: 45
[33mWARNING[0m:  [22-04-2024 22:29:47] Insert of existing embedding ID: 46
[33mWARNING[0m:  [22-04-2024 22:29:47] Insert of existing embedding ID: 47
[33mWARNING[0m:  [22-04-2024 22:29:47] Insert of existing embedding ID: 48
[33mWARNING[0m:  [22-04-2024 22:29:47] Insert of existing embedding ID: 49
[33mWARNING[0m:  [22-04-2024 22:29:47] Insert of existing embedding ID: 50
[33mWARNING[0m:  [22-04-2024 22:29:47] Insert of existing embedding ID: 51
[33mWARNING[0m:  [22-04-2024 22:29:47] Insert of existing embedding ID: 52
[33mWARNING[0m:  [22-04-2024 22:29:47] Insert of existing embedding ID: 53
[33mWARNING[0m:  [22-04-2024 22:29:47] Insert of existing embedding ID: 54
[33mWARNING[0m:  [22-04-2024 22:29:47] Insert of existing embedding ID: 55
[33mWARNING[0m:  [22-04-2024 22:29:47] Insert of existing embedding ID: 56
[33mWARNING[0m:  [22-04-2024 22:29:47] Insert of existing embedding ID: 57
[33mWARNING[0m:  [22-04-2024 22:29:47] Insert of existing embedding ID: 58
[33mWARNING[0m:  [22-04-2024 22:29:47] Insert of existing embedding ID: 59
[33mWARNING[0m:  [22-04-2024 22:29:47] Insert of existing embedding ID: 60
[33mWARNING[0m:  [22-04-2024 22:29:47] Insert of existing embedding ID: 61
[33mWARNING[0m:  [22-04-2024 22:29:47] Insert of existing embedding ID: 62
[33mWARNING[0m:  [22-04-2024 22:29:47] Insert of existing embedding ID: 63
[33mWARNING[0m:  [22-04-2024 22:29:47] Insert of existing embedding ID: 64
[33mWARNING[0m:  [22-04-2024 22:29:47] Insert of existing embedding ID: 65
[33mWARNING[0m:  [22-04-2024 22:29:47] Insert of existing embedding ID: 66
[33mWARNING[0m:  [22-04-2024 22:29:47] Insert of existing embedding ID: 67
[33mWARNING[0m:  [22-04-2024 22:29:47] Insert of existing embedding ID: 68
[33mWARNING[0m:  [22-04-2024 22:29:47] Insert of existing embedding ID: 69
[33mWARNING[0m:  [22-04-2024 22:29:47] Insert of existing embedding ID: 70
[33mWARNING[0m:  [22-04-2024 22:29:47] Insert of existing embedding ID: 71
[33mWARNING[0m:  [22-04-2024 22:29:47] Insert of existing embedding ID: 72
[33mWARNING[0m:  [22-04-2024 22:29:47] Insert of existing embedding ID: 73
[33mWARNING[0m:  [22-04-2024 22:29:47] Insert of existing embedding ID: 74
[33mWARNING[0m:  [22-04-2024 22:29:47] Insert of existing embedding ID: 75
[33mWARNING[0m:  [22-04-2024 22:29:47] Insert of existing embedding ID: 76
[33mWARNING[0m:  [22-04-2024 22:29:47] Insert of existing embedding ID: 77
[33mWARNING[0m:  [22-04-2024 22:29:47] Insert of existing embedding ID: 78
[33mWARNING[0m:  [22-04-2024 22:29:47] Insert of existing embedding ID: 79
[33mWARNING[0m:  [22-04-2024 22:29:47] Insert of existing embedding ID: 80
[33mWARNING[0m:  [22-04-2024 22:29:47] Insert of existing embedding ID: 81
[33mWARNING[0m:  [22-04-2024 22:29:47] Insert of existing embedding ID: 82
[33mWARNING[0m:  [22-04-2024 22:29:47] Insert of existing embedding ID: 83
[33mWARNING[0m:  [22-04-2024 22:29:47] Insert of existing embedding ID: 84
[33mWARNING[0m:  [22-04-2024 22:29:47] Insert of existing embedding ID: 85
[33mWARNING[0m:  [22-04-2024 22:29:47] Insert of existing embedding ID: 86
[33mWARNING[0m:  [22-04-2024 22:29:47] Insert of existing embedding ID: 87
[33mWARNING[0m:  [22-04-2024 22:29:47] Insert of existing embedding ID: 88
[33mWARNING[0m:  [22-04-2024 22:29:47] Insert of existing embedding ID: 89
[33mWARNING[0m:  [22-04-2024 22:29:47] Insert of existing embedding ID: 90
[33mWARNING[0m:  [22-04-2024 22:29:47] Insert of existing embedding ID: 91
[33mWARNING[0m:  [22-04-2024 22:29:47] Insert of existing embedding ID: 92
[33mWARNING[0m:  [22-04-2024 22:29:47] Insert of existing embedding ID: 93
[33mWARNING[0m:  [22-04-2024 22:29:47] Insert of existing embedding ID: 94
[33mWARNING[0m:  [22-04-2024 22:29:47] Insert of existing embedding ID: 95
[33mWARNING[0m:  [22-04-2024 22:29:47] Insert of existing embedding ID: 96
[33mWARNING[0m:  [22-04-2024 22:29:47] Insert of existing embedding ID: 97
[33mWARNING[0m:  [22-04-2024 22:29:47] Insert of existing embedding ID: 98
[33mWARNING[0m:  [22-04-2024 22:29:47] Insert of existing embedding ID: 99
[33mWARNING[0m:  [22-04-2024 22:29:47] Insert of existing embedding ID: 100
[33mWARNING[0m:  [22-04-2024 22:29:47] Insert of existing embedding ID: 101
[33mWARNING[0m:  [22-04-2024 22:29:47] Insert of existing embedding ID: 102
[33mWARNING[0m:  [22-04-2024 22:29:47] Add of existing embedding ID: 1
[33mWARNING[0m:  [22-04-2024 22:29:47] Add of existing embedding ID: 2
[33mWARNING[0m:  [22-04-2024 22:29:47] Add of existing embedding ID: 3
[33mWARNING[0m:  [22-04-2024 22:29:47] Add of existing embedding ID: 4
[33mWARNING[0m:  [22-04-2024 22:29:47] Add of existing embedding ID: 5
[33mWARNING[0m:  [22-04-2024 22:29:47] Add of existing embedding ID: 6
[33mWARNING[0m:  [22-04-2024 22:29:48] Add of existing embedding ID: 7
[33mWARNING[0m:  [22-04-2024 22:29:48] Add of existing embedding ID: 8
[33mWARNING[0m:  [22-04-2024 22:29:48] Add of existing embedding ID: 9
[33mWARNING[0m:  [22-04-2024 22:29:48] Add of existing embedding ID: 10
[33mWARNING[0m:  [22-04-2024 22:29:48] Add of existing embedding ID: 11
[33mWARNING[0m:  [22-04-2024 22:29:48] Add of existing embedding ID: 12
[33mWARNING[0m:  [22-04-2024 22:29:48] Add of existing embedding ID: 13
[33mWARNING[0m:  [22-04-2024 22:29:48] Add of existing embedding ID: 14
[33mWARNING[0m:  [22-04-2024 22:29:48] Add of existing embedding ID: 15
[33mWARNING[0m:  [22-04-2024 22:29:48] Add of existing embedding ID: 16
[33mWARNING[0m:  [22-04-2024 22:29:48] Add of existing embedding ID: 17
[33mWARNING[0m:  [22-04-2024 22:29:48] Add of existing embedding ID: 18
[33mWARNING[0m:  [22-04-2024 22:29:48] Add of existing embedding ID: 19
[33mWARNING[0m:  [22-04-2024 22:29:48] Add of existing embedding ID: 20
[33mWARNING[0m:  [22-04-2024 22:29:48] Add of existing embedding ID: 21
[33mWARNING[0m:  [22-04-2024 22:29:48] Add of existing embedding ID: 22
[33mWARNING[0m:  [22-04-2024 22:29:48] Add of existing embedding ID: 23
[33mWARNING[0m:  [22-04-2024 22:29:48] Add of existing embedding ID: 24
[33mWARNING[0m:  [22-04-2024 22:29:48] Add of existing embedding ID: 25
[33mWARNING[0m:  [22-04-2024 22:29:48] Add of existing embedding ID: 26
[33mWARNING[0m:  [22-04-2024 22:29:48] Add of existing embedding ID: 27
[33mWARNING[0m:  [22-04-2024 22:29:48] Add of existing embedding ID: 28
[33mWARNING[0m:  [22-04-2024 22:29:48] Add of existing embedding ID: 29
[33mWARNING[0m:  [22-04-2024 22:29:48] Add of existing embedding ID: 30
[33mWARNING[0m:  [22-04-2024 22:29:48] Add of existing embedding ID: 31
[33mWARNING[0m:  [22-04-2024 22:29:48] Add of existing embedding ID: 32
[33mWARNING[0m:  [22-04-2024 22:29:48] Add of existing embedding ID: 33
[33mWARNING[0m:  [22-04-2024 22:29:48] Add of existing embedding ID: 34
[33mWARNING[0m:  [22-04-2024 22:29:48] Add of existing embedding ID: 35
[33mWARNING[0m:  [22-04-2024 22:29:48] Add of existing embedding ID: 36
[33mWARNING[0m:  [22-04-2024 22:29:48] Add of existing embedding ID: 37
[33mWARNING[0m:  [22-04-2024 22:29:48] Add of existing embedding ID: 38
[33mWARNING[0m:  [22-04-2024 22:29:48] Add of existing embedding ID: 39
[33mWARNING[0m:  [22-04-2024 22:29:48] Add of existing embedding ID: 40
[33mWARNING[0m:  [22-04-2024 22:29:48] Add of existing embedding ID: 41
[33mWARNING[0m:  [22-04-2024 22:29:48] Add of existing embedding ID: 42
[33mWARNING[0m:  [22-04-2024 22:29:48] Add of existing embedding ID: 43
[33mWARNING[0m:  [22-04-2024 22:29:48] Add of existing embedding ID: 44
[33mWARNING[0m:  [22-04-2024 22:29:48] Add of existing embedding ID: 45
[33mWARNING[0m:  [22-04-2024 22:29:48] Add of existing embedding ID: 46
[33mWARNING[0m:  [22-04-2024 22:29:48] Add of existing embedding ID: 47
[33mWARNING[0m:  [22-04-2024 22:29:48] Add of existing embedding ID: 48
[33mWARNING[0m:  [22-04-2024 22:29:48] Add of existing embedding ID: 49
[33mWARNING[0m:  [22-04-2024 22:29:48] Add of existing embedding ID: 50
[33mWARNING[0m:  [22-04-2024 22:29:48] Add of existing embedding ID: 51
[33mWARNING[0m:  [22-04-2024 22:29:48] Add of existing embedding ID: 52
[33mWARNING[0m:  [22-04-2024 22:29:48] Add of existing embedding ID: 53
[33mWARNING[0m:  [22-04-2024 22:29:48] Add of existing embedding ID: 54
[33mWARNING[0m:  [22-04-2024 22:29:48] Add of existing embedding ID: 55
[33mWARNING[0m:  [22-04-2024 22:29:48] Add of existing embedding ID: 56
[33mWARNING[0m:  [22-04-2024 22:29:48] Add of existing embedding ID: 57
[33mWARNING[0m:  [22-04-2024 22:29:48] Add of existing embedding ID: 58
[33mWARNING[0m:  [22-04-2024 22:29:48] Add of existing embedding ID: 59
[33mWARNING[0m:  [22-04-2024 22:29:48] Add of existing embedding ID: 60
[33mWARNING[0m:  [22-04-2024 22:29:48] Add of existing embedding ID: 61
[33mWARNING[0m:  [22-04-2024 22:29:48] Add of existing embedding ID: 62
[33mWARNING[0m:  [22-04-2024 22:29:48] Add of existing embedding ID: 63
[33mWARNING[0m:  [22-04-2024 22:29:48] Add of existing embedding ID: 64
[33mWARNING[0m:  [22-04-2024 22:29:48] Add of existing embedding ID: 65
[33mWARNING[0m:  [22-04-2024 22:29:48] Add of existing embedding ID: 66
[33mWARNING[0m:  [22-04-2024 22:29:48] Add of existing embedding ID: 67
[33mWARNING[0m:  [22-04-2024 22:29:48] Add of existing embedding ID: 68
[33mWARNING[0m:  [22-04-2024 22:29:48] Add of existing embedding ID: 69
[33mWARNING[0m:  [22-04-2024 22:29:48] Add of existing embedding ID: 70
[33mWARNING[0m:  [22-04-2024 22:29:48] Add of existing embedding ID: 71
[33mWARNING[0m:  [22-04-2024 22:29:48] Add of existing embedding ID: 72
[33mWARNING[0m:  [22-04-2024 22:29:48] Add of existing embedding ID: 73
[33mWARNING[0m:  [22-04-2024 22:29:48] Add of existing embedding ID: 74
[33mWARNING[0m:  [22-04-2024 22:29:48] Add of existing embedding ID: 75
[33mWARNING[0m:  [22-04-2024 22:29:48] Add of existing embedding ID: 76
[33mWARNING[0m:  [22-04-2024 22:29:48] Add of existing embedding ID: 77
[33mWARNING[0m:  [22-04-2024 22:29:48] Add of existing embedding ID: 78
[33mWARNING[0m:  [22-04-2024 22:29:48] Add of existing embedding ID: 79
[33mWARNING[0m:  [22-04-2024 22:29:48] Add of existing embedding ID: 80
[33mWARNING[0m:  [22-04-2024 22:29:48] Add of existing embedding ID: 81
[33mWARNING[0m:  [22-04-2024 22:29:48] Add of existing embedding ID: 82
[33mWARNING[0m:  [22-04-2024 22:29:48] Add of existing embedding ID: 83
[33mWARNING[0m:  [22-04-2024 22:29:48] Add of existing embedding ID: 84
[33mWARNING[0m:  [22-04-2024 22:29:48] Add of existing embedding ID: 85
[33mWARNING[0m:  [22-04-2024 22:29:48] Add of existing embedding ID: 86
[33mWARNING[0m:  [22-04-2024 22:29:48] Add of existing embedding ID: 87
[33mWARNING[0m:  [22-04-2024 22:29:48] Add of existing embedding ID: 88
[33mWARNING[0m:  [22-04-2024 22:29:48] Add of existing embedding ID: 89
[33mWARNING[0m:  [22-04-2024 22:29:48] Add of existing embedding ID: 90
[33mWARNING[0m:  [22-04-2024 22:29:48] Add of existing embedding ID: 91
[33mWARNING[0m:  [22-04-2024 22:29:48] Add of existing embedding ID: 92
[33mWARNING[0m:  [22-04-2024 22:29:48] Add of existing embedding ID: 93
[33mWARNING[0m:  [22-04-2024 22:29:48] Add of existing embedding ID: 94
[33mWARNING[0m:  [22-04-2024 22:29:48] Add of existing embedding ID: 95
[33mWARNING[0m:  [22-04-2024 22:29:48] Add of existing embedding ID: 96
[33mWARNING[0m:  [22-04-2024 22:29:48] Add of existing embedding ID: 97
[33mWARNING[0m:  [22-04-2024 22:29:48] Add of existing embedding ID: 98
[33mWARNING[0m:  [22-04-2024 22:29:48] Add of existing embedding ID: 99
[33mWARNING[0m:  [22-04-2024 22:29:48] Add of existing embedding ID: 100
[33mWARNING[0m:  [22-04-2024 22:29:48] Add of existing embedding ID: 101
[33mWARNING[0m:  [22-04-2024 22:29:48] Add of existing embedding ID: 102
[32mINFO[0m:     [22-04-2024 22:29:48] ::1:64130 - "POST /api/v1/collections/118aa4d3-342c-49fa-a03b-09e48aecc5a7/add HTTP/1.1" 201
[32mINFO[0m:     [22-04-2024 22:29:48] ::1:64130 - "POST /api/v1/collections/118aa4d3-342c-49fa-a03b-09e48aecc5a7/query HTTP/1.1" 200
[32mINFO[0m:     [22-04-2024 22:33:50] ::1:64445 - "GET /api/v1/tenants/default_tenant HTTP/1.1" 200
[32mINFO[0m:     [22-04-2024 22:33:50] ::1:64445 - "GET /api/v1/databases/default_database?tenant=default_tenant HTTP/1.1" 200
[32mINFO[0m:     [22-04-2024 22:33:50] ::1:64446 - "DELETE /api/v1/collections/locations?tenant=default_tenant&database=default_database HTTP/1.1" 200
[32mINFO[0m:     [22-04-2024 22:34:11] ::1:64488 - "GET /api/v1/tenants/default_tenant HTTP/1.1" 200
[32mINFO[0m:     [22-04-2024 22:34:11] ::1:64488 - "GET /api/v1/databases/default_database?tenant=default_tenant HTTP/1.1" 200
[32mINFO[0m:     [22-04-2024 22:34:11] ::1:64489 - "POST /api/v1/collections?tenant=default_tenant&database=default_database HTTP/1.1" 200
[36mDEBUG[0m:    [22-04-2024 22:34:12] Starting component PersistentLocalHnswSegment
[32mINFO[0m:     [22-04-2024 22:34:12] ::1:64489 - "POST /api/v1/collections/3888debd-350e-4f2a-a6e6-f4ddaa18ea4a/query HTTP/1.1" 200
[32mINFO[0m:     [22-04-2024 22:34:36] ::1:64531 - "GET /api/v1/tenants/default_tenant HTTP/1.1" 200
[32mINFO[0m:     [22-04-2024 22:34:36] ::1:64531 - "GET /api/v1/databases/default_database?tenant=default_tenant HTTP/1.1" 200
[31mERROR[0m:    [22-04-2024 22:34:36] Collection locations already exists
Traceback (most recent call last):
  File "C:\Users\kuskm\pixifind\env\lib\site-packages\anyio\streams\memory.py", line 97, in receive
    return self.receive_nowait()
  File "C:\Users\kuskm\pixifind\env\lib\site-packages\anyio\streams\memory.py", line 92, in receive_nowait
    raise WouldBlock
anyio.WouldBlock

During handling of the above exception, another exception occurred:

Traceback (most recent call last):
  File "C:\Users\kuskm\pixifind\env\lib\site-packages\starlette\middleware\base.py", line 159, in call_next
    message = await recv_stream.receive()
  File "C:\Users\kuskm\pixifind\env\lib\site-packages\anyio\streams\memory.py", line 112, in receive
    raise EndOfStream
anyio.EndOfStream

During handling of the above exception, another exception occurred:

Traceback (most recent call last):
  File "C:\Users\kuskm\pixifind\env\lib\site-packages\chromadb\server\fastapi\__init__.py", line 82, in catch_exceptions_middleware
    return await call_next(request)
  File "C:\Users\kuskm\pixifind\env\lib\site-packages\starlette\middleware\base.py", line 165, in call_next
    raise app_exc
  File "C:\Users\kuskm\pixifind\env\lib\site-packages\starlette\middleware\base.py", line 151, in coro
    await self.app(scope, receive_or_disconnect, send_no_error)
  File "C:\Users\kuskm\pixifind\env\lib\site-packages\starlette\middleware\base.py", line 189, in __call__
    with collapse_excgroups():
  File "C:\Program Files\WindowsApps\PythonSoftwareFoundation.Python.3.10_3.10.3056.0_x64__qbz5n2kfra8p0\lib\contextlib.py", line 153, in __exit__
    self.gen.throw(typ, value, traceback)
  File "C:\Users\kuskm\pixifind\env\lib\site-packages\starlette\_utils.py", line 93, in collapse_excgroups
    raise exc
  File "C:\Users\kuskm\pixifind\env\lib\site-packages\starlette\middleware\base.py", line 191, in __call__
    response = await self.dispatch_func(request, call_next)
  File "C:\Users\kuskm\pixifind\env\lib\site-packages\chromadb\server\fastapi\__init__.py", line 96, in check_http_version_middleware
    return await call_next(request)
  File "C:\Users\kuskm\pixifind\env\lib\site-packages\starlette\middleware\base.py", line 165, in call_next
    raise app_exc
  File "C:\Users\kuskm\pixifind\env\lib\site-packages\starlette\middleware\base.py", line 151, in coro
    await self.app(scope, receive_or_disconnect, send_no_error)
  File "C:\Users\kuskm\pixifind\env\lib\site-packages\starlette\middleware\exceptions.py", line 65, in __call__
    await wrap_app_handling_exceptions(self.app, conn)(scope, receive, send)
  File "C:\Users\kuskm\pixifind\env\lib\site-packages\starlette\_exception_handler.py", line 64, in wrapped_app
    raise exc
  File "C:\Users\kuskm\pixifind\env\lib\site-packages\starlette\_exception_handler.py", line 53, in wrapped_app
    await app(scope, receive, sender)
  File "C:\Users\kuskm\pixifind\env\lib\site-packages\starlette\routing.py", line 756, in __call__
    await self.middleware_stack(scope, receive, send)
  File "C:\Users\kuskm\pixifind\env\lib\site-packages\starlette\routing.py", line 776, in app
    await route.handle(scope, receive, send)
  File "C:\Users\kuskm\pixifind\env\lib\site-packages\starlette\routing.py", line 297, in handle
    await self.app(scope, receive, send)
  File "C:\Users\kuskm\pixifind\env\lib\site-packages\starlette\routing.py", line 77, in app
    await wrap_app_handling_exceptions(app, request)(scope, receive, send)
  File "C:\Users\kuskm\pixifind\env\lib\site-packages\starlette\_exception_handler.py", line 64, in wrapped_app
    raise exc
  File "C:\Users\kuskm\pixifind\env\lib\site-packages\starlette\_exception_handler.py", line 53, in wrapped_app
    await app(scope, receive, sender)
  File "C:\Users\kuskm\pixifind\env\lib\site-packages\starlette\routing.py", line 72, in app
    response = await func(request)
  File "C:\Users\kuskm\pixifind\env\lib\site-packages\fastapi\routing.py", line 278, in app
    raw_response = await run_endpoint_function(
  File "C:\Users\kuskm\pixifind\env\lib\site-packages\fastapi\routing.py", line 193, in run_endpoint_function
    return await run_in_threadpool(dependant.call, **values)
  File "C:\Users\kuskm\pixifind\env\lib\site-packages\starlette\concurrency.py", line 42, in run_in_threadpool
    return await anyio.to_thread.run_sync(func, *args)
  File "C:\Users\kuskm\pixifind\env\lib\site-packages\anyio\to_thread.py", line 56, in run_sync
    return await get_async_backend().run_sync_in_worker_thread(
  File "C:\Users\kuskm\pixifind\env\lib\site-packages\anyio\_backends\_asyncio.py", line 2144, in run_sync_in_worker_thread
    return await future
  File "C:\Users\kuskm\pixifind\env\lib\site-packages\anyio\_backends\_asyncio.py", line 851, in run
    result = context.run(func, *args)
  File "C:\Users\kuskm\pixifind\env\lib\site-packages\chromadb\telemetry\opentelemetry\__init__.py", line 127, in wrapper
    return f(*args, **kwargs)
  File "C:\Users\kuskm\pixifind\env\lib\site-packages\chromadb\auth\fastapi.py", line 241, in wrapped
    return f(*args, **kwargs)
  File "C:\Users\kuskm\pixifind\env\lib\site-packages\chromadb\server\fastapi\__init__.py", line 415, in create_collection
    return self._api.create_collection(
  File "C:\Users\kuskm\pixifind\env\lib\site-packages\chromadb\telemetry\opentelemetry\__init__.py", line 127, in wrapper
    return f(*args, **kwargs)
  File "C:\Users\kuskm\pixifind\env\lib\site-packages\chromadb\api\segment.py", line 167, in create_collection
    coll, created = self._sysdb.create_collection(
  File "C:\Users\kuskm\pixifind\env\lib\site-packages\chromadb\telemetry\opentelemetry\__init__.py", line 127, in wrapper
    return f(*args, **kwargs)
  File "C:\Users\kuskm\pixifind\env\lib\site-packages\chromadb\db\mixins\sysdb.py", line 225, in create_collection
    raise UniqueConstraintError(f"Collection {name} already exists")
chromadb.db.base.UniqueConstraintError: Collection locations already exists
[32mINFO[0m:     [22-04-2024 22:34:36] ::1:64532 - "POST /api/v1/collections?tenant=default_tenant&database=default_database HTTP/1.1" 500
[32mINFO[0m:     [22-04-2024 22:34:46] ::1:64553 - "GET /api/v1/tenants/default_tenant HTTP/1.1" 200
[32mINFO[0m:     [22-04-2024 22:34:46] ::1:64553 - "GET /api/v1/databases/default_database?tenant=default_tenant HTTP/1.1" 200
[32mINFO[0m:     [22-04-2024 22:34:46] ::1:64554 - "GET /api/v1/collections/locations?tenant=default_tenant&database=default_database HTTP/1.1" 200
[32mINFO[0m:     [22-04-2024 22:34:49] ::1:64554 - "GET /api/v1/pre-flight-checks HTTP/1.1" 200
[32mINFO[0m:     [22-04-2024 22:34:49] ::1:64554 - "POST /api/v1/collections/3888debd-350e-4f2a-a6e6-f4ddaa18ea4a/add HTTP/1.1" 201
[32mINFO[0m:     [22-04-2024 22:34:49] ::1:64554 - "POST /api/v1/collections/3888debd-350e-4f2a-a6e6-f4ddaa18ea4a/query HTTP/1.1" 200
[32mINFO[0m:     [22-04-2024 22:41:35] ::1:65133 - "GET /api/v1/tenants/default_tenant HTTP/1.1" 200
[32mINFO[0m:     [22-04-2024 22:41:35] ::1:65133 - "GET /api/v1/databases/default_database?tenant=default_tenant HTTP/1.1" 200
[32mINFO[0m:     [22-04-2024 22:41:35] ::1:65134 - "GET /api/v1/collections/locations?tenant=default_tenant&database=default_database HTTP/1.1" 200
[32mINFO[0m:     [22-04-2024 22:42:02] ::1:65181 - "GET /locations?query=urban HTTP/1.1" 404
[32mINFO[0m:     [22-04-2024 22:42:51] ::1:65247 - "GET /locations?query=house HTTP/1.1" 404
[32mINFO[0m:     [22-04-2024 22:43:22] ::1:65297 - "GET /locations?query=house HTTP/1.1" 404
[32mINFO[0m:     [22-04-2024 22:43:58] ::1:65350 - "GET /locations?query=house HTTP/1.1" 404
[32mINFO[0m:     [22-04-2024 22:45:36] ::1:65493 - "GET /api/v1/tenants/default_tenant HTTP/1.1" 200
[32mINFO[0m:     [22-04-2024 22:45:36] ::1:65493 - "GET /api/v1/databases/default_database?tenant=default_tenant HTTP/1.1" 200
[32mINFO[0m:     [22-04-2024 22:45:36] ::1:65494 - "GET /api/v1/collections/locations?tenant=default_tenant&database=default_database HTTP/1.1" 200
[32mINFO[0m:     [22-04-2024 22:45:43] ::1:65508 - "GET /locations?query=house HTTP/1.1" 404
[32mINFO[0m:     [22-04-2024 22:47:14] ::1:49247 - "GET /locations?query=urban HTTP/1.1" 404
[32mINFO[0m:     [22-04-2024 22:47:55] ::1:49305 - "GET /api/v1/tenants/default_tenant HTTP/1.1" 200
[32mINFO[0m:     [22-04-2024 22:47:55] ::1:49305 - "GET /api/v1/databases/default_database?tenant=default_tenant HTTP/1.1" 200
[32mINFO[0m:     [22-04-2024 22:47:55] ::1:49306 - "GET /api/v1/collections/locations?tenant=default_tenant&database=default_database HTTP/1.1" 200
[32mINFO[0m:     [22-04-2024 22:48:02] ::1:49324 - "GET /locations?query=urban HTTP/1.1" 404
[32mINFO[0m:     [22-04-2024 22:52:30] ::1:49713 - "GET /api/v1/tenants/default_tenant HTTP/1.1" 200
[32mINFO[0m:     [22-04-2024 22:52:30] ::1:49713 - "GET /api/v1/databases/default_database?tenant=default_tenant HTTP/1.1" 200
[32mINFO[0m:     [22-04-2024 22:52:30] ::1:49714 - "GET /api/v1/collections/locations?tenant=default_tenant&database=default_database HTTP/1.1" 200
[32mINFO[0m:     [22-04-2024 22:52:30] ::1:49715 - "GET /api/v1/tenants/default_tenant HTTP/1.1" 200
[32mINFO[0m:     [22-04-2024 22:52:30] ::1:49715 - "GET /api/v1/databases/default_database?tenant=default_tenant HTTP/1.1" 200
[32mINFO[0m:     [22-04-2024 22:52:37] ::1:49731 - "GET /locations?query=urban HTTP/1.1" 404
[32mINFO[0m:     [22-04-2024 22:54:22] ::1:49877 - "GET /api/v1/tenants/default_tenant HTTP/1.1" 200
[32mINFO[0m:     [22-04-2024 22:54:22] ::1:49877 - "GET /api/v1/databases/default_database?tenant=default_tenant HTTP/1.1" 200
[32mINFO[0m:     [22-04-2024 22:54:22] ::1:49878 - "GET /api/v1/collections/locations?tenant=default_tenant&database=default_database HTTP/1.1" 200
[32mINFO[0m:     [22-04-2024 22:54:58] ::1:49928 - "GET /api/v1/tenants/default_tenant HTTP/1.1" 200
[32mINFO[0m:     [22-04-2024 22:54:58] ::1:49928 - "GET /api/v1/databases/default_database?tenant=default_tenant HTTP/1.1" 200
[32mINFO[0m:     [22-04-2024 22:54:58] ::1:49929 - "GET /api/v1/collections/locations?tenant=default_tenant&database=default_database HTTP/1.1" 200
[32mINFO[0m:     [22-04-2024 22:55:00] ::1:49929 - "POST /api/v1/collections/3888debd-350e-4f2a-a6e6-f4ddaa18ea4a/query HTTP/1.1" 200
[32mINFO[0m:     [22-04-2024 22:56:07] ::1:50079 - "GET /api/v1/tenants/default_tenant HTTP/1.1" 200
[32mINFO[0m:     [22-04-2024 22:56:07] ::1:50079 - "GET /api/v1/databases/default_database?tenant=default_tenant HTTP/1.1" 200
[32mINFO[0m:     [22-04-2024 22:56:07] ::1:50080 - "GET /api/v1/collections/locations?tenant=default_tenant&database=default_database HTTP/1.1" 200
[32mINFO[0m:     [22-04-2024 22:56:08] ::1:50080 - "POST /api/v1/collections/3888debd-350e-4f2a-a6e6-f4ddaa18ea4a/query HTTP/1.1" 200
[32mINFO[0m:     [22-04-2024 22:57:03] ::1:50161 - "GET /locations?query=urban HTTP/1.1" 404
[32mINFO[0m:     [22-04-2024 22:58:17] ::1:50256 - "GET /api/v1/tenants/default_tenant HTTP/1.1" 200
[32mINFO[0m:     [22-04-2024 22:58:17] ::1:50256 - "GET /api/v1/databases/default_database?tenant=default_tenant HTTP/1.1" 200
[32mINFO[0m:     [22-04-2024 22:58:17] ::1:50257 - "GET /api/v1/collections/locations?tenant=default_tenant&database=default_database HTTP/1.1" 200
[32mINFO[0m:     [22-04-2024 22:58:25] ::1:50273 - "GET /locations?query=urban HTTP/1.1" 404
[32mINFO[0m:     [22-04-2024 22:59:06] ::1:50326 - "GET /api/v1/tenants/default_tenant HTTP/1.1" 200
[32mINFO[0m:     [22-04-2024 22:59:06] ::1:50326 - "GET /api/v1/databases/default_database?tenant=default_tenant HTTP/1.1" 200
[32mINFO[0m:     [22-04-2024 22:59:06] ::1:50327 - "GET /api/v1/collections/locations?tenant=default_tenant&database=default_database HTTP/1.1" 200
[32mINFO[0m:     [22-04-2024 22:59:13] ::1:50339 - "GET /locations?query=urban HTTP/1.1" 404
[32mINFO[0m:     [22-04-2024 23:00:18] ::1:50421 - "GET /api/v1/tenants/default_tenant HTTP/1.1" 200
[32mINFO[0m:     [22-04-2024 23:00:18] ::1:50421 - "GET /api/v1/databases/default_database?tenant=default_tenant HTTP/1.1" 200
[32mINFO[0m:     [22-04-2024 23:00:18] ::1:50422 - "GET /api/v1/collections/locations?tenant=default_tenant&database=default_database HTTP/1.1" 200
[32mINFO[0m:     [22-04-2024 23:00:23] ::1:50439 - "GET /locations?query=urban HTTP/1.1" 404
[32mINFO[0m:     [22-04-2024 23:01:22] ::1:50528 - "GET /api/v1/tenants/default_tenant HTTP/1.1" 200
[32mINFO[0m:     [22-04-2024 23:01:22] ::1:50528 - "GET /api/v1/databases/default_database?tenant=default_tenant HTTP/1.1" 200
[32mINFO[0m:     [22-04-2024 23:01:22] ::1:50529 - "GET /api/v1/collections/locations?tenant=default_tenant&database=default_database HTTP/1.1" 200
[32mINFO[0m:     [22-04-2024 23:01:25] ::1:50537 - "GET /locations?query=urban HTTP/1.1" 404
[32mINFO[0m:     [22-04-2024 23:05:49] ::1:50848 - "GET /api/v1/tenants/default_tenant HTTP/1.1" 200
[32mINFO[0m:     [22-04-2024 23:05:49] ::1:50848 - "GET /api/v1/databases/default_database?tenant=default_tenant HTTP/1.1" 200
[32mINFO[0m:     [22-04-2024 23:05:49] ::1:50849 - "GET /api/v1/collections/locations?tenant=default_tenant&database=default_database HTTP/1.1" 200
[32mINFO[0m:     [22-04-2024 23:07:04] ::1:50950 - "GET /api/v1/tenants/default_tenant HTTP/1.1" 200
[32mINFO[0m:     [22-04-2024 23:07:04] ::1:50950 - "GET /api/v1/databases/default_database?tenant=default_tenant HTTP/1.1" 200
[32mINFO[0m:     [22-04-2024 23:07:04] ::1:50951 - "GET /api/v1/collections/locations?tenant=default_tenant&database=default_database HTTP/1.1" 200
[32mINFO[0m:     [22-04-2024 23:07:45] ::1:51000 - "GET /api/v1/tenants/default_tenant HTTP/1.1" 200
[32mINFO[0m:     [22-04-2024 23:07:45] ::1:51000 - "GET /api/v1/databases/default_database?tenant=default_tenant HTTP/1.1" 200
[32mINFO[0m:     [22-04-2024 23:07:45] ::1:51001 - "GET /api/v1/collections/locations?tenant=default_tenant&database=default_database HTTP/1.1" 200
[32mINFO[0m:     [22-04-2024 23:07:47] ::1:51001 - "POST /api/v1/collections/3888debd-350e-4f2a-a6e6-f4ddaa18ea4a/query HTTP/1.1" 200
[32mINFO[0m:     [22-04-2024 23:10:15] ::1:51205 - "GET /api/v1/tenants/default_tenant HTTP/1.1" 200
[32mINFO[0m:     [22-04-2024 23:10:15] ::1:51205 - "GET /api/v1/databases/default_database?tenant=default_tenant HTTP/1.1" 200
[32mINFO[0m:     [22-04-2024 23:10:15] ::1:51206 - "GET /api/v1/collections/locations?tenant=default_tenant&database=default_database HTTP/1.1" 200
[32mINFO[0m:     [22-04-2024 23:10:19] ::1:51223 - "GET /api/v1/tenants/default_tenant HTTP/1.1" 200
[32mINFO[0m:     [22-04-2024 23:10:19] ::1:51223 - "GET /api/v1/databases/default_database?tenant=default_tenant HTTP/1.1" 200
[32mINFO[0m:     [22-04-2024 23:10:19] ::1:51224 - "GET /api/v1/collections/locations?tenant=default_tenant&database=default_database HTTP/1.1" 200
[32mINFO[0m:     [22-04-2024 23:10:20] ::1:51224 - "POST /api/v1/collections/3888debd-350e-4f2a-a6e6-f4ddaa18ea4a/query HTTP/1.1" 200
[32mINFO[0m:     [22-04-2024 23:11:00] ::1:51285 - "GET /api/v1/tenants/default_tenant HTTP/1.1" 200
[32mINFO[0m:     [22-04-2024 23:11:00] ::1:51285 - "GET /api/v1/databases/default_database?tenant=default_tenant HTTP/1.1" 200
[32mINFO[0m:     [22-04-2024 23:11:00] ::1:51286 - "GET /api/v1/collections/locations?tenant=default_tenant&database=default_database HTTP/1.1" 200
[32mINFO[0m:     [22-04-2024 23:11:08] ::1:51302 - "GET /api/v1/tenants/default_tenant HTTP/1.1" 200
[32mINFO[0m:     [22-04-2024 23:11:08] ::1:51302 - "GET /api/v1/databases/default_database?tenant=default_tenant HTTP/1.1" 200
[32mINFO[0m:     [22-04-2024 23:11:08] ::1:51303 - "GET /api/v1/collections/locations?tenant=default_tenant&database=default_database HTTP/1.1" 200
[32mINFO[0m:     [22-04-2024 23:11:09] ::1:51303 - "POST /api/v1/collections/3888debd-350e-4f2a-a6e6-f4ddaa18ea4a/query HTTP/1.1" 200
[32mINFO[0m:     [22-04-2024 23:13:39] ::1:51485 - "GET /api/v1/tenants/default_tenant HTTP/1.1" 200
[32mINFO[0m:     [22-04-2024 23:13:39] ::1:51485 - "GET /api/v1/databases/default_database?tenant=default_tenant HTTP/1.1" 200
[32mINFO[0m:     [22-04-2024 23:13:39] ::1:51486 - "GET /api/v1/collections/locations?tenant=default_tenant&database=default_database HTTP/1.1" 200
[32mINFO[0m:     [22-04-2024 23:13:44] ::1:51497 - "GET /api/v1/tenants/default_tenant HTTP/1.1" 200
[32mINFO[0m:     [22-04-2024 23:13:44] ::1:51497 - "GET /api/v1/databases/default_database?tenant=default_tenant HTTP/1.1" 200
[32mINFO[0m:     [22-04-2024 23:13:44] ::1:51498 - "GET /api/v1/collections/locations?tenant=default_tenant&database=default_database HTTP/1.1" 200
[32mINFO[0m:     [22-04-2024 23:13:45] ::1:51498 - "POST /api/v1/collections/3888debd-350e-4f2a-a6e6-f4ddaa18ea4a/query HTTP/1.1" 200
[32mINFO[0m:     [22-04-2024 23:14:23] ::1:51560 - "GET /api/v1/tenants/default_tenant HTTP/1.1" 200
[32mINFO[0m:     [22-04-2024 23:14:23] ::1:51560 - "GET /api/v1/databases/default_database?tenant=default_tenant HTTP/1.1" 200
[32mINFO[0m:     [22-04-2024 23:14:23] ::1:51561 - "GET /api/v1/collections/locations?tenant=default_tenant&database=default_database HTTP/1.1" 200
[32mINFO[0m:     [22-04-2024 23:14:36] ::1:51586 - "GET /locations?query=urban HTTP/1.1" 404
[32mINFO[0m:     [22-04-2024 23:15:29] ::1:51657 - "GET /api/v1/tenants/default_tenant HTTP/1.1" 200
[32mINFO[0m:     [22-04-2024 23:15:29] ::1:51657 - "GET /api/v1/databases/default_database?tenant=default_tenant HTTP/1.1" 200
[32mINFO[0m:     [22-04-2024 23:15:29] ::1:51658 - "GET /api/v1/collections/locations?tenant=default_tenant&database=default_database HTTP/1.1" 200
[32mINFO[0m:     [22-04-2024 23:15:31] ::1:51658 - "POST /api/v1/collections/3888debd-350e-4f2a-a6e6-f4ddaa18ea4a/query HTTP/1.1" 200
[32mINFO[0m:     [22-04-2024 23:15:33] ::1:51668 - "GET /api/v1/tenants/default_tenant HTTP/1.1" 200
[32mINFO[0m:     [22-04-2024 23:15:33] ::1:51668 - "GET /api/v1/databases/default_database?tenant=default_tenant HTTP/1.1" 200
[32mINFO[0m:     [22-04-2024 23:15:33] ::1:51669 - "GET /api/v1/collections/locations?tenant=default_tenant&database=default_database HTTP/1.1" 200
[32mINFO[0m:     [22-04-2024 23:15:33] ::1:51669 - "POST /api/v1/collections/3888debd-350e-4f2a-a6e6-f4ddaa18ea4a/query HTTP/1.1" 200
[32mINFO[0m:     [22-04-2024 23:16:58] ::1:51780 - "GET /api/v1/tenants/default_tenant HTTP/1.1" 200
[32mINFO[0m:     [22-04-2024 23:16:58] ::1:51780 - "GET /api/v1/databases/default_database?tenant=default_tenant HTTP/1.1" 200
[32mINFO[0m:     [22-04-2024 23:16:58] ::1:51781 - "GET /api/v1/collections/locations?tenant=default_tenant&database=default_database HTTP/1.1" 200
[32mINFO[0m:     [22-04-2024 23:16:59] ::1:51781 - "POST /api/v1/collections/3888debd-350e-4f2a-a6e6-f4ddaa18ea4a/query HTTP/1.1" 200
[32mINFO[0m:     [22-04-2024 23:17:08] ::1:51797 - "GET /api/v1/tenants/default_tenant HTTP/1.1" 200
[32mINFO[0m:     [22-04-2024 23:17:08] ::1:51797 - "GET /api/v1/databases/default_database?tenant=default_tenant HTTP/1.1" 200
[32mINFO[0m:     [22-04-2024 23:17:08] ::1:51798 - "GET /api/v1/collections/locations?tenant=default_tenant&database=default_database HTTP/1.1" 200
[32mINFO[0m:     [22-04-2024 23:17:08] ::1:51798 - "POST /api/v1/collections/3888debd-350e-4f2a-a6e6-f4ddaa18ea4a/query HTTP/1.1" 200
[32mINFO[0m:     [22-04-2024 23:17:28] ::1:51826 - "GET /api/v1/tenants/default_tenant HTTP/1.1" 200
[32mINFO[0m:     [22-04-2024 23:17:28] ::1:51826 - "GET /api/v1/databases/default_database?tenant=default_tenant HTTP/1.1" 200
[32mINFO[0m:     [22-04-2024 23:17:28] ::1:51827 - "GET /api/v1/collections/locations?tenant=default_tenant&database=default_database HTTP/1.1" 200
[32mINFO[0m:     [22-04-2024 23:17:28] ::1:51827 - "POST /api/v1/collections/3888debd-350e-4f2a-a6e6-f4ddaa18ea4a/query HTTP/1.1" 200
[32mINFO[0m:     [22-04-2024 23:17:51] ::1:51864 - "GET /api/v1/tenants/default_tenant HTTP/1.1" 200
[32mINFO[0m:     [22-04-2024 23:17:51] ::1:51864 - "GET /api/v1/databases/default_database?tenant=default_tenant HTTP/1.1" 200
[32mINFO[0m:     [22-04-2024 23:17:51] ::1:51865 - "GET /api/v1/collections/locations?tenant=default_tenant&database=default_database HTTP/1.1" 200
[32mINFO[0m:     [22-04-2024 23:17:51] ::1:51865 - "POST /api/v1/collections/3888debd-350e-4f2a-a6e6-f4ddaa18ea4a/query HTTP/1.1" 200
[32mINFO[0m:     [22-04-2024 23:18:12] ::1:51897 - "GET /api/v1/tenants/default_tenant HTTP/1.1" 200
[32mINFO[0m:     [22-04-2024 23:18:12] ::1:51897 - "GET /api/v1/databases/default_database?tenant=default_tenant HTTP/1.1" 200
[32mINFO[0m:     [22-04-2024 23:18:12] ::1:51898 - "GET /api/v1/collections/locations?tenant=default_tenant&database=default_database HTTP/1.1" 200
[32mINFO[0m:     [22-04-2024 23:18:12] ::1:51898 - "POST /api/v1/collections/3888debd-350e-4f2a-a6e6-f4ddaa18ea4a/query HTTP/1.1" 200
[32mINFO[0m:     [22-04-2024 23:20:47] ::1:52118 - "GET /api/v1/tenants/default_tenant HTTP/1.1" 200
[32mINFO[0m:     [22-04-2024 23:20:47] ::1:52118 - "GET /api/v1/databases/default_database?tenant=default_tenant HTTP/1.1" 200
[32mINFO[0m:     [22-04-2024 23:20:47] ::1:52119 - "GET /api/v1/collections/locations?tenant=default_tenant&database=default_database HTTP/1.1" 200
[32mINFO[0m:     [22-04-2024 23:20:47] ::1:52119 - "POST /api/v1/collections/3888debd-350e-4f2a-a6e6-f4ddaa18ea4a/query HTTP/1.1" 200
[32mINFO[0m:     [22-04-2024 23:23:00] ::1:52290 - "GET /api/v1/tenants/default_tenant HTTP/1.1" 200
[32mINFO[0m:     [22-04-2024 23:23:00] ::1:52290 - "GET /api/v1/databases/default_database?tenant=default_tenant HTTP/1.1" 200
[32mINFO[0m:     [22-04-2024 23:23:00] ::1:52291 - "GET /api/v1/collections/locations?tenant=default_tenant&database=default_database HTTP/1.1" 200
[32mINFO[0m:     [22-04-2024 23:23:00] ::1:52291 - "POST /api/v1/collections/3888debd-350e-4f2a-a6e6-f4ddaa18ea4a/query HTTP/1.1" 200
[32mINFO[0m:     [22-04-2024 23:24:01] ::1:52377 - "GET /api/v1/tenants/default_tenant HTTP/1.1" 200
[32mINFO[0m:     [22-04-2024 23:24:01] ::1:52377 - "GET /api/v1/databases/default_database?tenant=default_tenant HTTP/1.1" 200
[32mINFO[0m:     [22-04-2024 23:24:01] ::1:52378 - "GET /api/v1/collections/locations?tenant=default_tenant&database=default_database HTTP/1.1" 200
[32mINFO[0m:     [22-04-2024 23:24:01] ::1:52378 - "POST /api/v1/collections/3888debd-350e-4f2a-a6e6-f4ddaa18ea4a/query HTTP/1.1" 200
[32mINFO[0m:     [22-04-2024 23:24:06] ::1:52389 - "GET /api/v1/tenants/default_tenant HTTP/1.1" 200
[32mINFO[0m:     [22-04-2024 23:24:06] ::1:52389 - "GET /api/v1/databases/default_database?tenant=default_tenant HTTP/1.1" 200
[32mINFO[0m:     [22-04-2024 23:24:06] ::1:52390 - "GET /api/v1/collections/locations?tenant=default_tenant&database=default_database HTTP/1.1" 200
[32mINFO[0m:     [22-04-2024 23:24:06] ::1:52390 - "POST /api/v1/collections/3888debd-350e-4f2a-a6e6-f4ddaa18ea4a/query HTTP/1.1" 200
[32mINFO[0m:     [22-04-2024 23:24:33] ::1:52446 - "GET /api/v1/tenants/default_tenant HTTP/1.1" 200
[32mINFO[0m:     [22-04-2024 23:24:33] ::1:52446 - "GET /api/v1/databases/default_database?tenant=default_tenant HTTP/1.1" 200
[32mINFO[0m:     [22-04-2024 23:24:33] ::1:52447 - "GET /api/v1/collections/locations?tenant=default_tenant&database=default_database HTTP/1.1" 200
[32mINFO[0m:     [22-04-2024 23:24:33] ::1:52447 - "POST /api/v1/collections/3888debd-350e-4f2a-a6e6-f4ddaa18ea4a/query HTTP/1.1" 200
[32mINFO[0m:     [22-04-2024 23:26:11] Shutting down
[32mINFO[0m:     [22-04-2024 23:26:12] Waiting for application shutdown.
[36mDEBUG[0m:    [22-04-2024 23:26:12] Stopping component System
[36mDEBUG[0m:    [22-04-2024 23:26:12] Stopping component SegmentAPI
[36mDEBUG[0m:    [22-04-2024 23:26:12] Stopping component PersistentLocalHnswSegment
[36mDEBUG[0m:    [22-04-2024 23:26:12] Stopping component LocalSegmentManager
[36mDEBUG[0m:    [22-04-2024 23:26:12] Stopping component Posthog
[36mDEBUG[0m:    [22-04-2024 23:26:12] Stopping component QuotaEnforcer
[36mDEBUG[0m:    [22-04-2024 23:26:12] Stopping component SqliteDB
[36mDEBUG[0m:    [22-04-2024 23:26:12] Stopping component SimpleAssignmentPolicy
[36mDEBUG[0m:    [22-04-2024 23:26:12] Stopping component OpenTelemetryClient
[32mINFO[0m:     [22-04-2024 23:26:12] Application shutdown complete.
[32mINFO[0m:     [22-04-2024 23:26:12] Finished server process [[36m83912[0m]
[33mWARNING[0m:  [27-04-2024 12:55:51] chroma_server_nofile is not supported on Windows. chroma_server_nofile will not be set.
[32mINFO[0m:     [27-04-2024 12:55:52] Anonymized telemetry enabled. See                     https://docs.trychroma.com/telemetry for more information.
[36mDEBUG[0m:    [27-04-2024 12:55:52] Starting component System
[36mDEBUG[0m:    [27-04-2024 12:55:52] Starting component OpenTelemetryClient
[36mDEBUG[0m:    [27-04-2024 12:55:52] Starting component SimpleAssignmentPolicy
[36mDEBUG[0m:    [27-04-2024 12:55:52] Starting component SqliteDB
[36mDEBUG[0m:    [27-04-2024 12:55:52] Starting component QuotaEnforcer
[36mDEBUG[0m:    [27-04-2024 12:55:52] Starting component Posthog
[36mDEBUG[0m:    [27-04-2024 12:55:52] Starting component LocalSegmentManager
[36mDEBUG[0m:    [27-04-2024 12:55:52] Starting component SegmentAPI
[32mINFO[0m:     [27-04-2024 12:55:52] Started server process [[36m21576[0m]
[32mINFO[0m:     [27-04-2024 12:55:52] Waiting for application startup.
[32mINFO[0m:     [27-04-2024 12:55:52] Application startup complete.
[32mINFO[0m:     [27-04-2024 12:55:52] Uvicorn running on [1mhttp://localhost:8000[0m (Press CTRL+C to quit)
[32mINFO[0m:     [27-04-2024 12:56:10] ::1:52348 - "GET /api/v1/tenants/default_tenant HTTP/1.1" 200
[32mINFO[0m:     [27-04-2024 12:56:10] ::1:52348 - "GET /api/v1/databases/default_database?tenant=default_tenant HTTP/1.1" 200
[32mINFO[0m:     [27-04-2024 12:56:10] ::1:52349 - "GET /api/v1/collections/locations?tenant=default_tenant&database=default_database HTTP/1.1" 200
[32mINFO[0m:     [27-04-2024 12:56:23] ::1:52363 - "GET /api/v1/tenants/default_tenant HTTP/1.1" 200
[32mINFO[0m:     [27-04-2024 12:56:23] ::1:52363 - "GET /api/v1/databases/default_database?tenant=default_tenant HTTP/1.1" 200
[32mINFO[0m:     [27-04-2024 12:56:23] ::1:52364 - "GET /api/v1/collections/locations?tenant=default_tenant&database=default_database HTTP/1.1" 200
[32mINFO[0m:     [27-04-2024 12:56:54] ::1:52447 - "GET /api/v1/tenants/default_tenant HTTP/1.1" 200
[32mINFO[0m:     [27-04-2024 12:56:54] ::1:52447 - "GET /api/v1/databases/default_database?tenant=default_tenant HTTP/1.1" 200
[32mINFO[0m:     [27-04-2024 12:56:54] ::1:52448 - "GET /api/v1/collections/locations?tenant=default_tenant&database=default_database HTTP/1.1" 200
[36mDEBUG[0m:    [27-04-2024 12:56:58] Starting component PersistentLocalHnswSegment
[32mINFO[0m:     [27-04-2024 12:56:58] ::1:52448 - "POST /api/v1/collections/3888debd-350e-4f2a-a6e6-f4ddaa18ea4a/query HTTP/1.1" 200
[32mINFO[0m:     [27-04-2024 12:57:05] ::1:52460 - "GET /api/v1/tenants/default_tenant HTTP/1.1" 200
[32mINFO[0m:     [27-04-2024 12:57:05] ::1:52460 - "GET /api/v1/databases/default_database?tenant=default_tenant HTTP/1.1" 200
[32mINFO[0m:     [27-04-2024 12:57:05] ::1:52461 - "GET /api/v1/collections/locations?tenant=default_tenant&database=default_database HTTP/1.1" 200
[32mINFO[0m:     [27-04-2024 12:57:05] ::1:52461 - "POST /api/v1/collections/3888debd-350e-4f2a-a6e6-f4ddaa18ea4a/query HTTP/1.1" 200
[32mINFO[0m:     [27-04-2024 13:09:24] ::1:53294 - "GET /api/v1/tenants/default_tenant HTTP/1.1" 200
[32mINFO[0m:     [27-04-2024 13:09:24] ::1:53294 - "GET /api/v1/databases/default_database?tenant=default_tenant HTTP/1.1" 200
[32mINFO[0m:     [27-04-2024 13:09:24] ::1:53296 - "GET /api/v1/collections/locations?tenant=default_tenant&database=default_database HTTP/1.1" 200
[32mINFO[0m:     [27-04-2024 13:09:24] ::1:53296 - "POST /api/v1/collections/3888debd-350e-4f2a-a6e6-f4ddaa18ea4a/query HTTP/1.1" 200
[32mINFO[0m:     [27-04-2024 13:09:45] ::1:53321 - "GET /api/v1/tenants/default_tenant HTTP/1.1" 200
[32mINFO[0m:     [27-04-2024 13:09:45] ::1:53321 - "GET /api/v1/databases/default_database?tenant=default_tenant HTTP/1.1" 200
[32mINFO[0m:     [27-04-2024 13:09:45] ::1:53322 - "GET /api/v1/collections/locations?tenant=default_tenant&database=default_database HTTP/1.1" 200
[32mINFO[0m:     [27-04-2024 13:09:56] ::1:53340 - "GET /api/v1/tenants/default_tenant HTTP/1.1" 200
[32mINFO[0m:     [27-04-2024 13:09:56] ::1:53340 - "GET /api/v1/databases/default_database?tenant=default_tenant HTTP/1.1" 200
[32mINFO[0m:     [27-04-2024 13:09:56] ::1:53341 - "GET /api/v1/collections/locations?tenant=default_tenant&database=default_database HTTP/1.1" 200
[32mINFO[0m:     [27-04-2024 13:09:56] ::1:53341 - "POST /api/v1/collections/3888debd-350e-4f2a-a6e6-f4ddaa18ea4a/query HTTP/1.1" 200
[32mINFO[0m:     [27-04-2024 13:10:25] ::1:53376 - "GET /api/v1/tenants/default_tenant HTTP/1.1" 200
[32mINFO[0m:     [27-04-2024 13:10:25] ::1:53376 - "GET /api/v1/databases/default_database?tenant=default_tenant HTTP/1.1" 200
[32mINFO[0m:     [27-04-2024 13:10:25] ::1:53377 - "GET /api/v1/collections/locations?tenant=default_tenant&database=default_database HTTP/1.1" 200
[32mINFO[0m:     [27-04-2024 13:10:26] ::1:53377 - "POST /api/v1/collections/3888debd-350e-4f2a-a6e6-f4ddaa18ea4a/query HTTP/1.1" 200
[32mINFO[0m:     [27-04-2024 13:12:03] ::1:53533 - "GET /api/v1/tenants/default_tenant HTTP/1.1" 200
[32mINFO[0m:     [27-04-2024 13:12:03] ::1:53533 - "GET /api/v1/databases/default_database?tenant=default_tenant HTTP/1.1" 200
[32mINFO[0m:     [27-04-2024 13:12:03] ::1:53534 - "GET /api/v1/collections/locations?tenant=default_tenant&database=default_database HTTP/1.1" 200
[32mINFO[0m:     [27-04-2024 13:12:04] ::1:53534 - "POST /api/v1/collections/3888debd-350e-4f2a-a6e6-f4ddaa18ea4a/query HTTP/1.1" 200
[32mINFO[0m:     [29-04-2024 22:22:39] ::1:52766 - "GET /api/v1/tenants/default_tenant HTTP/1.1" 200
[32mINFO[0m:     [29-04-2024 22:22:39] ::1:52766 - "GET /api/v1/databases/default_database?tenant=default_tenant HTTP/1.1" 200
[32mINFO[0m:     [29-04-2024 22:22:39] ::1:52767 - "GET /api/v1/collections/locations?tenant=default_tenant&database=default_database HTTP/1.1" 200
[32mINFO[0m:     [29-04-2024 22:29:51] ::1:53390 - "GET /api/v1/tenants/default_tenant HTTP/1.1" 200
[32mINFO[0m:     [29-04-2024 22:29:51] ::1:53390 - "GET /api/v1/databases/default_database?tenant=default_tenant HTTP/1.1" 200
[32mINFO[0m:     [29-04-2024 22:29:51] ::1:53391 - "GET /api/v1/collections/locations?tenant=default_tenant&database=default_database HTTP/1.1" 200
[32mINFO[0m:     [29-04-2024 22:29:56] ::1:53391 - "POST /api/v1/collections/3888debd-350e-4f2a-a6e6-f4ddaa18ea4a/query HTTP/1.1" 200
[32mINFO[0m:     [29-04-2024 22:31:13] ::1:53506 - "GET /api/v1/tenants/default_tenant HTTP/1.1" 200
[32mINFO[0m:     [29-04-2024 22:31:13] ::1:53506 - "GET /api/v1/databases/default_database?tenant=default_tenant HTTP/1.1" 200
[32mINFO[0m:     [29-04-2024 22:31:13] ::1:53507 - "GET /api/v1/collections/locations?tenant=default_tenant&database=default_database HTTP/1.1" 200
[32mINFO[0m:     [29-04-2024 22:31:13] ::1:53507 - "POST /api/v1/collections/3888debd-350e-4f2a-a6e6-f4ddaa18ea4a/query HTTP/1.1" 200
